ARM GAS  /tmp/cc3Iuoms.s 			page 1


   1              		.syntax unified
   2              		.cpu cortex-m4
   3              		.fpu softvfp
   4              		.eabi_attribute 20, 1
   5              		.eabi_attribute 21, 1
   6              		.eabi_attribute 23, 3
   7              		.eabi_attribute 24, 1
   8              		.eabi_attribute 25, 1
   9              		.eabi_attribute 26, 1
  10              		.eabi_attribute 30, 2
  11              		.eabi_attribute 34, 1
  12              		.eabi_attribute 18, 4
  13              		.thumb
  14              		.file	"chcore.c"
  15              		.text
  16              	.Ltext0:
  17              		.cfi_sections	.debug_frame
  18              		.section	.text.port_halt,"ax",%progbits
  19              		.align	2
  20              		.p2align 4,,15
  21              		.weak	port_halt
  22              		.thumb
  23              		.thumb_func
  24              		.type	port_halt, %function
  25              	port_halt:
  26              	.LFB7:
  27              		.file 1 "./ChibiOS/os/ports/GCC/ARMCMx/chcore.c"
  28              		.loc 1 39 0
  29              		.cfi_startproc
  30              		@ args = 0, pretend = 0, frame = 0
  31              		@ frame_needed = 0, uses_anonymous_args = 0
  32              		@ link register save eliminated.
  33              		.loc 1 41 0
  34              	@ 41 "./ChibiOS/os/ports/GCC/ARMCMx/chcore.c" 1
  35 0000 72B6     		cpsid   i
  36              	@ 0 "" 2
  37              		.thumb
  38              	.L2:
  39 0002 FEE7     		b	.L2
  40              		.cfi_endproc
  41              	.LFE7:
  42              		.size	port_halt, .-port_halt
  43 0004 AFF30080 		.text
  43      AFF30080 
  43      AFF30080 
  44              	.Letext0:
  45              		.section	.debug_info,"",%progbits
  46              	.Ldebug_info0:
  47 0000 96000000 		.4byte	0x96
  48 0004 0200     		.2byte	0x2
  49 0006 00000000 		.4byte	.Ldebug_abbrev0
  50 000a 04       		.byte	0x4
  51 000b 01       		.uleb128 0x1
  52 000c 1B000000 		.4byte	.LASF12
  53 0010 01       		.byte	0x1
  54 0011 B9000000 		.4byte	.LASF13
  55 0015 64000000 		.4byte	.LASF14
ARM GAS  /tmp/cc3Iuoms.s 			page 2


  56 0019 00000000 		.4byte	.Ldebug_ranges0+0
  57 001d 00000000 		.4byte	0
  58 0021 00000000 		.4byte	0
  59 0025 00000000 		.4byte	.Ldebug_line0
  60 0029 02       		.uleb128 0x2
  61 002a 04       		.byte	0x4
  62 002b 05       		.byte	0x5
  63 002c 696E7400 		.ascii	"int\000"
  64 0030 03       		.uleb128 0x3
  65 0031 04       		.byte	0x4
  66 0032 07       		.byte	0x7
  67 0033 0E000000 		.4byte	.LASF0
  68 0037 03       		.uleb128 0x3
  69 0038 01       		.byte	0x1
  70 0039 06       		.byte	0x6
  71 003a 15010000 		.4byte	.LASF1
  72 003e 03       		.uleb128 0x3
  73 003f 01       		.byte	0x1
  74 0040 08       		.byte	0x8
  75 0041 E0000000 		.4byte	.LASF2
  76 0045 03       		.uleb128 0x3
  77 0046 02       		.byte	0x2
  78 0047 05       		.byte	0x5
  79 0048 2B010000 		.4byte	.LASF3
  80 004c 03       		.uleb128 0x3
  81 004d 02       		.byte	0x2
  82 004e 07       		.byte	0x7
  83 004f 02010000 		.4byte	.LASF4
  84 0053 03       		.uleb128 0x3
  85 0054 04       		.byte	0x4
  86 0055 05       		.byte	0x5
  87 0056 F3000000 		.4byte	.LASF5
  88 005a 03       		.uleb128 0x3
  89 005b 04       		.byte	0x4
  90 005c 07       		.byte	0x7
  91 005d 90000000 		.4byte	.LASF6
  92 0061 03       		.uleb128 0x3
  93 0062 08       		.byte	0x8
  94 0063 05       		.byte	0x5
  95 0064 00000000 		.4byte	.LASF7
  96 0068 03       		.uleb128 0x3
  97 0069 08       		.byte	0x8
  98 006a 07       		.byte	0x7
  99 006b A2000000 		.4byte	.LASF8
 100 006f 03       		.uleb128 0x3
 101 0070 01       		.byte	0x1
 102 0071 02       		.byte	0x2
 103 0072 FC000000 		.4byte	.LASF9
 104 0076 03       		.uleb128 0x3
 105 0077 04       		.byte	0x4
 106 0078 07       		.byte	0x7
 107 0079 35010000 		.4byte	.LASF10
 108 007d 03       		.uleb128 0x3
 109 007e 01       		.byte	0x1
 110 007f 08       		.byte	0x8
 111 0080 EE000000 		.4byte	.LASF11
 112 0084 04       		.uleb128 0x4
ARM GAS  /tmp/cc3Iuoms.s 			page 3


 113 0085 01       		.byte	0x1
 114 0086 21010000 		.4byte	.LASF15
 115 008a 01       		.byte	0x1
 116 008b 27       		.byte	0x27
 117 008c 01       		.byte	0x1
 118 008d 00000000 		.4byte	.LFB7
 119 0091 04000000 		.4byte	.LFE7
 120 0095 02       		.byte	0x2
 121 0096 7D       		.byte	0x7d
 122 0097 00       		.sleb128 0
 123 0098 01       		.byte	0x1
 124 0099 00       		.byte	0
 125              		.section	.debug_abbrev,"",%progbits
 126              	.Ldebug_abbrev0:
 127 0000 01       		.uleb128 0x1
 128 0001 11       		.uleb128 0x11
 129 0002 01       		.byte	0x1
 130 0003 25       		.uleb128 0x25
 131 0004 0E       		.uleb128 0xe
 132 0005 13       		.uleb128 0x13
 133 0006 0B       		.uleb128 0xb
 134 0007 03       		.uleb128 0x3
 135 0008 0E       		.uleb128 0xe
 136 0009 1B       		.uleb128 0x1b
 137 000a 0E       		.uleb128 0xe
 138 000b 55       		.uleb128 0x55
 139 000c 06       		.uleb128 0x6
 140 000d 11       		.uleb128 0x11
 141 000e 01       		.uleb128 0x1
 142 000f 52       		.uleb128 0x52
 143 0010 01       		.uleb128 0x1
 144 0011 10       		.uleb128 0x10
 145 0012 06       		.uleb128 0x6
 146 0013 00       		.byte	0
 147 0014 00       		.byte	0
 148 0015 02       		.uleb128 0x2
 149 0016 24       		.uleb128 0x24
 150 0017 00       		.byte	0
 151 0018 0B       		.uleb128 0xb
 152 0019 0B       		.uleb128 0xb
 153 001a 3E       		.uleb128 0x3e
 154 001b 0B       		.uleb128 0xb
 155 001c 03       		.uleb128 0x3
 156 001d 08       		.uleb128 0x8
 157 001e 00       		.byte	0
 158 001f 00       		.byte	0
 159 0020 03       		.uleb128 0x3
 160 0021 24       		.uleb128 0x24
 161 0022 00       		.byte	0
 162 0023 0B       		.uleb128 0xb
 163 0024 0B       		.uleb128 0xb
 164 0025 3E       		.uleb128 0x3e
 165 0026 0B       		.uleb128 0xb
 166 0027 03       		.uleb128 0x3
 167 0028 0E       		.uleb128 0xe
 168 0029 00       		.byte	0
 169 002a 00       		.byte	0
ARM GAS  /tmp/cc3Iuoms.s 			page 4


 170 002b 04       		.uleb128 0x4
 171 002c 2E       		.uleb128 0x2e
 172 002d 00       		.byte	0
 173 002e 3F       		.uleb128 0x3f
 174 002f 0C       		.uleb128 0xc
 175 0030 03       		.uleb128 0x3
 176 0031 0E       		.uleb128 0xe
 177 0032 3A       		.uleb128 0x3a
 178 0033 0B       		.uleb128 0xb
 179 0034 3B       		.uleb128 0x3b
 180 0035 0B       		.uleb128 0xb
 181 0036 27       		.uleb128 0x27
 182 0037 0C       		.uleb128 0xc
 183 0038 11       		.uleb128 0x11
 184 0039 01       		.uleb128 0x1
 185 003a 12       		.uleb128 0x12
 186 003b 01       		.uleb128 0x1
 187 003c 40       		.uleb128 0x40
 188 003d 0A       		.uleb128 0xa
 189 003e 9742     		.uleb128 0x2117
 190 0040 0C       		.uleb128 0xc
 191 0041 00       		.byte	0
 192 0042 00       		.byte	0
 193 0043 00       		.byte	0
 194              		.section	.debug_aranges,"",%progbits
 195 0000 1C000000 		.4byte	0x1c
 196 0004 0200     		.2byte	0x2
 197 0006 00000000 		.4byte	.Ldebug_info0
 198 000a 04       		.byte	0x4
 199 000b 00       		.byte	0
 200 000c 0000     		.2byte	0
 201 000e 0000     		.2byte	0
 202 0010 00000000 		.4byte	.LFB7
 203 0014 04000000 		.4byte	.LFE7-.LFB7
 204 0018 00000000 		.4byte	0
 205 001c 00000000 		.4byte	0
 206              		.section	.debug_ranges,"",%progbits
 207              	.Ldebug_ranges0:
 208 0000 00000000 		.4byte	.LFB7
 209 0004 04000000 		.4byte	.LFE7
 210 0008 00000000 		.4byte	0
 211 000c 00000000 		.4byte	0
 212              		.section	.debug_line,"",%progbits
 213              	.Ldebug_line0:
 214 0000 53000000 		.section	.debug_str,"MS",%progbits,1
 214      02003D00 
 214      00000201 
 214      FB0E0D00 
 214      01010101 
 215              	.LASF7:
 216 0000 6C6F6E67 		.ascii	"long long int\000"
 216      206C6F6E 
 216      6720696E 
 216      7400
 217              	.LASF0:
 218 000e 756E7369 		.ascii	"unsigned int\000"
 218      676E6564 
ARM GAS  /tmp/cc3Iuoms.s 			page 5


 218      20696E74 
 218      00
 219              	.LASF12:
 220 001b 474E5520 		.ascii	"GNU C 4.7.3 20130312 (release) [ARM/embedded-4_7-br"
 220      4320342E 
 220      372E3320 
 220      32303133 
 220      30333132 
 221 004e 616E6368 		.ascii	"anch revision 196615]\000"
 221      20726576 
 221      6973696F 
 221      6E203139 
 221      36363135 
 222              	.LASF14:
 223 0064 2F686F6D 		.ascii	"/home/thiago/Sources/STM32/STM32F4-Template\000"
 223      652F7468 
 223      6961676F 
 223      2F536F75 
 223      72636573 
 224              	.LASF6:
 225 0090 6C6F6E67 		.ascii	"long unsigned int\000"
 225      20756E73 
 225      69676E65 
 225      6420696E 
 225      7400
 226              	.LASF8:
 227 00a2 6C6F6E67 		.ascii	"long long unsigned int\000"
 227      206C6F6E 
 227      6720756E 
 227      7369676E 
 227      65642069 
 228              	.LASF13:
 229 00b9 2E2F4368 		.ascii	"./ChibiOS/os/ports/GCC/ARMCMx/chcore.c\000"
 229      6962694F 
 229      532F6F73 
 229      2F706F72 
 229      74732F47 
 230              	.LASF2:
 231 00e0 756E7369 		.ascii	"unsigned char\000"
 231      676E6564 
 231      20636861 
 231      7200
 232              	.LASF11:
 233 00ee 63686172 		.ascii	"char\000"
 233      00
 234              	.LASF5:
 235 00f3 6C6F6E67 		.ascii	"long int\000"
 235      20696E74 
 235      00
 236              	.LASF9:
 237 00fc 5F426F6F 		.ascii	"_Bool\000"
 237      6C00
 238              	.LASF4:
 239 0102 73686F72 		.ascii	"short unsigned int\000"
 239      7420756E 
 239      7369676E 
 239      65642069 
ARM GAS  /tmp/cc3Iuoms.s 			page 6


 239      6E7400
 240              	.LASF1:
 241 0115 7369676E 		.ascii	"signed char\000"
 241      65642063 
 241      68617200 
 242              	.LASF15:
 243 0121 706F7274 		.ascii	"port_halt\000"
 243      5F68616C 
 243      7400
 244              	.LASF3:
 245 012b 73686F72 		.ascii	"short int\000"
 245      7420696E 
 245      7400
 246              	.LASF10:
 247 0135 73697A65 		.ascii	"sizetype\000"
 247      74797065 
 247      00
 248              		.ident	"GCC: (GNU Tools for ARM Embedded Processors) 4.7.3 20130312 (release) [ARM/embedded-4_7-br
ARM GAS  /tmp/cc3Iuoms.s 			page 7


DEFINED SYMBOLS
                            *ABS*:0000000000000000 chcore.c
     /tmp/cc3Iuoms.s:19     .text.port_halt:0000000000000000 $t
     /tmp/cc3Iuoms.s:25     .text.port_halt:0000000000000000 port_halt
                     .debug_frame:0000000000000010 $d

NO UNDEFINED SYMBOLS
