ARM GAS  /tmp/ccXRlkSG.s 			page 1


   1              		.syntax unified
   2              		.cpu cortex-m4
   3              		.fpu softvfp
   4              		.eabi_attribute 20, 1
   5              		.eabi_attribute 21, 1
   6              		.eabi_attribute 23, 3
   7              		.eabi_attribute 24, 1
   8              		.eabi_attribute 25, 1
   9              		.eabi_attribute 26, 1
  10              		.eabi_attribute 30, 2
  11              		.eabi_attribute 34, 1
  12              		.eabi_attribute 18, 4
  13              		.thumb
  14              		.file	"lis302dl.c"
  15              		.text
  16              	.Ltext0:
  17              		.cfi_sections	.debug_frame
  18              		.section	.text.lis302dlReadRegister,"ax",%progbits
  19              		.align	2
  20              		.p2align 4,,15
  21              		.global	lis302dlReadRegister
  22              		.thumb
  23              		.thumb_func
  24              		.type	lis302dlReadRegister, %function
  25              	lis302dlReadRegister:
  26              	.LFB118:
  27              		.file 1 "./ChibiOS/os/various/devices_lib/accel/lis302dl.c"
  28              		.loc 1 60 0
  29              		.cfi_startproc
  30              		@ args = 0, pretend = 0, frame = 0
  31              		@ frame_needed = 0, uses_anonymous_args = 0
  32              	.LVL0:
  33 0000 F8B5     		push	{r3, r4, r5, r6, r7, lr}
  34              	.LCFI0:
  35              		.cfi_def_cfa_offset 24
  36              		.cfi_offset 3, -24
  37              		.cfi_offset 4, -20
  38              		.cfi_offset 5, -16
  39              		.cfi_offset 6, -12
  40              		.cfi_offset 7, -8
  41              		.cfi_offset 14, -4
  42              		.loc 1 63 0
  43 0002 40F20004 		movw	r4, #:lower16:.LANCHOR0
  44 0006 C0F20004 		movt	r4, #:upper16:.LANCHOR0
  45              		.loc 1 60 0
  46 000a 0F46     		mov	r7, r1
  47              		.loc 1 65 0
  48 000c 40F20005 		movw	r5, #:lower16:.LANCHOR1
  49              		.loc 1 60 0
  50 0010 0646     		mov	r6, r0
  51              		.loc 1 65 0
  52 0012 C0F20005 		movt	r5, #:upper16:.LANCHOR1
  53              		.loc 1 63 0
  54 0016 67F07F07 		orn	r7, r7, #127
  55              		.loc 1 62 0
  56 001a FFF7FEFF 		bl	spiSelect
  57              	.LVL1:
ARM GAS  /tmp/ccXRlkSG.s 			page 2


  58              		.loc 1 65 0
  59 001e 0221     		movs	r1, #2
  60 0020 2246     		mov	r2, r4
  61 0022 2B46     		mov	r3, r5
  62 0024 3046     		mov	r0, r6
  63              		.loc 1 63 0
  64 0026 2770     		strb	r7, [r4, #0]
  65              		.loc 1 64 0
  66 0028 FF27     		movs	r7, #255
  67 002a 6770     		strb	r7, [r4, #1]
  68              		.loc 1 65 0
  69 002c FFF7FEFF 		bl	spiExchange
  70              	.LVL2:
  71              		.loc 1 66 0
  72 0030 3046     		mov	r0, r6
  73 0032 FFF7FEFF 		bl	spiUnselect
  74              	.LVL3:
  75              		.loc 1 68 0
  76 0036 6878     		ldrb	r0, [r5, #1]	@ zero_extendqisi2
  77 0038 F8BD     		pop	{r3, r4, r5, r6, r7, pc}
  78              		.cfi_endproc
  79              	.LFE118:
  80              		.size	lis302dlReadRegister, .-lis302dlReadRegister
  81 003a 00BFAFF3 		.section	.text.lis302dlWriteRegister,"ax",%progbits
  81      0080
  82              		.align	2
  83              		.p2align 4,,15
  84              		.global	lis302dlWriteRegister
  85              		.thumb
  86              		.thumb_func
  87              		.type	lis302dlWriteRegister, %function
  88              	lis302dlWriteRegister:
  89              	.LFB119:
  90              		.loc 1 78 0
  91              		.cfi_startproc
  92              		@ args = 0, pretend = 0, frame = 0
  93              		@ frame_needed = 0, uses_anonymous_args = 0
  94              	.LVL4:
  95 0000 F8B5     		push	{r3, r4, r5, r6, r7, lr}
  96              	.LCFI1:
  97              		.cfi_def_cfa_offset 24
  98              		.cfi_offset 3, -24
  99              		.cfi_offset 4, -20
 100              		.cfi_offset 5, -16
 101              		.cfi_offset 6, -12
 102              		.cfi_offset 7, -8
 103              		.cfi_offset 14, -4
 104              		.loc 1 80 0
 105 0002 A1F12003 		sub	r3, r1, #32
 106              		.loc 1 78 0
 107 0006 0D46     		mov	r5, r1
 108              		.loc 1 80 0
 109 0008 D9B2     		uxtb	r1, r3
 110              	.LVL5:
 111 000a 1F29     		cmp	r1, #31
 112              		.loc 1 78 0
 113 000c 0646     		mov	r6, r0
ARM GAS  /tmp/ccXRlkSG.s 			page 3


 114 000e 1746     		mov	r7, r2
 115              		.loc 1 80 0
 116 0010 17D8     		bhi	.L2
 117 0012 5BB2     		sxtb	r3, r3
 118 0014 0724     		movs	r4, #7
 119 0016 0122     		movs	r2, #1
 120              	.LVL6:
 121 0018 02FA03F1 		lsl	r1, r2, r3
 122 001c CFF6DD14 		movt	r4, 63965
 123 0020 0C40     		ands	r4, r4, r1
 124 0022 74B1     		cbz	r4, .L2
 125              		.loc 1 111 0
 126 0024 FFF7FEFF 		bl	spiSelect
 127              	.LVL7:
 128              		.loc 1 112 0
 129 0028 064B     		ldr	r3, .L6
 130              		.loc 1 114 0
 131 002a 3046     		mov	r0, r6
 132 002c 0221     		movs	r1, #2
 133 002e 1A46     		mov	r2, r3
 134              		.loc 1 112 0
 135 0030 1D70     		strb	r5, [r3, #0]
 136              		.loc 1 113 0
 137 0032 5F70     		strb	r7, [r3, #1]
 138              		.loc 1 114 0
 139 0034 FFF7FEFF 		bl	spiSend
 140              	.LVL8:
 141              		.loc 1 115 0
 142 0038 3046     		mov	r0, r6
 143              		.loc 1 117 0
 144 003a BDE8F840 		pop	{r3, r4, r5, r6, r7, lr}
 145              		.loc 1 115 0
 146 003e FFF7FEBF 		b	spiUnselect
 147              	.LVL9:
 148              	.L2:
 149 0042 F8BD     		pop	{r3, r4, r5, r6, r7, pc}
 150              	.L7:
 151              		.align	2
 152              	.L6:
 153 0044 00000000 		.word	.LANCHOR0
 154              		.cfi_endproc
 155              	.LFE119:
 156              		.size	lis302dlWriteRegister, .-lis302dlWriteRegister
 157 0048 AFF30080 		.section	.bss.rxbuf,"aw",%nobits
 157      AFF30080 
 158              		.align	2
 159              		.set	.LANCHOR1,. + 0
 160              		.type	rxbuf, %object
 161              		.size	rxbuf, 2
 162              	rxbuf:
 163 0000 0000     		.space	2
 164 0002 0000     		.section	.bss.txbuf,"aw",%nobits
 165              		.align	2
 166              		.set	.LANCHOR0,. + 0
 167              		.type	txbuf, %object
 168              		.size	txbuf, 2
 169              	txbuf:
ARM GAS  /tmp/ccXRlkSG.s 			page 4


 170 0000 0000     		.space	2
 171 0002 0000     		.text
 172              	.Letext0:
 173              		.file 2 "/usr/bin/../lib/gcc/arm-none-eabi/4.7.3/include/stddef.h"
 174              		.file 3 "/usr/bin/../lib/gcc/arm-none-eabi/4.7.3/../../../../arm-none-eabi/include/stdint.h"
 175              		.file 4 "./ChibiOS/os/ports/GCC/ARMCMx/chtypes.h"
 176              		.file 5 "./ChibiOS/os/kernel/include/chlists.h"
 177              		.file 6 "./ChibiOS/os/kernel/include/chthreads.h"
 178              		.file 7 "./ChibiOS/os/ports/GCC/ARMCMx/chcore_v7m.h"
 179              		.file 8 "./ChibiOS/os/kernel/include/chmtx.h"
 180              		.file 9 "./ChibiOS/os/hal/platforms/STM32F4xx/stm32f4xx.h"
 181              		.file 10 "./ChibiOS/os/hal/platforms/STM32F4xx/stm32_dma.h"
 182              		.file 11 "./ChibiOS/os/hal/platforms/STM32/GPIOv2/pal_lld.h"
 183              		.file 12 "./ChibiOS/os/hal/include/spi.h"
 184              		.file 13 "./ChibiOS/os/hal/platforms/STM32/SPIv1/spi_lld.h"
 185              		.file 14 "./ChibiOS/os/ports/common/ARMCMx/CMSIS/include/core_cm4.h"
 186              		.section	.debug_info,"",%progbits
 187              	.Ldebug_info0:
 188 0000 0F0A0000 		.4byte	0xa0f
 189 0004 0200     		.2byte	0x2
 190 0006 00000000 		.4byte	.Ldebug_abbrev0
 191 000a 04       		.byte	0x4
 192 000b 01       		.uleb128 0x1
 193 000c E5020000 		.4byte	.LASF121
 194 0010 01       		.byte	0x1
 195 0011 C9040000 		.4byte	.LASF122
 196 0015 06000000 		.4byte	.LASF123
 197 0019 00000000 		.4byte	.Ldebug_ranges0+0
 198 001d 00000000 		.4byte	0
 199 0021 00000000 		.4byte	0
 200 0025 00000000 		.4byte	.Ldebug_line0
 201 0029 02       		.uleb128 0x2
 202 002a 04       		.byte	0x4
 203 002b 05       		.byte	0x5
 204 002c 696E7400 		.ascii	"int\000"
 205 0030 03       		.uleb128 0x3
 206 0031 33000000 		.4byte	.LASF2
 207 0035 02       		.byte	0x2
 208 0036 D5       		.byte	0xd5
 209 0037 3B000000 		.4byte	0x3b
 210 003b 04       		.uleb128 0x4
 211 003c 04       		.byte	0x4
 212 003d 07       		.byte	0x7
 213 003e CC010000 		.4byte	.LASF0
 214 0042 04       		.uleb128 0x4
 215 0043 01       		.byte	0x1
 216 0044 06       		.byte	0x6
 217 0045 F2000000 		.4byte	.LASF1
 218 0049 03       		.uleb128 0x3
 219 004a 9E040000 		.4byte	.LASF3
 220 004e 03       		.byte	0x3
 221 004f 2A       		.byte	0x2a
 222 0050 54000000 		.4byte	0x54
 223 0054 04       		.uleb128 0x4
 224 0055 01       		.byte	0x1
 225 0056 08       		.byte	0x8
 226 0057 42030000 		.4byte	.LASF4
ARM GAS  /tmp/ccXRlkSG.s 			page 5


 227 005b 04       		.uleb128 0x4
 228 005c 02       		.byte	0x2
 229 005d 05       		.byte	0x5
 230 005e 6D030000 		.4byte	.LASF5
 231 0062 03       		.uleb128 0x3
 232 0063 53010000 		.4byte	.LASF6
 233 0067 03       		.byte	0x3
 234 0068 36       		.byte	0x36
 235 0069 6D000000 		.4byte	0x6d
 236 006d 04       		.uleb128 0x4
 237 006e 02       		.byte	0x2
 238 006f 07       		.byte	0x7
 239 0070 F6010000 		.4byte	.LASF7
 240 0074 03       		.uleb128 0x3
 241 0075 3A030000 		.4byte	.LASF8
 242 0079 03       		.byte	0x3
 243 007a 4F       		.byte	0x4f
 244 007b 7F000000 		.4byte	0x7f
 245 007f 04       		.uleb128 0x4
 246 0080 04       		.byte	0x4
 247 0081 05       		.byte	0x5
 248 0082 3A010000 		.4byte	.LASF9
 249 0086 03       		.uleb128 0x3
 250 0087 C0030000 		.4byte	.LASF10
 251 008b 03       		.byte	0x3
 252 008c 50       		.byte	0x50
 253 008d 91000000 		.4byte	0x91
 254 0091 04       		.uleb128 0x4
 255 0092 04       		.byte	0x4
 256 0093 07       		.byte	0x7
 257 0094 D1030000 		.4byte	.LASF11
 258 0098 04       		.uleb128 0x4
 259 0099 08       		.byte	0x8
 260 009a 05       		.byte	0x5
 261 009b E4000000 		.4byte	.LASF12
 262 009f 04       		.uleb128 0x4
 263 00a0 08       		.byte	0x8
 264 00a1 07       		.byte	0x7
 265 00a2 60000000 		.4byte	.LASF13
 266 00a6 04       		.uleb128 0x4
 267 00a7 01       		.byte	0x1
 268 00a8 02       		.byte	0x2
 269 00a9 34030000 		.4byte	.LASF14
 270 00ad 03       		.uleb128 0x3
 271 00ae 0F020000 		.4byte	.LASF15
 272 00b2 04       		.byte	0x4
 273 00b3 25       		.byte	0x25
 274 00b4 49000000 		.4byte	0x49
 275 00b8 03       		.uleb128 0x3
 276 00b9 43010000 		.4byte	.LASF16
 277 00bd 04       		.byte	0x4
 278 00be 26       		.byte	0x26
 279 00bf 49000000 		.4byte	0x49
 280 00c3 03       		.uleb128 0x3
 281 00c4 C9030000 		.4byte	.LASF17
 282 00c8 04       		.byte	0x4
 283 00c9 27       		.byte	0x27
ARM GAS  /tmp/ccXRlkSG.s 			page 6


 284 00ca 49000000 		.4byte	0x49
 285 00ce 03       		.uleb128 0x3
 286 00cf 1C010000 		.4byte	.LASF18
 287 00d3 04       		.byte	0x4
 288 00d4 28       		.byte	0x28
 289 00d5 49000000 		.4byte	0x49
 290 00d9 03       		.uleb128 0x3
 291 00da DD020000 		.4byte	.LASF19
 292 00de 04       		.byte	0x4
 293 00df 29       		.byte	0x29
 294 00e0 86000000 		.4byte	0x86
 295 00e4 03       		.uleb128 0x3
 296 00e5 09020000 		.4byte	.LASF20
 297 00e9 04       		.byte	0x4
 298 00ea 2A       		.byte	0x2a
 299 00eb 74000000 		.4byte	0x74
 300 00ef 03       		.uleb128 0x3
 301 00f0 23020000 		.4byte	.LASF21
 302 00f4 04       		.byte	0x4
 303 00f5 2C       		.byte	0x2c
 304 00f6 86000000 		.4byte	0x86
 305 00fa 03       		.uleb128 0x3
 306 00fb 1A040000 		.4byte	.LASF22
 307 00ff 04       		.byte	0x4
 308 0100 2E       		.byte	0x2e
 309 0101 86000000 		.4byte	0x86
 310 0105 03       		.uleb128 0x3
 311 0106 9F030000 		.4byte	.LASF23
 312 010a 05       		.byte	0x5
 313 010b 23       		.byte	0x23
 314 010c 10010000 		.4byte	0x110
 315 0110 05       		.uleb128 0x5
 316 0111 9F030000 		.4byte	.LASF23
 317 0115 48       		.byte	0x48
 318 0116 06       		.byte	0x6
 319 0117 57       		.byte	0x57
 320 0118 35020000 		.4byte	0x235
 321 011c 06       		.uleb128 0x6
 322 011d 90030000 		.4byte	.LASF24
 323 0121 06       		.byte	0x6
 324 0122 58       		.byte	0x58
 325 0123 5A020000 		.4byte	0x25a
 326 0127 02       		.byte	0x2
 327 0128 23       		.byte	0x23
 328 0129 00       		.uleb128 0
 329 012a 06       		.uleb128 0x6
 330 012b B8020000 		.4byte	.LASF25
 331 012f 06       		.byte	0x6
 332 0130 5A       		.byte	0x5a
 333 0131 5A020000 		.4byte	0x25a
 334 0135 02       		.byte	0x2
 335 0136 23       		.byte	0x23
 336 0137 04       		.uleb128 0x4
 337 0138 06       		.uleb128 0x6
 338 0139 D7000000 		.4byte	.LASF26
 339 013d 06       		.byte	0x6
 340 013e 5C       		.byte	0x5c
ARM GAS  /tmp/ccXRlkSG.s 			page 7


 341 013f D9000000 		.4byte	0xd9
 342 0143 02       		.byte	0x2
 343 0144 23       		.byte	0x23
 344 0145 08       		.uleb128 0x8
 345 0146 06       		.uleb128 0x6
 346 0147 03050000 		.4byte	.LASF27
 347 014b 06       		.byte	0x6
 348 014c 5D       		.byte	0x5d
 349 014d 28030000 		.4byte	0x328
 350 0151 02       		.byte	0x2
 351 0152 23       		.byte	0x23
 352 0153 0C       		.uleb128 0xc
 353 0154 06       		.uleb128 0x6
 354 0155 63010000 		.4byte	.LASF28
 355 0159 06       		.byte	0x6
 356 015a 5F       		.byte	0x5f
 357 015b 5A020000 		.4byte	0x25a
 358 015f 02       		.byte	0x2
 359 0160 23       		.byte	0x23
 360 0161 10       		.uleb128 0x10
 361 0162 06       		.uleb128 0x6
 362 0163 56020000 		.4byte	.LASF29
 363 0167 06       		.byte	0x6
 364 0168 60       		.byte	0x60
 365 0169 5A020000 		.4byte	0x25a
 366 016d 02       		.byte	0x2
 367 016e 23       		.byte	0x23
 368 016f 14       		.uleb128 0x14
 369 0170 06       		.uleb128 0x6
 370 0171 B2040000 		.4byte	.LASF30
 371 0175 06       		.byte	0x6
 372 0176 67       		.byte	0x67
 373 0177 D9030000 		.4byte	0x3d9
 374 017b 02       		.byte	0x2
 375 017c 23       		.byte	0x23
 376 017d 18       		.uleb128 0x18
 377 017e 06       		.uleb128 0x6
 378 017f 77030000 		.4byte	.LASF31
 379 0183 06       		.byte	0x6
 380 0184 72       		.byte	0x72
 381 0185 B8000000 		.4byte	0xb8
 382 0189 02       		.byte	0x2
 383 018a 23       		.byte	0x23
 384 018b 1C       		.uleb128 0x1c
 385 018c 06       		.uleb128 0x6
 386 018d 97030000 		.4byte	.LASF32
 387 0191 06       		.byte	0x6
 388 0192 76       		.byte	0x76
 389 0193 AD000000 		.4byte	0xad
 390 0197 02       		.byte	0x2
 391 0198 23       		.byte	0x23
 392 0199 1D       		.uleb128 0x1d
 393 019a 06       		.uleb128 0x6
 394 019b 90040000 		.4byte	.LASF33
 395 019f 06       		.byte	0x6
 396 01a0 7B       		.byte	0x7b
 397 01a1 C3000000 		.4byte	0xc3
ARM GAS  /tmp/ccXRlkSG.s 			page 8


 398 01a5 02       		.byte	0x2
 399 01a6 23       		.byte	0x23
 400 01a7 1E       		.uleb128 0x1e
 401 01a8 06       		.uleb128 0x6
 402 01a9 7F030000 		.4byte	.LASF34
 403 01ad 06       		.byte	0x6
 404 01ae 81       		.byte	0x81
 405 01af CE000000 		.4byte	0xce
 406 01b3 02       		.byte	0x2
 407 01b4 23       		.byte	0x23
 408 01b5 1F       		.uleb128 0x1f
 409 01b6 06       		.uleb128 0x6
 410 01b7 5C010000 		.4byte	.LASF35
 411 01bb 06       		.byte	0x6
 412 01bc 88       		.byte	0x88
 413 01bd 57030000 		.4byte	0x357
 414 01c1 02       		.byte	0x2
 415 01c2 23       		.byte	0x23
 416 01c3 20       		.uleb128 0x20
 417 01c4 07       		.uleb128 0x7
 418 01c5 705F7500 		.ascii	"p_u\000"
 419 01c9 06       		.byte	0x6
 420 01ca AD       		.byte	0xad
 421 01cb A4030000 		.4byte	0x3a4
 422 01cf 02       		.byte	0x2
 423 01d0 23       		.byte	0x23
 424 01d1 24       		.uleb128 0x24
 425 01d2 06       		.uleb128 0x6
 426 01d3 09050000 		.4byte	.LASF36
 427 01d7 06       		.byte	0x6
 428 01d8 B2       		.byte	0xb2
 429 01d9 82020000 		.4byte	0x282
 430 01dd 02       		.byte	0x2
 431 01de 23       		.byte	0x23
 432 01df 28       		.uleb128 0x28
 433 01e0 06       		.uleb128 0x6
 434 01e1 DF010000 		.4byte	.LASF37
 435 01e5 06       		.byte	0x6
 436 01e6 B8       		.byte	0xb8
 437 01e7 60020000 		.4byte	0x260
 438 01eb 02       		.byte	0x2
 439 01ec 23       		.byte	0x23
 440 01ed 2C       		.uleb128 0x2c
 441 01ee 06       		.uleb128 0x6
 442 01ef C3040000 		.4byte	.LASF38
 443 01f3 06       		.byte	0x6
 444 01f4 BC       		.byte	0xbc
 445 01f5 E4000000 		.4byte	0xe4
 446 01f9 02       		.byte	0x2
 447 01fa 23       		.byte	0x23
 448 01fb 34       		.uleb128 0x34
 449 01fc 06       		.uleb128 0x6
 450 01fd A6030000 		.4byte	.LASF39
 451 0201 06       		.byte	0x6
 452 0202 C2       		.byte	0xc2
 453 0203 EF000000 		.4byte	0xef
 454 0207 02       		.byte	0x2
ARM GAS  /tmp/ccXRlkSG.s 			page 9


 455 0208 23       		.byte	0x23
 456 0209 38       		.uleb128 0x38
 457 020a 06       		.uleb128 0x6
 458 020b 63030000 		.4byte	.LASF40
 459 020f 06       		.byte	0x6
 460 0210 C9       		.byte	0xc9
 461 0211 EB030000 		.4byte	0x3eb
 462 0215 02       		.byte	0x2
 463 0216 23       		.byte	0x23
 464 0217 3C       		.uleb128 0x3c
 465 0218 06       		.uleb128 0x6
 466 0219 24040000 		.4byte	.LASF41
 467 021d 06       		.byte	0x6
 468 021e CD       		.byte	0xcd
 469 021f D9000000 		.4byte	0xd9
 470 0223 02       		.byte	0x2
 471 0224 23       		.byte	0x23
 472 0225 40       		.uleb128 0x40
 473 0226 06       		.uleb128 0x6
 474 0227 9F010000 		.4byte	.LASF42
 475 022b 06       		.byte	0x6
 476 022c D3       		.byte	0xd3
 477 022d 98020000 		.4byte	0x298
 478 0231 02       		.byte	0x2
 479 0232 23       		.byte	0x23
 480 0233 44       		.uleb128 0x44
 481 0234 00       		.byte	0
 482 0235 08       		.uleb128 0x8
 483 0236 08       		.byte	0x8
 484 0237 05       		.byte	0x5
 485 0238 5A       		.byte	0x5a
 486 0239 5A020000 		.4byte	0x25a
 487 023d 06       		.uleb128 0x6
 488 023e 90030000 		.4byte	.LASF24
 489 0242 05       		.byte	0x5
 490 0243 5B       		.byte	0x5b
 491 0244 5A020000 		.4byte	0x25a
 492 0248 02       		.byte	0x2
 493 0249 23       		.byte	0x23
 494 024a 00       		.uleb128 0
 495 024b 06       		.uleb128 0x6
 496 024c B8020000 		.4byte	.LASF25
 497 0250 05       		.byte	0x5
 498 0251 5D       		.byte	0x5d
 499 0252 5A020000 		.4byte	0x25a
 500 0256 02       		.byte	0x2
 501 0257 23       		.byte	0x23
 502 0258 04       		.uleb128 0x4
 503 0259 00       		.byte	0
 504 025a 09       		.uleb128 0x9
 505 025b 04       		.byte	0x4
 506 025c 05010000 		.4byte	0x105
 507 0260 03       		.uleb128 0x3
 508 0261 5E020000 		.4byte	.LASF43
 509 0265 05       		.byte	0x5
 510 0266 5F       		.byte	0x5f
 511 0267 35020000 		.4byte	0x235
ARM GAS  /tmp/ccXRlkSG.s 			page 10


 512 026b 08       		.uleb128 0x8
 513 026c 04       		.byte	0x4
 514 026d 05       		.byte	0x5
 515 026e 64       		.byte	0x64
 516 026f 82020000 		.4byte	0x282
 517 0273 06       		.uleb128 0x6
 518 0274 90030000 		.4byte	.LASF24
 519 0278 05       		.byte	0x5
 520 0279 66       		.byte	0x66
 521 027a 5A020000 		.4byte	0x25a
 522 027e 02       		.byte	0x2
 523 027f 23       		.byte	0x23
 524 0280 00       		.uleb128 0
 525 0281 00       		.byte	0
 526 0282 03       		.uleb128 0x3
 527 0283 17020000 		.4byte	.LASF44
 528 0287 05       		.byte	0x5
 529 0288 69       		.byte	0x69
 530 0289 6B020000 		.4byte	0x26b
 531 028d 03       		.uleb128 0x3
 532 028e A7010000 		.4byte	.LASF45
 533 0292 07       		.byte	0x7
 534 0293 DE       		.byte	0xde
 535 0294 98020000 		.4byte	0x298
 536 0298 0A       		.uleb128 0xa
 537 0299 04       		.byte	0x4
 538 029a 0B       		.uleb128 0xb
 539 029b 64040000 		.4byte	.LASF46
 540 029f 24       		.byte	0x24
 541 02a0 07       		.byte	0x7
 542 02a1 0501     		.2byte	0x105
 543 02a3 28030000 		.4byte	0x328
 544 02a7 0C       		.uleb128 0xc
 545 02a8 723400   		.ascii	"r4\000"
 546 02ab 07       		.byte	0x7
 547 02ac 1801     		.2byte	0x118
 548 02ae 8D020000 		.4byte	0x28d
 549 02b2 02       		.byte	0x2
 550 02b3 23       		.byte	0x23
 551 02b4 00       		.uleb128 0
 552 02b5 0C       		.uleb128 0xc
 553 02b6 723500   		.ascii	"r5\000"
 554 02b9 07       		.byte	0x7
 555 02ba 1901     		.2byte	0x119
 556 02bc 8D020000 		.4byte	0x28d
 557 02c0 02       		.byte	0x2
 558 02c1 23       		.byte	0x23
 559 02c2 04       		.uleb128 0x4
 560 02c3 0C       		.uleb128 0xc
 561 02c4 723600   		.ascii	"r6\000"
 562 02c7 07       		.byte	0x7
 563 02c8 1A01     		.2byte	0x11a
 564 02ca 8D020000 		.4byte	0x28d
 565 02ce 02       		.byte	0x2
 566 02cf 23       		.byte	0x23
 567 02d0 08       		.uleb128 0x8
 568 02d1 0C       		.uleb128 0xc
ARM GAS  /tmp/ccXRlkSG.s 			page 11


 569 02d2 723700   		.ascii	"r7\000"
 570 02d5 07       		.byte	0x7
 571 02d6 1B01     		.2byte	0x11b
 572 02d8 8D020000 		.4byte	0x28d
 573 02dc 02       		.byte	0x2
 574 02dd 23       		.byte	0x23
 575 02de 0C       		.uleb128 0xc
 576 02df 0C       		.uleb128 0xc
 577 02e0 723800   		.ascii	"r8\000"
 578 02e3 07       		.byte	0x7
 579 02e4 1C01     		.2byte	0x11c
 580 02e6 8D020000 		.4byte	0x28d
 581 02ea 02       		.byte	0x2
 582 02eb 23       		.byte	0x23
 583 02ec 10       		.uleb128 0x10
 584 02ed 0C       		.uleb128 0xc
 585 02ee 723900   		.ascii	"r9\000"
 586 02f1 07       		.byte	0x7
 587 02f2 1D01     		.2byte	0x11d
 588 02f4 8D020000 		.4byte	0x28d
 589 02f8 02       		.byte	0x2
 590 02f9 23       		.byte	0x23
 591 02fa 14       		.uleb128 0x14
 592 02fb 0C       		.uleb128 0xc
 593 02fc 72313000 		.ascii	"r10\000"
 594 0300 07       		.byte	0x7
 595 0301 1E01     		.2byte	0x11e
 596 0303 8D020000 		.4byte	0x28d
 597 0307 02       		.byte	0x2
 598 0308 23       		.byte	0x23
 599 0309 18       		.uleb128 0x18
 600 030a 0C       		.uleb128 0xc
 601 030b 72313100 		.ascii	"r11\000"
 602 030f 07       		.byte	0x7
 603 0310 1F01     		.2byte	0x11f
 604 0312 8D020000 		.4byte	0x28d
 605 0316 02       		.byte	0x2
 606 0317 23       		.byte	0x23
 607 0318 1C       		.uleb128 0x1c
 608 0319 0C       		.uleb128 0xc
 609 031a 6C7200   		.ascii	"lr\000"
 610 031d 07       		.byte	0x7
 611 031e 2001     		.2byte	0x120
 612 0320 8D020000 		.4byte	0x28d
 613 0324 02       		.byte	0x2
 614 0325 23       		.byte	0x23
 615 0326 20       		.uleb128 0x20
 616 0327 00       		.byte	0
 617 0328 0B       		.uleb128 0xb
 618 0329 52040000 		.4byte	.LASF47
 619 032d 04       		.byte	0x4
 620 032e 07       		.byte	0x7
 621 032f 2A01     		.2byte	0x12a
 622 0331 45030000 		.4byte	0x345
 623 0335 0C       		.uleb128 0xc
 624 0336 72313300 		.ascii	"r13\000"
 625 033a 07       		.byte	0x7
ARM GAS  /tmp/ccXRlkSG.s 			page 12


 626 033b 2B01     		.2byte	0x12b
 627 033d 45030000 		.4byte	0x345
 628 0341 02       		.byte	0x2
 629 0342 23       		.byte	0x23
 630 0343 00       		.uleb128 0
 631 0344 00       		.byte	0
 632 0345 09       		.uleb128 0x9
 633 0346 04       		.byte	0x4
 634 0347 9A020000 		.4byte	0x29a
 635 034b 0D       		.uleb128 0xd
 636 034c 86000000 		.4byte	0x86
 637 0350 04       		.uleb128 0x4
 638 0351 04       		.byte	0x4
 639 0352 07       		.byte	0x7
 640 0353 41020000 		.4byte	.LASF48
 641 0357 0D       		.uleb128 0xd
 642 0358 FA000000 		.4byte	0xfa
 643 035c 05       		.uleb128 0x5
 644 035d 50020000 		.4byte	.LASF49
 645 0361 10       		.byte	0x10
 646 0362 08       		.byte	0x8
 647 0363 25       		.byte	0x25
 648 0364 93030000 		.4byte	0x393
 649 0368 06       		.uleb128 0x6
 650 0369 14010000 		.4byte	.LASF50
 651 036d 08       		.byte	0x8
 652 036e 26       		.byte	0x26
 653 036f 60020000 		.4byte	0x260
 654 0373 02       		.byte	0x2
 655 0374 23       		.byte	0x23
 656 0375 00       		.uleb128 0
 657 0376 06       		.uleb128 0x6
 658 0377 FB040000 		.4byte	.LASF51
 659 037b 08       		.byte	0x8
 660 037c 28       		.byte	0x28
 661 037d 5A020000 		.4byte	0x25a
 662 0381 02       		.byte	0x2
 663 0382 23       		.byte	0x23
 664 0383 08       		.uleb128 0x8
 665 0384 06       		.uleb128 0x6
 666 0385 13040000 		.4byte	.LASF52
 667 0389 08       		.byte	0x8
 668 038a 2A       		.byte	0x2a
 669 038b 93030000 		.4byte	0x393
 670 038f 02       		.byte	0x2
 671 0390 23       		.byte	0x23
 672 0391 0C       		.uleb128 0xc
 673 0392 00       		.byte	0
 674 0393 09       		.uleb128 0x9
 675 0394 04       		.byte	0x4
 676 0395 5C030000 		.4byte	0x35c
 677 0399 03       		.uleb128 0x3
 678 039a 50020000 		.4byte	.LASF49
 679 039e 08       		.byte	0x8
 680 039f 2C       		.byte	0x2c
 681 03a0 5C030000 		.4byte	0x35c
 682 03a4 0E       		.uleb128 0xe
ARM GAS  /tmp/ccXRlkSG.s 			page 13


 683 03a5 04       		.byte	0x4
 684 03a6 06       		.byte	0x6
 685 03a7 8F       		.byte	0x8f
 686 03a8 D9030000 		.4byte	0x3d9
 687 03ac 0F       		.uleb128 0xf
 688 03ad 3A000000 		.4byte	.LASF53
 689 03b1 06       		.byte	0x6
 690 03b2 96       		.byte	0x96
 691 03b3 E4000000 		.4byte	0xe4
 692 03b7 0F       		.uleb128 0xf
 693 03b8 8D000000 		.4byte	.LASF54
 694 03bc 06       		.byte	0x6
 695 03bd 9D       		.byte	0x9d
 696 03be E4000000 		.4byte	0xe4
 697 03c2 0F       		.uleb128 0xf
 698 03c3 AB040000 		.4byte	.LASF55
 699 03c7 06       		.byte	0x6
 700 03c8 A4       		.byte	0xa4
 701 03c9 98020000 		.4byte	0x298
 702 03cd 0F       		.uleb128 0xf
 703 03ce 89030000 		.4byte	.LASF56
 704 03d2 06       		.byte	0x6
 705 03d3 AB       		.byte	0xab
 706 03d4 EF000000 		.4byte	0xef
 707 03d8 00       		.byte	0
 708 03d9 09       		.uleb128 0x9
 709 03da 04       		.byte	0x4
 710 03db DF030000 		.4byte	0x3df
 711 03df 10       		.uleb128 0x10
 712 03e0 E4030000 		.4byte	0x3e4
 713 03e4 04       		.uleb128 0x4
 714 03e5 01       		.byte	0x1
 715 03e6 08       		.byte	0x8
 716 03e7 EF030000 		.4byte	.LASF57
 717 03eb 09       		.uleb128 0x9
 718 03ec 04       		.byte	0x4
 719 03ed 99030000 		.4byte	0x399
 720 03f1 0D       		.uleb128 0xd
 721 03f2 62000000 		.4byte	0x62
 722 03f6 0D       		.uleb128 0xd
 723 03f7 74000000 		.4byte	0x74
 724 03fb 11       		.uleb128 0x11
 725 03fc 18       		.byte	0x18
 726 03fd 09       		.byte	0x9
 727 03fe D301     		.2byte	0x1d3
 728 0400 5E040000 		.4byte	0x45e
 729 0404 0C       		.uleb128 0xc
 730 0405 435200   		.ascii	"CR\000"
 731 0408 09       		.byte	0x9
 732 0409 D501     		.2byte	0x1d5
 733 040b 4B030000 		.4byte	0x34b
 734 040f 02       		.byte	0x2
 735 0410 23       		.byte	0x23
 736 0411 00       		.uleb128 0
 737 0412 12       		.uleb128 0x12
 738 0413 2F040000 		.4byte	.LASF58
 739 0417 09       		.byte	0x9
ARM GAS  /tmp/ccXRlkSG.s 			page 14


 740 0418 D601     		.2byte	0x1d6
 741 041a 4B030000 		.4byte	0x34b
 742 041e 02       		.byte	0x2
 743 041f 23       		.byte	0x23
 744 0420 04       		.uleb128 0x4
 745 0421 0C       		.uleb128 0xc
 746 0422 50415200 		.ascii	"PAR\000"
 747 0426 09       		.byte	0x9
 748 0427 D701     		.2byte	0x1d7
 749 0429 4B030000 		.4byte	0x34b
 750 042d 02       		.byte	0x2
 751 042e 23       		.byte	0x23
 752 042f 08       		.uleb128 0x8
 753 0430 12       		.uleb128 0x12
 754 0431 2E000000 		.4byte	.LASF59
 755 0435 09       		.byte	0x9
 756 0436 D801     		.2byte	0x1d8
 757 0438 4B030000 		.4byte	0x34b
 758 043c 02       		.byte	0x2
 759 043d 23       		.byte	0x23
 760 043e 0C       		.uleb128 0xc
 761 043f 12       		.uleb128 0x12
 762 0440 6B040000 		.4byte	.LASF60
 763 0444 09       		.byte	0x9
 764 0445 D901     		.2byte	0x1d9
 765 0447 4B030000 		.4byte	0x34b
 766 044b 02       		.byte	0x2
 767 044c 23       		.byte	0x23
 768 044d 10       		.uleb128 0x10
 769 044e 0C       		.uleb128 0xc
 770 044f 46435200 		.ascii	"FCR\000"
 771 0453 09       		.byte	0x9
 772 0454 DA01     		.2byte	0x1da
 773 0456 4B030000 		.4byte	0x34b
 774 045a 02       		.byte	0x2
 775 045b 23       		.byte	0x23
 776 045c 14       		.uleb128 0x14
 777 045d 00       		.byte	0
 778 045e 13       		.uleb128 0x13
 779 045f 34040000 		.4byte	.LASF61
 780 0463 09       		.byte	0x9
 781 0464 DB01     		.2byte	0x1db
 782 0466 FB030000 		.4byte	0x3fb
 783 046a 11       		.uleb128 0x11
 784 046b 24       		.byte	0x24
 785 046c 09       		.byte	0x9
 786 046d 4D03     		.2byte	0x34d
 787 046f 80050000 		.4byte	0x580
 788 0473 0C       		.uleb128 0xc
 789 0474 43523100 		.ascii	"CR1\000"
 790 0478 09       		.byte	0x9
 791 0479 4F03     		.2byte	0x34f
 792 047b F1030000 		.4byte	0x3f1
 793 047f 02       		.byte	0x2
 794 0480 23       		.byte	0x23
 795 0481 00       		.uleb128 0
 796 0482 12       		.uleb128 0x12
ARM GAS  /tmp/ccXRlkSG.s 			page 15


 797 0483 86020000 		.4byte	.LASF62
 798 0487 09       		.byte	0x9
 799 0488 5003     		.2byte	0x350
 800 048a 62000000 		.4byte	0x62
 801 048e 02       		.byte	0x2
 802 048f 23       		.byte	0x23
 803 0490 02       		.uleb128 0x2
 804 0491 0C       		.uleb128 0xc
 805 0492 43523200 		.ascii	"CR2\000"
 806 0496 09       		.byte	0x9
 807 0497 5103     		.2byte	0x351
 808 0499 F1030000 		.4byte	0x3f1
 809 049d 02       		.byte	0x2
 810 049e 23       		.byte	0x23
 811 049f 04       		.uleb128 0x4
 812 04a0 12       		.uleb128 0x12
 813 04a1 90020000 		.4byte	.LASF63
 814 04a5 09       		.byte	0x9
 815 04a6 5203     		.2byte	0x352
 816 04a8 62000000 		.4byte	0x62
 817 04ac 02       		.byte	0x2
 818 04ad 23       		.byte	0x23
 819 04ae 06       		.uleb128 0x6
 820 04af 0C       		.uleb128 0xc
 821 04b0 535200   		.ascii	"SR\000"
 822 04b3 09       		.byte	0x9
 823 04b4 5303     		.2byte	0x353
 824 04b6 F1030000 		.4byte	0x3f1
 825 04ba 02       		.byte	0x2
 826 04bb 23       		.byte	0x23
 827 04bc 08       		.uleb128 0x8
 828 04bd 12       		.uleb128 0x12
 829 04be 9A020000 		.4byte	.LASF64
 830 04c2 09       		.byte	0x9
 831 04c3 5403     		.2byte	0x354
 832 04c5 62000000 		.4byte	0x62
 833 04c9 02       		.byte	0x2
 834 04ca 23       		.byte	0x23
 835 04cb 0A       		.uleb128 0xa
 836 04cc 0C       		.uleb128 0xc
 837 04cd 445200   		.ascii	"DR\000"
 838 04d0 09       		.byte	0x9
 839 04d1 5503     		.2byte	0x355
 840 04d3 F1030000 		.4byte	0x3f1
 841 04d7 02       		.byte	0x2
 842 04d8 23       		.byte	0x23
 843 04d9 0C       		.uleb128 0xc
 844 04da 12       		.uleb128 0x12
 845 04db A4020000 		.4byte	.LASF65
 846 04df 09       		.byte	0x9
 847 04e0 5603     		.2byte	0x356
 848 04e2 62000000 		.4byte	0x62
 849 04e6 02       		.byte	0x2
 850 04e7 23       		.byte	0x23
 851 04e8 0E       		.uleb128 0xe
 852 04e9 12       		.uleb128 0x12
 853 04ea 81000000 		.4byte	.LASF66
ARM GAS  /tmp/ccXRlkSG.s 			page 16


 854 04ee 09       		.byte	0x9
 855 04ef 5703     		.2byte	0x357
 856 04f1 F1030000 		.4byte	0x3f1
 857 04f5 02       		.byte	0x2
 858 04f6 23       		.byte	0x23
 859 04f7 10       		.uleb128 0x10
 860 04f8 12       		.uleb128 0x12
 861 04f9 AE020000 		.4byte	.LASF67
 862 04fd 09       		.byte	0x9
 863 04fe 5803     		.2byte	0x358
 864 0500 62000000 		.4byte	0x62
 865 0504 02       		.byte	0x2
 866 0505 23       		.byte	0x23
 867 0506 12       		.uleb128 0x12
 868 0507 12       		.uleb128 0x12
 869 0508 97040000 		.4byte	.LASF68
 870 050c 09       		.byte	0x9
 871 050d 5903     		.2byte	0x359
 872 050f F1030000 		.4byte	0x3f1
 873 0513 02       		.byte	0x2
 874 0514 23       		.byte	0x23
 875 0515 14       		.uleb128 0x14
 876 0516 12       		.uleb128 0x12
 877 0517 B6030000 		.4byte	.LASF69
 878 051b 09       		.byte	0x9
 879 051c 5A03     		.2byte	0x35a
 880 051e 62000000 		.4byte	0x62
 881 0522 02       		.byte	0x2
 882 0523 23       		.byte	0x23
 883 0524 16       		.uleb128 0x16
 884 0525 12       		.uleb128 0x12
 885 0526 7F020000 		.4byte	.LASF70
 886 052a 09       		.byte	0x9
 887 052b 5B03     		.2byte	0x35b
 888 052d F1030000 		.4byte	0x3f1
 889 0531 02       		.byte	0x2
 890 0532 23       		.byte	0x23
 891 0533 18       		.uleb128 0x18
 892 0534 12       		.uleb128 0x12
 893 0535 BF020000 		.4byte	.LASF71
 894 0539 09       		.byte	0x9
 895 053a 5C03     		.2byte	0x35c
 896 053c 62000000 		.4byte	0x62
 897 0540 02       		.byte	0x2
 898 0541 23       		.byte	0x23
 899 0542 1A       		.uleb128 0x1a
 900 0543 12       		.uleb128 0x12
 901 0544 0C010000 		.4byte	.LASF72
 902 0548 09       		.byte	0x9
 903 0549 5D03     		.2byte	0x35d
 904 054b F1030000 		.4byte	0x3f1
 905 054f 02       		.byte	0x2
 906 0550 23       		.byte	0x23
 907 0551 1C       		.uleb128 0x1c
 908 0552 12       		.uleb128 0x12
 909 0553 C9020000 		.4byte	.LASF73
 910 0557 09       		.byte	0x9
ARM GAS  /tmp/ccXRlkSG.s 			page 17


 911 0558 5E03     		.2byte	0x35e
 912 055a 62000000 		.4byte	0x62
 913 055e 02       		.byte	0x2
 914 055f 23       		.byte	0x23
 915 0560 1E       		.uleb128 0x1e
 916 0561 12       		.uleb128 0x12
 917 0562 3B020000 		.4byte	.LASF74
 918 0566 09       		.byte	0x9
 919 0567 5F03     		.2byte	0x35f
 920 0569 F1030000 		.4byte	0x3f1
 921 056d 02       		.byte	0x2
 922 056e 23       		.byte	0x23
 923 056f 20       		.uleb128 0x20
 924 0570 12       		.uleb128 0x12
 925 0571 D3020000 		.4byte	.LASF75
 926 0575 09       		.byte	0x9
 927 0576 6003     		.2byte	0x360
 928 0578 62000000 		.4byte	0x62
 929 057c 02       		.byte	0x2
 930 057d 23       		.byte	0x23
 931 057e 22       		.uleb128 0x22
 932 057f 00       		.byte	0
 933 0580 13       		.uleb128 0x13
 934 0581 E3030000 		.4byte	.LASF76
 935 0585 09       		.byte	0x9
 936 0586 6103     		.2byte	0x361
 937 0588 6A040000 		.4byte	0x46a
 938 058c 08       		.uleb128 0x8
 939 058d 0C       		.byte	0xc
 940 058e 0A       		.byte	0xa
 941 058f DA       		.byte	0xda
 942 0590 DB050000 		.4byte	0x5db
 943 0594 06       		.uleb128 0x6
 944 0595 53000000 		.4byte	.LASF77
 945 0599 0A       		.byte	0xa
 946 059a DB       		.byte	0xdb
 947 059b DB050000 		.4byte	0x5db
 948 059f 02       		.byte	0x2
 949 05a0 23       		.byte	0x23
 950 05a1 00       		.uleb128 0
 951 05a2 06       		.uleb128 0x6
 952 05a3 B1030000 		.4byte	.LASF78
 953 05a7 0A       		.byte	0xa
 954 05a8 DC       		.byte	0xdc
 955 05a9 E1050000 		.4byte	0x5e1
 956 05ad 02       		.byte	0x2
 957 05ae 23       		.byte	0x23
 958 05af 04       		.uleb128 0x4
 959 05b0 06       		.uleb128 0x6
 960 05b1 EF010000 		.4byte	.LASF79
 961 05b5 0A       		.byte	0xa
 962 05b6 DD       		.byte	0xdd
 963 05b7 49000000 		.4byte	0x49
 964 05bb 02       		.byte	0x2
 965 05bc 23       		.byte	0x23
 966 05bd 08       		.uleb128 0x8
 967 05be 06       		.uleb128 0x6
ARM GAS  /tmp/ccXRlkSG.s 			page 18


 968 05bf B0010000 		.4byte	.LASF80
 969 05c3 0A       		.byte	0xa
 970 05c4 DF       		.byte	0xdf
 971 05c5 49000000 		.4byte	0x49
 972 05c9 02       		.byte	0x2
 973 05ca 23       		.byte	0x23
 974 05cb 09       		.uleb128 0x9
 975 05cc 06       		.uleb128 0x6
 976 05cd 96000000 		.4byte	.LASF81
 977 05d1 0A       		.byte	0xa
 978 05d2 E0       		.byte	0xe0
 979 05d3 49000000 		.4byte	0x49
 980 05d7 02       		.byte	0x2
 981 05d8 23       		.byte	0x23
 982 05d9 0A       		.uleb128 0xa
 983 05da 00       		.byte	0
 984 05db 09       		.uleb128 0x9
 985 05dc 04       		.byte	0x4
 986 05dd 5E040000 		.4byte	0x45e
 987 05e1 09       		.uleb128 0x9
 988 05e2 04       		.byte	0x4
 989 05e3 4B030000 		.4byte	0x34b
 990 05e7 03       		.uleb128 0x3
 991 05e8 50030000 		.4byte	.LASF82
 992 05ec 0A       		.byte	0xa
 993 05ed E1       		.byte	0xe1
 994 05ee 8C050000 		.4byte	0x58c
 995 05f2 08       		.uleb128 0x8
 996 05f3 04       		.byte	0x4
 997 05f4 0B       		.byte	0xb
 998 05f5 96       		.byte	0x96
 999 05f6 17060000 		.4byte	0x617
 1000 05fa 07       		.uleb128 0x7
 1001 05fb 73657400 		.ascii	"set\000"
 1002 05ff 0B       		.byte	0xb
 1003 0600 97       		.byte	0x97
 1004 0601 62000000 		.4byte	0x62
 1005 0605 02       		.byte	0x2
 1006 0606 23       		.byte	0x23
 1007 0607 00       		.uleb128 0
 1008 0608 06       		.uleb128 0x6
 1009 0609 4A020000 		.4byte	.LASF83
 1010 060d 0B       		.byte	0xb
 1011 060e 98       		.byte	0x98
 1012 060f 62000000 		.4byte	0x62
 1013 0613 02       		.byte	0x2
 1014 0614 23       		.byte	0x23
 1015 0615 02       		.uleb128 0x2
 1016 0616 00       		.byte	0
 1017 0617 0E       		.uleb128 0xe
 1018 0618 04       		.byte	0x4
 1019 0619 0B       		.byte	0xb
 1020 061a 94       		.byte	0x94
 1021 061b 32060000 		.4byte	0x632
 1022 061f 14       		.uleb128 0x14
 1023 0620 5700     		.ascii	"W\000"
 1024 0622 0B       		.byte	0xb
ARM GAS  /tmp/ccXRlkSG.s 			page 19


 1025 0623 95       		.byte	0x95
 1026 0624 86000000 		.4byte	0x86
 1027 0628 14       		.uleb128 0x14
 1028 0629 4800     		.ascii	"H\000"
 1029 062b 0B       		.byte	0xb
 1030 062c 99       		.byte	0x99
 1031 062d F2050000 		.4byte	0x5f2
 1032 0631 00       		.byte	0
 1033 0632 08       		.uleb128 0x8
 1034 0633 28       		.byte	0x28
 1035 0634 0B       		.byte	0xb
 1036 0635 8C       		.byte	0x8c
 1037 0636 C7060000 		.4byte	0x6c7
 1038 063a 06       		.uleb128 0x6
 1039 063b 5A000000 		.4byte	.LASF84
 1040 063f 0B       		.byte	0xb
 1041 0640 8E       		.byte	0x8e
 1042 0641 4B030000 		.4byte	0x34b
 1043 0645 02       		.byte	0x2
 1044 0646 23       		.byte	0x23
 1045 0647 00       		.uleb128 0
 1046 0648 06       		.uleb128 0x6
 1047 0649 41000000 		.4byte	.LASF85
 1048 064d 0B       		.byte	0xb
 1049 064e 8F       		.byte	0x8f
 1050 064f 4B030000 		.4byte	0x34b
 1051 0653 02       		.byte	0x2
 1052 0654 23       		.byte	0x23
 1053 0655 04       		.uleb128 0x4
 1054 0656 06       		.uleb128 0x6
 1055 0657 8F010000 		.4byte	.LASF86
 1056 065b 0B       		.byte	0xb
 1057 065c 90       		.byte	0x90
 1058 065d 4B030000 		.4byte	0x34b
 1059 0661 02       		.byte	0x2
 1060 0662 23       		.byte	0x23
 1061 0663 08       		.uleb128 0x8
 1062 0664 06       		.uleb128 0x6
 1063 0665 87000000 		.4byte	.LASF87
 1064 0669 0B       		.byte	0xb
 1065 066a 91       		.byte	0x91
 1066 066b 4B030000 		.4byte	0x34b
 1067 066f 02       		.byte	0x2
 1068 0670 23       		.byte	0x23
 1069 0671 0C       		.uleb128 0xc
 1070 0672 07       		.uleb128 0x7
 1071 0673 49445200 		.ascii	"IDR\000"
 1072 0677 0B       		.byte	0xb
 1073 0678 92       		.byte	0x92
 1074 0679 4B030000 		.4byte	0x34b
 1075 067d 02       		.byte	0x2
 1076 067e 23       		.byte	0x23
 1077 067f 10       		.uleb128 0x10
 1078 0680 07       		.uleb128 0x7
 1079 0681 4F445200 		.ascii	"ODR\000"
 1080 0685 0B       		.byte	0xb
 1081 0686 93       		.byte	0x93
ARM GAS  /tmp/ccXRlkSG.s 			page 20


 1082 0687 4B030000 		.4byte	0x34b
 1083 068b 02       		.byte	0x2
 1084 068c 23       		.byte	0x23
 1085 068d 14       		.uleb128 0x14
 1086 068e 06       		.uleb128 0x6
 1087 068f FE000000 		.4byte	.LASF88
 1088 0693 0B       		.byte	0xb
 1089 0694 9A       		.byte	0x9a
 1090 0695 C7060000 		.4byte	0x6c7
 1091 0699 02       		.byte	0x2
 1092 069a 23       		.byte	0x23
 1093 069b 18       		.uleb128 0x18
 1094 069c 06       		.uleb128 0x6
 1095 069d EA010000 		.4byte	.LASF89
 1096 06a1 0B       		.byte	0xb
 1097 06a2 9B       		.byte	0x9b
 1098 06a3 4B030000 		.4byte	0x34b
 1099 06a7 02       		.byte	0x2
 1100 06a8 23       		.byte	0x23
 1101 06a9 1C       		.uleb128 0x1c
 1102 06aa 06       		.uleb128 0x6
 1103 06ab 7A020000 		.4byte	.LASF90
 1104 06af 0B       		.byte	0xb
 1105 06b0 9C       		.byte	0x9c
 1106 06b1 4B030000 		.4byte	0x34b
 1107 06b5 02       		.byte	0x2
 1108 06b6 23       		.byte	0x23
 1109 06b7 20       		.uleb128 0x20
 1110 06b8 06       		.uleb128 0x6
 1111 06b9 75020000 		.4byte	.LASF91
 1112 06bd 0B       		.byte	0xb
 1113 06be 9D       		.byte	0x9d
 1114 06bf 4B030000 		.4byte	0x34b
 1115 06c3 02       		.byte	0x2
 1116 06c4 23       		.byte	0x23
 1117 06c5 24       		.uleb128 0x24
 1118 06c6 00       		.byte	0
 1119 06c7 0D       		.uleb128 0xd
 1120 06c8 17060000 		.4byte	0x617
 1121 06cc 03       		.uleb128 0x3
 1122 06cd 7C010000 		.4byte	.LASF92
 1123 06d1 0B       		.byte	0xb
 1124 06d2 9E       		.byte	0x9e
 1125 06d3 32060000 		.4byte	0x632
 1126 06d7 03       		.uleb128 0x3
 1127 06d8 47040000 		.4byte	.LASF93
 1128 06dc 0B       		.byte	0xb
 1129 06dd F5       		.byte	0xf5
 1130 06de E2060000 		.4byte	0x6e2
 1131 06e2 09       		.uleb128 0x9
 1132 06e3 04       		.byte	0x4
 1133 06e4 CC060000 		.4byte	0x6cc
 1134 06e8 09       		.uleb128 0x9
 1135 06e9 04       		.byte	0x4
 1136 06ea EE060000 		.4byte	0x6ee
 1137 06ee 10       		.uleb128 0x10
 1138 06ef E7050000 		.4byte	0x5e7
ARM GAS  /tmp/ccXRlkSG.s 			page 21


 1139 06f3 15       		.uleb128 0x15
 1140 06f4 01       		.byte	0x1
 1141 06f5 0C       		.byte	0xc
 1142 06f6 4E       		.byte	0x4e
 1143 06f7 1A070000 		.4byte	0x71a
 1144 06fb 16       		.uleb128 0x16
 1145 06fc 70040000 		.4byte	.LASF94
 1146 0700 00       		.sleb128 0
 1147 0701 16       		.uleb128 0x16
 1148 0702 03010000 		.4byte	.LASF95
 1149 0706 01       		.sleb128 1
 1150 0707 16       		.uleb128 0x16
 1151 0708 77000000 		.4byte	.LASF96
 1152 070c 02       		.sleb128 2
 1153 070d 16       		.uleb128 0x16
 1154 070e 48000000 		.4byte	.LASF97
 1155 0712 03       		.sleb128 3
 1156 0713 16       		.uleb128 0x16
 1157 0714 F4030000 		.4byte	.LASF98
 1158 0718 04       		.sleb128 4
 1159 0719 00       		.byte	0
 1160 071a 03       		.uleb128 0x3
 1161 071b 08040000 		.4byte	.LASF99
 1162 071f 0C       		.byte	0xc
 1163 0720 54       		.byte	0x54
 1164 0721 F3060000 		.4byte	0x6f3
 1165 0725 13       		.uleb128 0x13
 1166 0726 B3000000 		.4byte	.LASF100
 1167 072a 0D       		.byte	0xd
 1168 072b 1A01     		.2byte	0x11a
 1169 072d 31070000 		.4byte	0x731
 1170 0731 0B       		.uleb128 0xb
 1171 0732 B3000000 		.4byte	.LASF100
 1172 0736 30       		.byte	0x30
 1173 0737 0D       		.byte	0xd
 1174 0738 3E01     		.2byte	0x13e
 1175 073a C6070000 		.4byte	0x7c6
 1176 073e 12       		.uleb128 0x12
 1177 073f 34010000 		.4byte	.LASF101
 1178 0743 0D       		.byte	0xd
 1179 0744 4201     		.2byte	0x142
 1180 0746 1A070000 		.4byte	0x71a
 1181 074a 02       		.byte	0x2
 1182 074b 23       		.byte	0x23
 1183 074c 00       		.uleb128 0
 1184 074d 12       		.uleb128 0x12
 1185 074e 01040000 		.4byte	.LASF102
 1186 0752 0D       		.byte	0xd
 1187 0753 4601     		.2byte	0x146
 1188 0755 3C080000 		.4byte	0x83c
 1189 0759 02       		.byte	0x2
 1190 075a 23       		.byte	0x23
 1191 075b 04       		.uleb128 0x4
 1192 075c 12       		.uleb128 0x12
 1193 075d 4C010000 		.4byte	.LASF103
 1194 0761 0D       		.byte	0xd
 1195 0762 4B01     		.2byte	0x14b
ARM GAS  /tmp/ccXRlkSG.s 			page 22


 1196 0764 5A020000 		.4byte	0x25a
 1197 0768 02       		.byte	0x2
 1198 0769 23       		.byte	0x23
 1199 076a 08       		.uleb128 0x8
 1200 076b 12       		.uleb128 0x12
 1201 076c 2E030000 		.4byte	.LASF104
 1202 0770 0D       		.byte	0xd
 1203 0771 5201     		.2byte	0x152
 1204 0773 99030000 		.4byte	0x399
 1205 0777 02       		.byte	0x2
 1206 0778 23       		.byte	0x23
 1207 0779 0C       		.uleb128 0xc
 1208 077a 0C       		.uleb128 0xc
 1209 077b 73706900 		.ascii	"spi\000"
 1210 077f 0D       		.byte	0xd
 1211 0780 5E01     		.2byte	0x15e
 1212 0782 47080000 		.4byte	0x847
 1213 0786 02       		.byte	0x2
 1214 0787 23       		.byte	0x23
 1215 0788 1C       		.uleb128 0x1c
 1216 0789 12       		.uleb128 0x12
 1217 078a 00000000 		.4byte	.LASF105
 1218 078e 0D       		.byte	0xd
 1219 078f 6201     		.2byte	0x162
 1220 0791 E8060000 		.4byte	0x6e8
 1221 0795 02       		.byte	0x2
 1222 0796 23       		.byte	0x23
 1223 0797 20       		.uleb128 0x20
 1224 0798 12       		.uleb128 0x12
 1225 0799 89010000 		.4byte	.LASF106
 1226 079d 0D       		.byte	0xd
 1227 079e 6601     		.2byte	0x166
 1228 07a0 E8060000 		.4byte	0x6e8
 1229 07a4 02       		.byte	0x2
 1230 07a5 23       		.byte	0x23
 1231 07a6 24       		.uleb128 0x24
 1232 07a7 12       		.uleb128 0x12
 1233 07a8 72010000 		.4byte	.LASF107
 1234 07ac 0D       		.byte	0xd
 1235 07ad 6A01     		.2byte	0x16a
 1236 07af 86000000 		.4byte	0x86
 1237 07b3 02       		.byte	0x2
 1238 07b4 23       		.byte	0x23
 1239 07b5 28       		.uleb128 0x28
 1240 07b6 12       		.uleb128 0x12
 1241 07b7 6B020000 		.4byte	.LASF108
 1242 07bb 0D       		.byte	0xd
 1243 07bc 6E01     		.2byte	0x16e
 1244 07be 86000000 		.4byte	0x86
 1245 07c2 02       		.byte	0x2
 1246 07c3 23       		.byte	0x23
 1247 07c4 2C       		.uleb128 0x2c
 1248 07c5 00       		.byte	0
 1249 07c6 13       		.uleb128 0x13
 1250 07c7 26010000 		.4byte	.LASF109
 1251 07cb 0D       		.byte	0xd
 1252 07cc 2201     		.2byte	0x122
ARM GAS  /tmp/ccXRlkSG.s 			page 23


 1253 07ce D2070000 		.4byte	0x7d2
 1254 07d2 09       		.uleb128 0x9
 1255 07d3 04       		.byte	0x4
 1256 07d4 D8070000 		.4byte	0x7d8
 1257 07d8 17       		.uleb128 0x17
 1258 07d9 01       		.byte	0x1
 1259 07da E4070000 		.4byte	0x7e4
 1260 07de 18       		.uleb128 0x18
 1261 07df E4070000 		.4byte	0x7e4
 1262 07e3 00       		.byte	0
 1263 07e4 09       		.uleb128 0x9
 1264 07e5 04       		.byte	0x4
 1265 07e6 25070000 		.4byte	0x725
 1266 07ea 11       		.uleb128 0x11
 1267 07eb 0C       		.byte	0xc
 1268 07ec 0D       		.byte	0xd
 1269 07ed 2701     		.2byte	0x127
 1270 07ef 30080000 		.4byte	0x830
 1271 07f3 12       		.uleb128 0x12
 1272 07f4 6B010000 		.4byte	.LASF110
 1273 07f8 0D       		.byte	0xd
 1274 07f9 2B01     		.2byte	0x12b
 1275 07fb C6070000 		.4byte	0x7c6
 1276 07ff 02       		.byte	0x2
 1277 0800 23       		.byte	0x23
 1278 0801 00       		.uleb128 0
 1279 0802 12       		.uleb128 0x12
 1280 0803 BD000000 		.4byte	.LASF111
 1281 0807 0D       		.byte	0xd
 1282 0808 3001     		.2byte	0x130
 1283 080a D7060000 		.4byte	0x6d7
 1284 080e 02       		.byte	0x2
 1285 080f 23       		.byte	0x23
 1286 0810 04       		.uleb128 0x4
 1287 0811 12       		.uleb128 0x12
 1288 0812 DE000000 		.4byte	.LASF112
 1289 0816 0D       		.byte	0xd
 1290 0817 3401     		.2byte	0x134
 1291 0819 62000000 		.4byte	0x62
 1292 081d 02       		.byte	0x2
 1293 081e 23       		.byte	0x23
 1294 081f 08       		.uleb128 0x8
 1295 0820 0C       		.uleb128 0xc
 1296 0821 63723100 		.ascii	"cr1\000"
 1297 0825 0D       		.byte	0xd
 1298 0826 3801     		.2byte	0x138
 1299 0828 62000000 		.4byte	0x62
 1300 082c 02       		.byte	0x2
 1301 082d 23       		.byte	0x23
 1302 082e 0A       		.uleb128 0xa
 1303 082f 00       		.byte	0
 1304 0830 13       		.uleb128 0x13
 1305 0831 B9040000 		.4byte	.LASF113
 1306 0835 0D       		.byte	0xd
 1307 0836 3901     		.2byte	0x139
 1308 0838 EA070000 		.4byte	0x7ea
 1309 083c 09       		.uleb128 0x9
ARM GAS  /tmp/ccXRlkSG.s 			page 24


 1310 083d 04       		.byte	0x4
 1311 083e 42080000 		.4byte	0x842
 1312 0842 10       		.uleb128 0x10
 1313 0843 30080000 		.4byte	0x830
 1314 0847 09       		.uleb128 0x9
 1315 0848 04       		.byte	0x4
 1316 0849 80050000 		.4byte	0x580
 1317 084d 19       		.uleb128 0x19
 1318 084e 01       		.byte	0x1
 1319 084f 7B040000 		.4byte	.LASF124
 1320 0853 01       		.byte	0x1
 1321 0854 3C       		.byte	0x3c
 1322 0855 01       		.byte	0x1
 1323 0856 49000000 		.4byte	0x49
 1324 085a 00000000 		.4byte	.LFB118
 1325 085e 3A000000 		.4byte	.LFE118
 1326 0862 00000000 		.4byte	.LLST0
 1327 0866 01       		.byte	0x1
 1328 0867 D3080000 		.4byte	0x8d3
 1329 086b 1A       		.uleb128 0x1a
 1330 086c A6040000 		.4byte	.LASF114
 1331 0870 01       		.byte	0x1
 1332 0871 3C       		.byte	0x3c
 1333 0872 E4070000 		.4byte	0x7e4
 1334 0876 20000000 		.4byte	.LLST1
 1335 087a 1B       		.uleb128 0x1b
 1336 087b 72656700 		.ascii	"reg\000"
 1337 087f 01       		.byte	0x1
 1338 0880 3C       		.byte	0x3c
 1339 0881 49000000 		.4byte	0x49
 1340 0885 3E000000 		.4byte	.LLST2
 1341 0889 1C       		.uleb128 0x1c
 1342 088a 1E000000 		.4byte	.LVL1
 1343 088e A2090000 		.4byte	0x9a2
 1344 0892 9D080000 		.4byte	0x89d
 1345 0896 1D       		.uleb128 0x1d
 1346 0897 01       		.byte	0x1
 1347 0898 50       		.byte	0x50
 1348 0899 02       		.byte	0x2
 1349 089a 76       		.byte	0x76
 1350 089b 00       		.sleb128 0
 1351 089c 00       		.byte	0
 1352 089d 1C       		.uleb128 0x1c
 1353 089e 30000000 		.4byte	.LVL2
 1354 08a2 B7090000 		.4byte	0x9b7
 1355 08a6 C2080000 		.4byte	0x8c2
 1356 08aa 1D       		.uleb128 0x1d
 1357 08ab 01       		.byte	0x1
 1358 08ac 53       		.byte	0x53
 1359 08ad 02       		.byte	0x2
 1360 08ae 75       		.byte	0x75
 1361 08af 00       		.sleb128 0
 1362 08b0 1D       		.uleb128 0x1d
 1363 08b1 01       		.byte	0x1
 1364 08b2 52       		.byte	0x52
 1365 08b3 02       		.byte	0x2
 1366 08b4 74       		.byte	0x74
ARM GAS  /tmp/ccXRlkSG.s 			page 25


 1367 08b5 00       		.sleb128 0
 1368 08b6 1D       		.uleb128 0x1d
 1369 08b7 01       		.byte	0x1
 1370 08b8 51       		.byte	0x51
 1371 08b9 01       		.byte	0x1
 1372 08ba 32       		.byte	0x32
 1373 08bb 1D       		.uleb128 0x1d
 1374 08bc 01       		.byte	0x1
 1375 08bd 50       		.byte	0x50
 1376 08be 02       		.byte	0x2
 1377 08bf 76       		.byte	0x76
 1378 08c0 00       		.sleb128 0
 1379 08c1 00       		.byte	0
 1380 08c2 1E       		.uleb128 0x1e
 1381 08c3 36000000 		.4byte	.LVL3
 1382 08c7 E2090000 		.4byte	0x9e2
 1383 08cb 1D       		.uleb128 0x1d
 1384 08cc 01       		.byte	0x1
 1385 08cd 50       		.byte	0x50
 1386 08ce 02       		.byte	0x2
 1387 08cf 76       		.byte	0x76
 1388 08d0 00       		.sleb128 0
 1389 08d1 00       		.byte	0
 1390 08d2 00       		.byte	0
 1391 08d3 1F       		.uleb128 0x1f
 1392 08d4 01       		.byte	0x1
 1393 08d5 9D000000 		.4byte	.LASF125
 1394 08d9 01       		.byte	0x1
 1395 08da 4E       		.byte	0x4e
 1396 08db 01       		.byte	0x1
 1397 08dc 00000000 		.4byte	.LFB119
 1398 08e0 48000000 		.4byte	.LFE119
 1399 08e4 5F000000 		.4byte	.LLST3
 1400 08e8 01       		.byte	0x1
 1401 08e9 62090000 		.4byte	0x962
 1402 08ed 1A       		.uleb128 0x1a
 1403 08ee A6040000 		.4byte	.LASF114
 1404 08f2 01       		.byte	0x1
 1405 08f3 4E       		.byte	0x4e
 1406 08f4 E4070000 		.4byte	0x7e4
 1407 08f8 7F000000 		.4byte	.LLST4
 1408 08fc 1B       		.uleb128 0x1b
 1409 08fd 72656700 		.ascii	"reg\000"
 1410 0901 01       		.byte	0x1
 1411 0902 4E       		.byte	0x4e
 1412 0903 49000000 		.4byte	0x49
 1413 0907 A8000000 		.4byte	.LLST5
 1414 090b 1A       		.uleb128 0x1a
 1415 090c C6010000 		.4byte	.LASF115
 1416 0910 01       		.byte	0x1
 1417 0911 4E       		.byte	0x4e
 1418 0912 49000000 		.4byte	0x49
 1419 0916 C9000000 		.4byte	.LLST6
 1420 091a 1C       		.uleb128 0x1c
 1421 091b 28000000 		.4byte	.LVL7
 1422 091f A2090000 		.4byte	0x9a2
 1423 0923 2E090000 		.4byte	0x92e
ARM GAS  /tmp/ccXRlkSG.s 			page 26


 1424 0927 1D       		.uleb128 0x1d
 1425 0928 01       		.byte	0x1
 1426 0929 50       		.byte	0x50
 1427 092a 02       		.byte	0x2
 1428 092b 76       		.byte	0x76
 1429 092c 00       		.sleb128 0
 1430 092d 00       		.byte	0
 1431 092e 1C       		.uleb128 0x1c
 1432 092f 38000000 		.4byte	.LVL8
 1433 0933 F7090000 		.4byte	0x9f7
 1434 0937 50090000 		.4byte	0x950
 1435 093b 1D       		.uleb128 0x1d
 1436 093c 01       		.byte	0x1
 1437 093d 52       		.byte	0x52
 1438 093e 05       		.byte	0x5
 1439 093f 03       		.byte	0x3
 1440 0940 00000000 		.4byte	.LANCHOR0
 1441 0944 1D       		.uleb128 0x1d
 1442 0945 01       		.byte	0x1
 1443 0946 51       		.byte	0x51
 1444 0947 01       		.byte	0x1
 1445 0948 32       		.byte	0x32
 1446 0949 1D       		.uleb128 0x1d
 1447 094a 01       		.byte	0x1
 1448 094b 50       		.byte	0x50
 1449 094c 02       		.byte	0x2
 1450 094d 76       		.byte	0x76
 1451 094e 00       		.sleb128 0
 1452 094f 00       		.byte	0
 1453 0950 20       		.uleb128 0x20
 1454 0951 42000000 		.4byte	.LVL9
 1455 0955 01       		.byte	0x1
 1456 0956 E2090000 		.4byte	0x9e2
 1457 095a 1D       		.uleb128 0x1d
 1458 095b 01       		.byte	0x1
 1459 095c 50       		.byte	0x50
 1460 095d 02       		.byte	0x2
 1461 095e 76       		.byte	0x76
 1462 095f 00       		.sleb128 0
 1463 0960 00       		.byte	0
 1464 0961 00       		.byte	0
 1465 0962 21       		.uleb128 0x21
 1466 0963 49000000 		.4byte	0x49
 1467 0967 72090000 		.4byte	0x972
 1468 096b 22       		.uleb128 0x22
 1469 096c 50030000 		.4byte	0x350
 1470 0970 01       		.byte	0x1
 1471 0971 00       		.byte	0
 1472 0972 23       		.uleb128 0x23
 1473 0973 D9010000 		.4byte	.LASF116
 1474 0977 01       		.byte	0x1
 1475 0978 29       		.byte	0x29
 1476 0979 62090000 		.4byte	0x962
 1477 097d 05       		.byte	0x5
 1478 097e 03       		.byte	0x3
 1479 097f 00000000 		.4byte	txbuf
 1480 0983 23       		.uleb128 0x23
ARM GAS  /tmp/ccXRlkSG.s 			page 27


 1481 0984 D1000000 		.4byte	.LASF117
 1482 0988 01       		.byte	0x1
 1483 0989 2A       		.byte	0x2a
 1484 098a 62090000 		.4byte	0x962
 1485 098e 05       		.byte	0x5
 1486 098f 03       		.byte	0x3
 1487 0990 00000000 		.4byte	rxbuf
 1488 0994 24       		.uleb128 0x24
 1489 0995 C4000000 		.4byte	.LASF126
 1490 0999 0E       		.byte	0xe
 1491 099a 9806     		.2byte	0x698
 1492 099c F6030000 		.4byte	0x3f6
 1493 09a0 01       		.byte	0x1
 1494 09a1 01       		.byte	0x1
 1495 09a2 25       		.uleb128 0x25
 1496 09a3 01       		.byte	0x1
 1497 09a4 5A040000 		.4byte	.LASF118
 1498 09a8 0C       		.byte	0xc
 1499 09a9 2A01     		.2byte	0x12a
 1500 09ab 01       		.byte	0x1
 1501 09ac 01       		.byte	0x1
 1502 09ad B7090000 		.4byte	0x9b7
 1503 09b1 18       		.uleb128 0x18
 1504 09b2 E4070000 		.4byte	0x7e4
 1505 09b6 00       		.byte	0
 1506 09b7 25       		.uleb128 0x25
 1507 09b8 01       		.byte	0x1
 1508 09b9 2F020000 		.4byte	.LASF119
 1509 09bd 0C       		.byte	0xc
 1510 09be 3301     		.2byte	0x133
 1511 09c0 01       		.byte	0x1
 1512 09c1 01       		.byte	0x1
 1513 09c2 DB090000 		.4byte	0x9db
 1514 09c6 18       		.uleb128 0x18
 1515 09c7 E4070000 		.4byte	0x7e4
 1516 09cb 18       		.uleb128 0x18
 1517 09cc 30000000 		.4byte	0x30
 1518 09d0 18       		.uleb128 0x18
 1519 09d1 DB090000 		.4byte	0x9db
 1520 09d5 18       		.uleb128 0x18
 1521 09d6 98020000 		.4byte	0x298
 1522 09da 00       		.byte	0
 1523 09db 09       		.uleb128 0x9
 1524 09dc 04       		.byte	0x4
 1525 09dd E1090000 		.4byte	0x9e1
 1526 09e1 26       		.uleb128 0x26
 1527 09e2 25       		.uleb128 0x25
 1528 09e3 01       		.byte	0x1
 1529 09e4 BA010000 		.4byte	.LASF120
 1530 09e8 0C       		.byte	0xc
 1531 09e9 2B01     		.2byte	0x12b
 1532 09eb 01       		.byte	0x1
 1533 09ec 01       		.byte	0x1
 1534 09ed F7090000 		.4byte	0x9f7
 1535 09f1 18       		.uleb128 0x18
 1536 09f2 E4070000 		.4byte	0x7e4
 1537 09f6 00       		.byte	0
ARM GAS  /tmp/ccXRlkSG.s 			page 28


 1538 09f7 27       		.uleb128 0x27
 1539 09f8 01       		.byte	0x1
 1540 09f9 97010000 		.4byte	.LASF127
 1541 09fd 0C       		.byte	0xc
 1542 09fe 3401     		.2byte	0x134
 1543 0a00 01       		.byte	0x1
 1544 0a01 01       		.byte	0x1
 1545 0a02 18       		.uleb128 0x18
 1546 0a03 E4070000 		.4byte	0x7e4
 1547 0a07 18       		.uleb128 0x18
 1548 0a08 30000000 		.4byte	0x30
 1549 0a0c 18       		.uleb128 0x18
 1550 0a0d DB090000 		.4byte	0x9db
 1551 0a11 00       		.byte	0
 1552 0a12 00       		.byte	0
 1553              		.section	.debug_abbrev,"",%progbits
 1554              	.Ldebug_abbrev0:
 1555 0000 01       		.uleb128 0x1
 1556 0001 11       		.uleb128 0x11
 1557 0002 01       		.byte	0x1
 1558 0003 25       		.uleb128 0x25
 1559 0004 0E       		.uleb128 0xe
 1560 0005 13       		.uleb128 0x13
 1561 0006 0B       		.uleb128 0xb
 1562 0007 03       		.uleb128 0x3
 1563 0008 0E       		.uleb128 0xe
 1564 0009 1B       		.uleb128 0x1b
 1565 000a 0E       		.uleb128 0xe
 1566 000b 55       		.uleb128 0x55
 1567 000c 06       		.uleb128 0x6
 1568 000d 11       		.uleb128 0x11
 1569 000e 01       		.uleb128 0x1
 1570 000f 52       		.uleb128 0x52
 1571 0010 01       		.uleb128 0x1
 1572 0011 10       		.uleb128 0x10
 1573 0012 06       		.uleb128 0x6
 1574 0013 00       		.byte	0
 1575 0014 00       		.byte	0
 1576 0015 02       		.uleb128 0x2
 1577 0016 24       		.uleb128 0x24
 1578 0017 00       		.byte	0
 1579 0018 0B       		.uleb128 0xb
 1580 0019 0B       		.uleb128 0xb
 1581 001a 3E       		.uleb128 0x3e
 1582 001b 0B       		.uleb128 0xb
 1583 001c 03       		.uleb128 0x3
 1584 001d 08       		.uleb128 0x8
 1585 001e 00       		.byte	0
 1586 001f 00       		.byte	0
 1587 0020 03       		.uleb128 0x3
 1588 0021 16       		.uleb128 0x16
 1589 0022 00       		.byte	0
 1590 0023 03       		.uleb128 0x3
 1591 0024 0E       		.uleb128 0xe
 1592 0025 3A       		.uleb128 0x3a
 1593 0026 0B       		.uleb128 0xb
 1594 0027 3B       		.uleb128 0x3b
ARM GAS  /tmp/ccXRlkSG.s 			page 29


 1595 0028 0B       		.uleb128 0xb
 1596 0029 49       		.uleb128 0x49
 1597 002a 13       		.uleb128 0x13
 1598 002b 00       		.byte	0
 1599 002c 00       		.byte	0
 1600 002d 04       		.uleb128 0x4
 1601 002e 24       		.uleb128 0x24
 1602 002f 00       		.byte	0
 1603 0030 0B       		.uleb128 0xb
 1604 0031 0B       		.uleb128 0xb
 1605 0032 3E       		.uleb128 0x3e
 1606 0033 0B       		.uleb128 0xb
 1607 0034 03       		.uleb128 0x3
 1608 0035 0E       		.uleb128 0xe
 1609 0036 00       		.byte	0
 1610 0037 00       		.byte	0
 1611 0038 05       		.uleb128 0x5
 1612 0039 13       		.uleb128 0x13
 1613 003a 01       		.byte	0x1
 1614 003b 03       		.uleb128 0x3
 1615 003c 0E       		.uleb128 0xe
 1616 003d 0B       		.uleb128 0xb
 1617 003e 0B       		.uleb128 0xb
 1618 003f 3A       		.uleb128 0x3a
 1619 0040 0B       		.uleb128 0xb
 1620 0041 3B       		.uleb128 0x3b
 1621 0042 0B       		.uleb128 0xb
 1622 0043 01       		.uleb128 0x1
 1623 0044 13       		.uleb128 0x13
 1624 0045 00       		.byte	0
 1625 0046 00       		.byte	0
 1626 0047 06       		.uleb128 0x6
 1627 0048 0D       		.uleb128 0xd
 1628 0049 00       		.byte	0
 1629 004a 03       		.uleb128 0x3
 1630 004b 0E       		.uleb128 0xe
 1631 004c 3A       		.uleb128 0x3a
 1632 004d 0B       		.uleb128 0xb
 1633 004e 3B       		.uleb128 0x3b
 1634 004f 0B       		.uleb128 0xb
 1635 0050 49       		.uleb128 0x49
 1636 0051 13       		.uleb128 0x13
 1637 0052 38       		.uleb128 0x38
 1638 0053 0A       		.uleb128 0xa
 1639 0054 00       		.byte	0
 1640 0055 00       		.byte	0
 1641 0056 07       		.uleb128 0x7
 1642 0057 0D       		.uleb128 0xd
 1643 0058 00       		.byte	0
 1644 0059 03       		.uleb128 0x3
 1645 005a 08       		.uleb128 0x8
 1646 005b 3A       		.uleb128 0x3a
 1647 005c 0B       		.uleb128 0xb
 1648 005d 3B       		.uleb128 0x3b
 1649 005e 0B       		.uleb128 0xb
 1650 005f 49       		.uleb128 0x49
 1651 0060 13       		.uleb128 0x13
ARM GAS  /tmp/ccXRlkSG.s 			page 30


 1652 0061 38       		.uleb128 0x38
 1653 0062 0A       		.uleb128 0xa
 1654 0063 00       		.byte	0
 1655 0064 00       		.byte	0
 1656 0065 08       		.uleb128 0x8
 1657 0066 13       		.uleb128 0x13
 1658 0067 01       		.byte	0x1
 1659 0068 0B       		.uleb128 0xb
 1660 0069 0B       		.uleb128 0xb
 1661 006a 3A       		.uleb128 0x3a
 1662 006b 0B       		.uleb128 0xb
 1663 006c 3B       		.uleb128 0x3b
 1664 006d 0B       		.uleb128 0xb
 1665 006e 01       		.uleb128 0x1
 1666 006f 13       		.uleb128 0x13
 1667 0070 00       		.byte	0
 1668 0071 00       		.byte	0
 1669 0072 09       		.uleb128 0x9
 1670 0073 0F       		.uleb128 0xf
 1671 0074 00       		.byte	0
 1672 0075 0B       		.uleb128 0xb
 1673 0076 0B       		.uleb128 0xb
 1674 0077 49       		.uleb128 0x49
 1675 0078 13       		.uleb128 0x13
 1676 0079 00       		.byte	0
 1677 007a 00       		.byte	0
 1678 007b 0A       		.uleb128 0xa
 1679 007c 0F       		.uleb128 0xf
 1680 007d 00       		.byte	0
 1681 007e 0B       		.uleb128 0xb
 1682 007f 0B       		.uleb128 0xb
 1683 0080 00       		.byte	0
 1684 0081 00       		.byte	0
 1685 0082 0B       		.uleb128 0xb
 1686 0083 13       		.uleb128 0x13
 1687 0084 01       		.byte	0x1
 1688 0085 03       		.uleb128 0x3
 1689 0086 0E       		.uleb128 0xe
 1690 0087 0B       		.uleb128 0xb
 1691 0088 0B       		.uleb128 0xb
 1692 0089 3A       		.uleb128 0x3a
 1693 008a 0B       		.uleb128 0xb
 1694 008b 3B       		.uleb128 0x3b
 1695 008c 05       		.uleb128 0x5
 1696 008d 01       		.uleb128 0x1
 1697 008e 13       		.uleb128 0x13
 1698 008f 00       		.byte	0
 1699 0090 00       		.byte	0
 1700 0091 0C       		.uleb128 0xc
 1701 0092 0D       		.uleb128 0xd
 1702 0093 00       		.byte	0
 1703 0094 03       		.uleb128 0x3
 1704 0095 08       		.uleb128 0x8
 1705 0096 3A       		.uleb128 0x3a
 1706 0097 0B       		.uleb128 0xb
 1707 0098 3B       		.uleb128 0x3b
 1708 0099 05       		.uleb128 0x5
ARM GAS  /tmp/ccXRlkSG.s 			page 31


 1709 009a 49       		.uleb128 0x49
 1710 009b 13       		.uleb128 0x13
 1711 009c 38       		.uleb128 0x38
 1712 009d 0A       		.uleb128 0xa
 1713 009e 00       		.byte	0
 1714 009f 00       		.byte	0
 1715 00a0 0D       		.uleb128 0xd
 1716 00a1 35       		.uleb128 0x35
 1717 00a2 00       		.byte	0
 1718 00a3 49       		.uleb128 0x49
 1719 00a4 13       		.uleb128 0x13
 1720 00a5 00       		.byte	0
 1721 00a6 00       		.byte	0
 1722 00a7 0E       		.uleb128 0xe
 1723 00a8 17       		.uleb128 0x17
 1724 00a9 01       		.byte	0x1
 1725 00aa 0B       		.uleb128 0xb
 1726 00ab 0B       		.uleb128 0xb
 1727 00ac 3A       		.uleb128 0x3a
 1728 00ad 0B       		.uleb128 0xb
 1729 00ae 3B       		.uleb128 0x3b
 1730 00af 0B       		.uleb128 0xb
 1731 00b0 01       		.uleb128 0x1
 1732 00b1 13       		.uleb128 0x13
 1733 00b2 00       		.byte	0
 1734 00b3 00       		.byte	0
 1735 00b4 0F       		.uleb128 0xf
 1736 00b5 0D       		.uleb128 0xd
 1737 00b6 00       		.byte	0
 1738 00b7 03       		.uleb128 0x3
 1739 00b8 0E       		.uleb128 0xe
 1740 00b9 3A       		.uleb128 0x3a
 1741 00ba 0B       		.uleb128 0xb
 1742 00bb 3B       		.uleb128 0x3b
 1743 00bc 0B       		.uleb128 0xb
 1744 00bd 49       		.uleb128 0x49
 1745 00be 13       		.uleb128 0x13
 1746 00bf 00       		.byte	0
 1747 00c0 00       		.byte	0
 1748 00c1 10       		.uleb128 0x10
 1749 00c2 26       		.uleb128 0x26
 1750 00c3 00       		.byte	0
 1751 00c4 49       		.uleb128 0x49
 1752 00c5 13       		.uleb128 0x13
 1753 00c6 00       		.byte	0
 1754 00c7 00       		.byte	0
 1755 00c8 11       		.uleb128 0x11
 1756 00c9 13       		.uleb128 0x13
 1757 00ca 01       		.byte	0x1
 1758 00cb 0B       		.uleb128 0xb
 1759 00cc 0B       		.uleb128 0xb
 1760 00cd 3A       		.uleb128 0x3a
 1761 00ce 0B       		.uleb128 0xb
 1762 00cf 3B       		.uleb128 0x3b
 1763 00d0 05       		.uleb128 0x5
 1764 00d1 01       		.uleb128 0x1
 1765 00d2 13       		.uleb128 0x13
ARM GAS  /tmp/ccXRlkSG.s 			page 32


 1766 00d3 00       		.byte	0
 1767 00d4 00       		.byte	0
 1768 00d5 12       		.uleb128 0x12
 1769 00d6 0D       		.uleb128 0xd
 1770 00d7 00       		.byte	0
 1771 00d8 03       		.uleb128 0x3
 1772 00d9 0E       		.uleb128 0xe
 1773 00da 3A       		.uleb128 0x3a
 1774 00db 0B       		.uleb128 0xb
 1775 00dc 3B       		.uleb128 0x3b
 1776 00dd 05       		.uleb128 0x5
 1777 00de 49       		.uleb128 0x49
 1778 00df 13       		.uleb128 0x13
 1779 00e0 38       		.uleb128 0x38
 1780 00e1 0A       		.uleb128 0xa
 1781 00e2 00       		.byte	0
 1782 00e3 00       		.byte	0
 1783 00e4 13       		.uleb128 0x13
 1784 00e5 16       		.uleb128 0x16
 1785 00e6 00       		.byte	0
 1786 00e7 03       		.uleb128 0x3
 1787 00e8 0E       		.uleb128 0xe
 1788 00e9 3A       		.uleb128 0x3a
 1789 00ea 0B       		.uleb128 0xb
 1790 00eb 3B       		.uleb128 0x3b
 1791 00ec 05       		.uleb128 0x5
 1792 00ed 49       		.uleb128 0x49
 1793 00ee 13       		.uleb128 0x13
 1794 00ef 00       		.byte	0
 1795 00f0 00       		.byte	0
 1796 00f1 14       		.uleb128 0x14
 1797 00f2 0D       		.uleb128 0xd
 1798 00f3 00       		.byte	0
 1799 00f4 03       		.uleb128 0x3
 1800 00f5 08       		.uleb128 0x8
 1801 00f6 3A       		.uleb128 0x3a
 1802 00f7 0B       		.uleb128 0xb
 1803 00f8 3B       		.uleb128 0x3b
 1804 00f9 0B       		.uleb128 0xb
 1805 00fa 49       		.uleb128 0x49
 1806 00fb 13       		.uleb128 0x13
 1807 00fc 00       		.byte	0
 1808 00fd 00       		.byte	0
 1809 00fe 15       		.uleb128 0x15
 1810 00ff 04       		.uleb128 0x4
 1811 0100 01       		.byte	0x1
 1812 0101 0B       		.uleb128 0xb
 1813 0102 0B       		.uleb128 0xb
 1814 0103 3A       		.uleb128 0x3a
 1815 0104 0B       		.uleb128 0xb
 1816 0105 3B       		.uleb128 0x3b
 1817 0106 0B       		.uleb128 0xb
 1818 0107 01       		.uleb128 0x1
 1819 0108 13       		.uleb128 0x13
 1820 0109 00       		.byte	0
 1821 010a 00       		.byte	0
 1822 010b 16       		.uleb128 0x16
ARM GAS  /tmp/ccXRlkSG.s 			page 33


 1823 010c 28       		.uleb128 0x28
 1824 010d 00       		.byte	0
 1825 010e 03       		.uleb128 0x3
 1826 010f 0E       		.uleb128 0xe
 1827 0110 1C       		.uleb128 0x1c
 1828 0111 0D       		.uleb128 0xd
 1829 0112 00       		.byte	0
 1830 0113 00       		.byte	0
 1831 0114 17       		.uleb128 0x17
 1832 0115 15       		.uleb128 0x15
 1833 0116 01       		.byte	0x1
 1834 0117 27       		.uleb128 0x27
 1835 0118 0C       		.uleb128 0xc
 1836 0119 01       		.uleb128 0x1
 1837 011a 13       		.uleb128 0x13
 1838 011b 00       		.byte	0
 1839 011c 00       		.byte	0
 1840 011d 18       		.uleb128 0x18
 1841 011e 05       		.uleb128 0x5
 1842 011f 00       		.byte	0
 1843 0120 49       		.uleb128 0x49
 1844 0121 13       		.uleb128 0x13
 1845 0122 00       		.byte	0
 1846 0123 00       		.byte	0
 1847 0124 19       		.uleb128 0x19
 1848 0125 2E       		.uleb128 0x2e
 1849 0126 01       		.byte	0x1
 1850 0127 3F       		.uleb128 0x3f
 1851 0128 0C       		.uleb128 0xc
 1852 0129 03       		.uleb128 0x3
 1853 012a 0E       		.uleb128 0xe
 1854 012b 3A       		.uleb128 0x3a
 1855 012c 0B       		.uleb128 0xb
 1856 012d 3B       		.uleb128 0x3b
 1857 012e 0B       		.uleb128 0xb
 1858 012f 27       		.uleb128 0x27
 1859 0130 0C       		.uleb128 0xc
 1860 0131 49       		.uleb128 0x49
 1861 0132 13       		.uleb128 0x13
 1862 0133 11       		.uleb128 0x11
 1863 0134 01       		.uleb128 0x1
 1864 0135 12       		.uleb128 0x12
 1865 0136 01       		.uleb128 0x1
 1866 0137 40       		.uleb128 0x40
 1867 0138 06       		.uleb128 0x6
 1868 0139 9742     		.uleb128 0x2117
 1869 013b 0C       		.uleb128 0xc
 1870 013c 01       		.uleb128 0x1
 1871 013d 13       		.uleb128 0x13
 1872 013e 00       		.byte	0
 1873 013f 00       		.byte	0
 1874 0140 1A       		.uleb128 0x1a
 1875 0141 05       		.uleb128 0x5
 1876 0142 00       		.byte	0
 1877 0143 03       		.uleb128 0x3
 1878 0144 0E       		.uleb128 0xe
 1879 0145 3A       		.uleb128 0x3a
ARM GAS  /tmp/ccXRlkSG.s 			page 34


 1880 0146 0B       		.uleb128 0xb
 1881 0147 3B       		.uleb128 0x3b
 1882 0148 0B       		.uleb128 0xb
 1883 0149 49       		.uleb128 0x49
 1884 014a 13       		.uleb128 0x13
 1885 014b 02       		.uleb128 0x2
 1886 014c 06       		.uleb128 0x6
 1887 014d 00       		.byte	0
 1888 014e 00       		.byte	0
 1889 014f 1B       		.uleb128 0x1b
 1890 0150 05       		.uleb128 0x5
 1891 0151 00       		.byte	0
 1892 0152 03       		.uleb128 0x3
 1893 0153 08       		.uleb128 0x8
 1894 0154 3A       		.uleb128 0x3a
 1895 0155 0B       		.uleb128 0xb
 1896 0156 3B       		.uleb128 0x3b
 1897 0157 0B       		.uleb128 0xb
 1898 0158 49       		.uleb128 0x49
 1899 0159 13       		.uleb128 0x13
 1900 015a 02       		.uleb128 0x2
 1901 015b 06       		.uleb128 0x6
 1902 015c 00       		.byte	0
 1903 015d 00       		.byte	0
 1904 015e 1C       		.uleb128 0x1c
 1905 015f 898201   		.uleb128 0x4109
 1906 0162 01       		.byte	0x1
 1907 0163 11       		.uleb128 0x11
 1908 0164 01       		.uleb128 0x1
 1909 0165 31       		.uleb128 0x31
 1910 0166 13       		.uleb128 0x13
 1911 0167 01       		.uleb128 0x1
 1912 0168 13       		.uleb128 0x13
 1913 0169 00       		.byte	0
 1914 016a 00       		.byte	0
 1915 016b 1D       		.uleb128 0x1d
 1916 016c 8A8201   		.uleb128 0x410a
 1917 016f 00       		.byte	0
 1918 0170 02       		.uleb128 0x2
 1919 0171 0A       		.uleb128 0xa
 1920 0172 9142     		.uleb128 0x2111
 1921 0174 0A       		.uleb128 0xa
 1922 0175 00       		.byte	0
 1923 0176 00       		.byte	0
 1924 0177 1E       		.uleb128 0x1e
 1925 0178 898201   		.uleb128 0x4109
 1926 017b 01       		.byte	0x1
 1927 017c 11       		.uleb128 0x11
 1928 017d 01       		.uleb128 0x1
 1929 017e 31       		.uleb128 0x31
 1930 017f 13       		.uleb128 0x13
 1931 0180 00       		.byte	0
 1932 0181 00       		.byte	0
 1933 0182 1F       		.uleb128 0x1f
 1934 0183 2E       		.uleb128 0x2e
 1935 0184 01       		.byte	0x1
 1936 0185 3F       		.uleb128 0x3f
ARM GAS  /tmp/ccXRlkSG.s 			page 35


 1937 0186 0C       		.uleb128 0xc
 1938 0187 03       		.uleb128 0x3
 1939 0188 0E       		.uleb128 0xe
 1940 0189 3A       		.uleb128 0x3a
 1941 018a 0B       		.uleb128 0xb
 1942 018b 3B       		.uleb128 0x3b
 1943 018c 0B       		.uleb128 0xb
 1944 018d 27       		.uleb128 0x27
 1945 018e 0C       		.uleb128 0xc
 1946 018f 11       		.uleb128 0x11
 1947 0190 01       		.uleb128 0x1
 1948 0191 12       		.uleb128 0x12
 1949 0192 01       		.uleb128 0x1
 1950 0193 40       		.uleb128 0x40
 1951 0194 06       		.uleb128 0x6
 1952 0195 9742     		.uleb128 0x2117
 1953 0197 0C       		.uleb128 0xc
 1954 0198 01       		.uleb128 0x1
 1955 0199 13       		.uleb128 0x13
 1956 019a 00       		.byte	0
 1957 019b 00       		.byte	0
 1958 019c 20       		.uleb128 0x20
 1959 019d 898201   		.uleb128 0x4109
 1960 01a0 01       		.byte	0x1
 1961 01a1 11       		.uleb128 0x11
 1962 01a2 01       		.uleb128 0x1
 1963 01a3 9542     		.uleb128 0x2115
 1964 01a5 0C       		.uleb128 0xc
 1965 01a6 31       		.uleb128 0x31
 1966 01a7 13       		.uleb128 0x13
 1967 01a8 00       		.byte	0
 1968 01a9 00       		.byte	0
 1969 01aa 21       		.uleb128 0x21
 1970 01ab 01       		.uleb128 0x1
 1971 01ac 01       		.byte	0x1
 1972 01ad 49       		.uleb128 0x49
 1973 01ae 13       		.uleb128 0x13
 1974 01af 01       		.uleb128 0x1
 1975 01b0 13       		.uleb128 0x13
 1976 01b1 00       		.byte	0
 1977 01b2 00       		.byte	0
 1978 01b3 22       		.uleb128 0x22
 1979 01b4 21       		.uleb128 0x21
 1980 01b5 00       		.byte	0
 1981 01b6 49       		.uleb128 0x49
 1982 01b7 13       		.uleb128 0x13
 1983 01b8 2F       		.uleb128 0x2f
 1984 01b9 0B       		.uleb128 0xb
 1985 01ba 00       		.byte	0
 1986 01bb 00       		.byte	0
 1987 01bc 23       		.uleb128 0x23
 1988 01bd 34       		.uleb128 0x34
 1989 01be 00       		.byte	0
 1990 01bf 03       		.uleb128 0x3
 1991 01c0 0E       		.uleb128 0xe
 1992 01c1 3A       		.uleb128 0x3a
 1993 01c2 0B       		.uleb128 0xb
ARM GAS  /tmp/ccXRlkSG.s 			page 36


 1994 01c3 3B       		.uleb128 0x3b
 1995 01c4 0B       		.uleb128 0xb
 1996 01c5 49       		.uleb128 0x49
 1997 01c6 13       		.uleb128 0x13
 1998 01c7 02       		.uleb128 0x2
 1999 01c8 0A       		.uleb128 0xa
 2000 01c9 00       		.byte	0
 2001 01ca 00       		.byte	0
 2002 01cb 24       		.uleb128 0x24
 2003 01cc 34       		.uleb128 0x34
 2004 01cd 00       		.byte	0
 2005 01ce 03       		.uleb128 0x3
 2006 01cf 0E       		.uleb128 0xe
 2007 01d0 3A       		.uleb128 0x3a
 2008 01d1 0B       		.uleb128 0xb
 2009 01d2 3B       		.uleb128 0x3b
 2010 01d3 05       		.uleb128 0x5
 2011 01d4 49       		.uleb128 0x49
 2012 01d5 13       		.uleb128 0x13
 2013 01d6 3F       		.uleb128 0x3f
 2014 01d7 0C       		.uleb128 0xc
 2015 01d8 3C       		.uleb128 0x3c
 2016 01d9 0C       		.uleb128 0xc
 2017 01da 00       		.byte	0
 2018 01db 00       		.byte	0
 2019 01dc 25       		.uleb128 0x25
 2020 01dd 2E       		.uleb128 0x2e
 2021 01de 01       		.byte	0x1
 2022 01df 3F       		.uleb128 0x3f
 2023 01e0 0C       		.uleb128 0xc
 2024 01e1 03       		.uleb128 0x3
 2025 01e2 0E       		.uleb128 0xe
 2026 01e3 3A       		.uleb128 0x3a
 2027 01e4 0B       		.uleb128 0xb
 2028 01e5 3B       		.uleb128 0x3b
 2029 01e6 05       		.uleb128 0x5
 2030 01e7 27       		.uleb128 0x27
 2031 01e8 0C       		.uleb128 0xc
 2032 01e9 3C       		.uleb128 0x3c
 2033 01ea 0C       		.uleb128 0xc
 2034 01eb 01       		.uleb128 0x1
 2035 01ec 13       		.uleb128 0x13
 2036 01ed 00       		.byte	0
 2037 01ee 00       		.byte	0
 2038 01ef 26       		.uleb128 0x26
 2039 01f0 26       		.uleb128 0x26
 2040 01f1 00       		.byte	0
 2041 01f2 00       		.byte	0
 2042 01f3 00       		.byte	0
 2043 01f4 27       		.uleb128 0x27
 2044 01f5 2E       		.uleb128 0x2e
 2045 01f6 01       		.byte	0x1
 2046 01f7 3F       		.uleb128 0x3f
 2047 01f8 0C       		.uleb128 0xc
 2048 01f9 03       		.uleb128 0x3
 2049 01fa 0E       		.uleb128 0xe
 2050 01fb 3A       		.uleb128 0x3a
ARM GAS  /tmp/ccXRlkSG.s 			page 37


 2051 01fc 0B       		.uleb128 0xb
 2052 01fd 3B       		.uleb128 0x3b
 2053 01fe 05       		.uleb128 0x5
 2054 01ff 27       		.uleb128 0x27
 2055 0200 0C       		.uleb128 0xc
 2056 0201 3C       		.uleb128 0x3c
 2057 0202 0C       		.uleb128 0xc
 2058 0203 00       		.byte	0
 2059 0204 00       		.byte	0
 2060 0205 00       		.byte	0
 2061              		.section	.debug_loc,"",%progbits
 2062              	.Ldebug_loc0:
 2063              	.LLST0:
 2064 0000 00000000 		.4byte	.LFB118
 2065 0004 02000000 		.4byte	.LCFI0
 2066 0008 0200     		.2byte	0x2
 2067 000a 7D       		.byte	0x7d
 2068 000b 00       		.sleb128 0
 2069 000c 02000000 		.4byte	.LCFI0
 2070 0010 3A000000 		.4byte	.LFE118
 2071 0014 0200     		.2byte	0x2
 2072 0016 7D       		.byte	0x7d
 2073 0017 18       		.sleb128 24
 2074 0018 00000000 		.4byte	0
 2075 001c 00000000 		.4byte	0
 2076              	.LLST1:
 2077 0020 00000000 		.4byte	.LVL0
 2078 0024 1D000000 		.4byte	.LVL1-1
 2079 0028 0100     		.2byte	0x1
 2080 002a 50       		.byte	0x50
 2081 002b 1D000000 		.4byte	.LVL1-1
 2082 002f 3A000000 		.4byte	.LFE118
 2083 0033 0100     		.2byte	0x1
 2084 0035 56       		.byte	0x56
 2085 0036 00000000 		.4byte	0
 2086 003a 00000000 		.4byte	0
 2087              	.LLST2:
 2088 003e 00000000 		.4byte	.LVL0
 2089 0042 1D000000 		.4byte	.LVL1-1
 2090 0046 0100     		.2byte	0x1
 2091 0048 51       		.byte	0x51
 2092 0049 1D000000 		.4byte	.LVL1-1
 2093 004d 3A000000 		.4byte	.LFE118
 2094 0051 0400     		.2byte	0x4
 2095 0053 F3       		.byte	0xf3
 2096 0054 01       		.uleb128 0x1
 2097 0055 51       		.byte	0x51
 2098 0056 9F       		.byte	0x9f
 2099 0057 00000000 		.4byte	0
 2100 005b 00000000 		.4byte	0
 2101              	.LLST3:
 2102 005f 00000000 		.4byte	.LFB119
 2103 0063 02000000 		.4byte	.LCFI1
 2104 0067 0200     		.2byte	0x2
 2105 0069 7D       		.byte	0x7d
 2106 006a 00       		.sleb128 0
 2107 006b 02000000 		.4byte	.LCFI1
ARM GAS  /tmp/ccXRlkSG.s 			page 38


 2108 006f 48000000 		.4byte	.LFE119
 2109 0073 0200     		.2byte	0x2
 2110 0075 7D       		.byte	0x7d
 2111 0076 18       		.sleb128 24
 2112 0077 00000000 		.4byte	0
 2113 007b 00000000 		.4byte	0
 2114              	.LLST4:
 2115 007f 00000000 		.4byte	.LVL4
 2116 0083 27000000 		.4byte	.LVL7-1
 2117 0087 0100     		.2byte	0x1
 2118 0089 50       		.byte	0x50
 2119 008a 27000000 		.4byte	.LVL7-1
 2120 008e 42000000 		.4byte	.LVL9
 2121 0092 0100     		.2byte	0x1
 2122 0094 56       		.byte	0x56
 2123 0095 42000000 		.4byte	.LVL9
 2124 0099 48000000 		.4byte	.LFE119
 2125 009d 0100     		.2byte	0x1
 2126 009f 50       		.byte	0x50
 2127 00a0 00000000 		.4byte	0
 2128 00a4 00000000 		.4byte	0
 2129              	.LLST5:
 2130 00a8 00000000 		.4byte	.LVL4
 2131 00ac 0A000000 		.4byte	.LVL5
 2132 00b0 0100     		.2byte	0x1
 2133 00b2 51       		.byte	0x51
 2134 00b3 0A000000 		.4byte	.LVL5
 2135 00b7 48000000 		.4byte	.LFE119
 2136 00bb 0400     		.2byte	0x4
 2137 00bd F3       		.byte	0xf3
 2138 00be 01       		.uleb128 0x1
 2139 00bf 51       		.byte	0x51
 2140 00c0 9F       		.byte	0x9f
 2141 00c1 00000000 		.4byte	0
 2142 00c5 00000000 		.4byte	0
 2143              	.LLST6:
 2144 00c9 00000000 		.4byte	.LVL4
 2145 00cd 18000000 		.4byte	.LVL6
 2146 00d1 0100     		.2byte	0x1
 2147 00d3 52       		.byte	0x52
 2148 00d4 18000000 		.4byte	.LVL6
 2149 00d8 48000000 		.4byte	.LFE119
 2150 00dc 0400     		.2byte	0x4
 2151 00de F3       		.byte	0xf3
 2152 00df 01       		.uleb128 0x1
 2153 00e0 52       		.byte	0x52
 2154 00e1 9F       		.byte	0x9f
 2155 00e2 00000000 		.4byte	0
 2156 00e6 00000000 		.4byte	0
 2157              		.section	.debug_aranges,"",%progbits
 2158 0000 24000000 		.4byte	0x24
 2159 0004 0200     		.2byte	0x2
 2160 0006 00000000 		.4byte	.Ldebug_info0
 2161 000a 04       		.byte	0x4
 2162 000b 00       		.byte	0
 2163 000c 0000     		.2byte	0
 2164 000e 0000     		.2byte	0
ARM GAS  /tmp/ccXRlkSG.s 			page 39


 2165 0010 00000000 		.4byte	.LFB118
 2166 0014 3A000000 		.4byte	.LFE118-.LFB118
 2167 0018 00000000 		.4byte	.LFB119
 2168 001c 48000000 		.4byte	.LFE119-.LFB119
 2169 0020 00000000 		.4byte	0
 2170 0024 00000000 		.4byte	0
 2171              		.section	.debug_ranges,"",%progbits
 2172              	.Ldebug_ranges0:
 2173 0000 00000000 		.4byte	.LFB118
 2174 0004 3A000000 		.4byte	.LFE118
 2175 0008 00000000 		.4byte	.LFB119
 2176 000c 48000000 		.4byte	.LFE119
 2177 0010 00000000 		.4byte	0
 2178 0014 00000000 		.4byte	0
 2179              		.section	.debug_line,"",%progbits
 2180              	.Ldebug_line0:
 2181 0000 A5020000 		.section	.debug_str,"MS",%progbits,1
 2181      02006302 
 2181      00000201 
 2181      FB0E0D00 
 2181      01010101 
 2182              	.LASF105:
 2183 0000 646D6172 		.ascii	"dmarx\000"
 2183      7800
 2184              	.LASF123:
 2185 0006 2F686F6D 		.ascii	"/home/thiago/workspace/STM32F4-Template\000"
 2185      652F7468 
 2185      6961676F 
 2185      2F776F72 
 2185      6B737061 
 2186              	.LASF59:
 2187 002e 4D304152 		.ascii	"M0AR\000"
 2187      00
 2188              	.LASF2:
 2189 0033 73697A65 		.ascii	"size_t\000"
 2189      5F7400
 2190              	.LASF53:
 2191 003a 7264796D 		.ascii	"rdymsg\000"
 2191      736700
 2192              	.LASF85:
 2193 0041 4F545950 		.ascii	"OTYPER\000"
 2193      455200
 2194              	.LASF97:
 2195 0048 5350495F 		.ascii	"SPI_ACTIVE\000"
 2195      41435449 
 2195      564500
 2196              	.LASF77:
 2197 0053 73747265 		.ascii	"stream\000"
 2197      616D00
 2198              	.LASF84:
 2199 005a 4D4F4445 		.ascii	"MODER\000"
 2199      5200
 2200              	.LASF13:
 2201 0060 6C6F6E67 		.ascii	"long long unsigned int\000"
 2201      206C6F6E 
 2201      6720756E 
 2201      7369676E 
ARM GAS  /tmp/ccXRlkSG.s 			page 40


 2201      65642069 
 2202              	.LASF96:
 2203 0077 5350495F 		.ascii	"SPI_READY\000"
 2203      52454144 
 2203      5900
 2204              	.LASF66:
 2205 0081 43524350 		.ascii	"CRCPR\000"
 2205      5200
 2206              	.LASF87:
 2207 0087 50555044 		.ascii	"PUPDR\000"
 2207      5200
 2208              	.LASF54:
 2209 008d 65786974 		.ascii	"exitcode\000"
 2209      636F6465 
 2209      00
 2210              	.LASF81:
 2211 0096 76656374 		.ascii	"vector\000"
 2211      6F7200
 2212              	.LASF125:
 2213 009d 6C697333 		.ascii	"lis302dlWriteRegister\000"
 2213      3032646C 
 2213      57726974 
 2213      65526567 
 2213      69737465 
 2214              	.LASF100:
 2215 00b3 53504944 		.ascii	"SPIDriver\000"
 2215      72697665 
 2215      7200
 2216              	.LASF111:
 2217 00bd 7373706F 		.ascii	"ssport\000"
 2217      727400
 2218              	.LASF126:
 2219 00c4 49544D5F 		.ascii	"ITM_RxBuffer\000"
 2219      52784275 
 2219      66666572 
 2219      00
 2220              	.LASF117:
 2221 00d1 72786275 		.ascii	"rxbuf\000"
 2221      6600
 2222              	.LASF26:
 2223 00d7 705F7072 		.ascii	"p_prio\000"
 2223      696F00
 2224              	.LASF112:
 2225 00de 73737061 		.ascii	"sspad\000"
 2225      6400
 2226              	.LASF12:
 2227 00e4 6C6F6E67 		.ascii	"long long int\000"
 2227      206C6F6E 
 2227      6720696E 
 2227      7400
 2228              	.LASF1:
 2229 00f2 7369676E 		.ascii	"signed char\000"
 2229      65642063 
 2229      68617200 
 2230              	.LASF88:
 2231 00fe 42535252 		.ascii	"BSRR\000"
 2231      00
ARM GAS  /tmp/ccXRlkSG.s 			page 41


 2232              	.LASF95:
 2233 0103 5350495F 		.ascii	"SPI_STOP\000"
 2233      53544F50 
 2233      00
 2234              	.LASF72:
 2235 010c 49325343 		.ascii	"I2SCFGR\000"
 2235      46475200 
 2236              	.LASF50:
 2237 0114 6D5F7175 		.ascii	"m_queue\000"
 2237      65756500 
 2238              	.LASF18:
 2239 011c 74736C69 		.ascii	"tslices_t\000"
 2239      6365735F 
 2239      7400
 2240              	.LASF109:
 2241 0126 73706963 		.ascii	"spicallback_t\000"
 2241      616C6C62 
 2241      61636B5F 
 2241      7400
 2242              	.LASF101:
 2243 0134 73746174 		.ascii	"state\000"
 2243      6500
 2244              	.LASF9:
 2245 013a 6C6F6E67 		.ascii	"long int\000"
 2245      20696E74 
 2245      00
 2246              	.LASF16:
 2247 0143 74737461 		.ascii	"tstate_t\000"
 2247      74655F74 
 2247      00
 2248              	.LASF103:
 2249 014c 74687265 		.ascii	"thread\000"
 2249      616400
 2250              	.LASF6:
 2251 0153 75696E74 		.ascii	"uint16_t\000"
 2251      31365F74 
 2251      00
 2252              	.LASF35:
 2253 015c 705F7469 		.ascii	"p_time\000"
 2253      6D6500
 2254              	.LASF28:
 2255 0163 705F6E65 		.ascii	"p_newer\000"
 2255      77657200 
 2256              	.LASF110:
 2257 016b 656E645F 		.ascii	"end_cb\000"
 2257      636200
 2258              	.LASF107:
 2259 0172 7278646D 		.ascii	"rxdmamode\000"
 2259      616D6F64 
 2259      6500
 2260              	.LASF92:
 2261 017c 4750494F 		.ascii	"GPIO_TypeDef\000"
 2261      5F547970 
 2261      65446566 
 2261      00
 2262              	.LASF106:
 2263 0189 646D6174 		.ascii	"dmatx\000"
ARM GAS  /tmp/ccXRlkSG.s 			page 42


 2263      7800
 2264              	.LASF86:
 2265 018f 4F535045 		.ascii	"OSPEEDR\000"
 2265      45445200 
 2266              	.LASF127:
 2267 0197 73706953 		.ascii	"spiSend\000"
 2267      656E6400 
 2268              	.LASF42:
 2269 019f 705F6D70 		.ascii	"p_mpool\000"
 2269      6F6F6C00 
 2270              	.LASF45:
 2271 01a7 72656761 		.ascii	"regarm_t\000"
 2271      726D5F74 
 2271      00
 2272              	.LASF80:
 2273 01b0 73656C66 		.ascii	"selfindex\000"
 2273      696E6465 
 2273      7800
 2274              	.LASF120:
 2275 01ba 73706955 		.ascii	"spiUnselect\000"
 2275      6E73656C 
 2275      65637400 
 2276              	.LASF115:
 2277 01c6 76616C75 		.ascii	"value\000"
 2277      6500
 2278              	.LASF0:
 2279 01cc 756E7369 		.ascii	"unsigned int\000"
 2279      676E6564 
 2279      20696E74 
 2279      00
 2280              	.LASF116:
 2281 01d9 74786275 		.ascii	"txbuf\000"
 2281      6600
 2282              	.LASF37:
 2283 01df 705F6D73 		.ascii	"p_msgqueue\000"
 2283      67717565 
 2283      756500
 2284              	.LASF89:
 2285 01ea 4C434B52 		.ascii	"LCKR\000"
 2285      00
 2286              	.LASF79:
 2287 01ef 69736869 		.ascii	"ishift\000"
 2287      667400
 2288              	.LASF7:
 2289 01f6 73686F72 		.ascii	"short unsigned int\000"
 2289      7420756E 
 2289      7369676E 
 2289      65642069 
 2289      6E7400
 2290              	.LASF20:
 2291 0209 6D73675F 		.ascii	"msg_t\000"
 2291      7400
 2292              	.LASF15:
 2293 020f 746D6F64 		.ascii	"tmode_t\000"
 2293      655F7400 
 2294              	.LASF44:
 2295 0217 54687265 		.ascii	"ThreadsList\000"
ARM GAS  /tmp/ccXRlkSG.s 			page 43


 2295      6164734C 
 2295      69737400 
 2296              	.LASF21:
 2297 0223 6576656E 		.ascii	"eventmask_t\000"
 2297      746D6173 
 2297      6B5F7400 
 2298              	.LASF119:
 2299 022f 73706945 		.ascii	"spiExchange\000"
 2299      78636861 
 2299      6E676500 
 2300              	.LASF74:
 2301 023b 49325350 		.ascii	"I2SPR\000"
 2301      5200
 2302              	.LASF48:
 2303 0241 73697A65 		.ascii	"sizetype\000"
 2303      74797065 
 2303      00
 2304              	.LASF83:
 2305 024a 636C6561 		.ascii	"clear\000"
 2305      7200
 2306              	.LASF49:
 2307 0250 4D757465 		.ascii	"Mutex\000"
 2307      7800
 2308              	.LASF29:
 2309 0256 705F6F6C 		.ascii	"p_older\000"
 2309      64657200 
 2310              	.LASF43:
 2311 025e 54687265 		.ascii	"ThreadsQueue\000"
 2311      61647351 
 2311      75657565 
 2311      00
 2312              	.LASF108:
 2313 026b 7478646D 		.ascii	"txdmamode\000"
 2313      616D6F64 
 2313      6500
 2314              	.LASF91:
 2315 0275 41465248 		.ascii	"AFRH\000"
 2315      00
 2316              	.LASF90:
 2317 027a 4146524C 		.ascii	"AFRL\000"
 2317      00
 2318              	.LASF70:
 2319 027f 54584352 		.ascii	"TXCRCR\000"
 2319      435200
 2320              	.LASF62:
 2321 0286 52455345 		.ascii	"RESERVED0\000"
 2321      52564544 
 2321      3000
 2322              	.LASF63:
 2323 0290 52455345 		.ascii	"RESERVED1\000"
 2323      52564544 
 2323      3100
 2324              	.LASF64:
 2325 029a 52455345 		.ascii	"RESERVED2\000"
 2325      52564544 
 2325      3200
 2326              	.LASF65:
ARM GAS  /tmp/ccXRlkSG.s 			page 44


 2327 02a4 52455345 		.ascii	"RESERVED3\000"
 2327      52564544 
 2327      3300
 2328              	.LASF67:
 2329 02ae 52455345 		.ascii	"RESERVED4\000"
 2329      52564544 
 2329      3400
 2330              	.LASF25:
 2331 02b8 705F7072 		.ascii	"p_prev\000"
 2331      657600
 2332              	.LASF71:
 2333 02bf 52455345 		.ascii	"RESERVED6\000"
 2333      52564544 
 2333      3600
 2334              	.LASF73:
 2335 02c9 52455345 		.ascii	"RESERVED7\000"
 2335      52564544 
 2335      3700
 2336              	.LASF75:
 2337 02d3 52455345 		.ascii	"RESERVED8\000"
 2337      52564544 
 2337      3800
 2338              	.LASF19:
 2339 02dd 74707269 		.ascii	"tprio_t\000"
 2339      6F5F7400 
 2340              	.LASF121:
 2341 02e5 474E5520 		.ascii	"GNU C 4.7.3 20130312 (release) [ARM/embedded-4_7-br"
 2341      4320342E 
 2341      372E3320 
 2341      32303133 
 2341      30333132 
 2342 0318 616E6368 		.ascii	"anch revision 196615]\000"
 2342      20726576 
 2342      6973696F 
 2342      6E203139 
 2342      36363135 
 2343              	.LASF104:
 2344 032e 6D757465 		.ascii	"mutex\000"
 2344      7800
 2345              	.LASF14:
 2346 0334 5F426F6F 		.ascii	"_Bool\000"
 2346      6C00
 2347              	.LASF8:
 2348 033a 696E7433 		.ascii	"int32_t\000"
 2348      325F7400 
 2349              	.LASF4:
 2350 0342 756E7369 		.ascii	"unsigned char\000"
 2350      676E6564 
 2350      20636861 
 2350      7200
 2351              	.LASF82:
 2352 0350 73746D33 		.ascii	"stm32_dma_stream_t\000"
 2352      325F646D 
 2352      615F7374 
 2352      7265616D 
 2352      5F7400
 2353              	.LASF40:
ARM GAS  /tmp/ccXRlkSG.s 			page 45


 2354 0363 705F6D74 		.ascii	"p_mtxlist\000"
 2354      786C6973 
 2354      7400
 2355              	.LASF5:
 2356 036d 73686F72 		.ascii	"short int\000"
 2356      7420696E 
 2356      7400
 2357              	.LASF31:
 2358 0377 705F7374 		.ascii	"p_state\000"
 2358      61746500 
 2359              	.LASF34:
 2360 037f 705F7072 		.ascii	"p_preempt\000"
 2360      65656D70 
 2360      7400
 2361              	.LASF56:
 2362 0389 65776D61 		.ascii	"ewmask\000"
 2362      736B00
 2363              	.LASF24:
 2364 0390 705F6E65 		.ascii	"p_next\000"
 2364      787400
 2365              	.LASF32:
 2366 0397 705F666C 		.ascii	"p_flags\000"
 2366      61677300 
 2367              	.LASF23:
 2368 039f 54687265 		.ascii	"Thread\000"
 2368      616400
 2369              	.LASF39:
 2370 03a6 705F6570 		.ascii	"p_epending\000"
 2370      656E6469 
 2370      6E6700
 2371              	.LASF78:
 2372 03b1 69666372 		.ascii	"ifcr\000"
 2372      00
 2373              	.LASF69:
 2374 03b6 52455345 		.ascii	"RESERVED5\000"
 2374      52564544 
 2374      3500
 2375              	.LASF10:
 2376 03c0 75696E74 		.ascii	"uint32_t\000"
 2376      33325F74 
 2376      00
 2377              	.LASF17:
 2378 03c9 74726566 		.ascii	"trefs_t\000"
 2378      735F7400 
 2379              	.LASF11:
 2380 03d1 6C6F6E67 		.ascii	"long unsigned int\000"
 2380      20756E73 
 2380      69676E65 
 2380      6420696E 
 2380      7400
 2381              	.LASF76:
 2382 03e3 5350495F 		.ascii	"SPI_TypeDef\000"
 2382      54797065 
 2382      44656600 
 2383              	.LASF57:
 2384 03ef 63686172 		.ascii	"char\000"
 2384      00
ARM GAS  /tmp/ccXRlkSG.s 			page 46


 2385              	.LASF98:
 2386 03f4 5350495F 		.ascii	"SPI_COMPLETE\000"
 2386      434F4D50 
 2386      4C455445 
 2386      00
 2387              	.LASF102:
 2388 0401 636F6E66 		.ascii	"config\000"
 2388      696700
 2389              	.LASF99:
 2390 0408 73706973 		.ascii	"spistate_t\000"
 2390      74617465 
 2390      5F7400
 2391              	.LASF52:
 2392 0413 6D5F6E65 		.ascii	"m_next\000"
 2392      787400
 2393              	.LASF22:
 2394 041a 73797374 		.ascii	"systime_t\000"
 2394      696D655F 
 2394      7400
 2395              	.LASF41:
 2396 0424 705F7265 		.ascii	"p_realprio\000"
 2396      616C7072 
 2396      696F00
 2397              	.LASF58:
 2398 042f 4E445452 		.ascii	"NDTR\000"
 2398      00
 2399              	.LASF61:
 2400 0434 444D415F 		.ascii	"DMA_Stream_TypeDef\000"
 2400      53747265 
 2400      616D5F54 
 2400      79706544 
 2400      656600
 2401              	.LASF93:
 2402 0447 696F706F 		.ascii	"ioportid_t\000"
 2402      72746964 
 2402      5F7400
 2403              	.LASF47:
 2404 0452 636F6E74 		.ascii	"context\000"
 2404      65787400 
 2405              	.LASF118:
 2406 045a 73706953 		.ascii	"spiSelect\000"
 2406      656C6563 
 2406      7400
 2407              	.LASF46:
 2408 0464 696E7463 		.ascii	"intctx\000"
 2408      747800
 2409              	.LASF60:
 2410 046b 4D314152 		.ascii	"M1AR\000"
 2410      00
 2411              	.LASF94:
 2412 0470 5350495F 		.ascii	"SPI_UNINIT\000"
 2412      554E494E 
 2412      495400
 2413              	.LASF124:
 2414 047b 6C697333 		.ascii	"lis302dlReadRegister\000"
 2414      3032646C 
 2414      52656164 
ARM GAS  /tmp/ccXRlkSG.s 			page 47


 2414      52656769 
 2414      73746572 
 2415              	.LASF33:
 2416 0490 705F7265 		.ascii	"p_refs\000"
 2416      667300
 2417              	.LASF68:
 2418 0497 52584352 		.ascii	"RXCRCR\000"
 2418      435200
 2419              	.LASF3:
 2420 049e 75696E74 		.ascii	"uint8_t\000"
 2420      385F7400 
 2421              	.LASF114:
 2422 04a6 73706970 		.ascii	"spip\000"
 2422      00
 2423              	.LASF55:
 2424 04ab 77746F62 		.ascii	"wtobjp\000"
 2424      6A7000
 2425              	.LASF30:
 2426 04b2 705F6E61 		.ascii	"p_name\000"
 2426      6D6500
 2427              	.LASF113:
 2428 04b9 53504943 		.ascii	"SPIConfig\000"
 2428      6F6E6669 
 2428      6700
 2429              	.LASF38:
 2430 04c3 705F6D73 		.ascii	"p_msg\000"
 2430      6700
 2431              	.LASF122:
 2432 04c9 2E2F4368 		.ascii	"./ChibiOS/os/various/devices_lib/accel/lis302dl.c\000"
 2432      6962694F 
 2432      532F6F73 
 2432      2F766172 
 2432      696F7573 
 2433              	.LASF51:
 2434 04fb 6D5F6F77 		.ascii	"m_owner\000"
 2434      6E657200 
 2435              	.LASF27:
 2436 0503 705F6374 		.ascii	"p_ctx\000"
 2436      7800
 2437              	.LASF36:
 2438 0509 705F7761 		.ascii	"p_waiting\000"
 2438      6974696E 
 2438      6700
 2439              		.ident	"GCC: (GNU Tools for ARM Embedded Processors) 4.7.3 20130312 (release) [ARM/embedded-4_7-br
ARM GAS  /tmp/ccXRlkSG.s 			page 48


DEFINED SYMBOLS
                            *ABS*:0000000000000000 lis302dl.c
     /tmp/ccXRlkSG.s:19     .text.lis302dlReadRegister:0000000000000000 $t
     /tmp/ccXRlkSG.s:25     .text.lis302dlReadRegister:0000000000000000 lis302dlReadRegister
     /tmp/ccXRlkSG.s:166    .bss.txbuf:0000000000000000 .LANCHOR0
     /tmp/ccXRlkSG.s:159    .bss.rxbuf:0000000000000000 .LANCHOR1
     /tmp/ccXRlkSG.s:82     .text.lis302dlWriteRegister:0000000000000000 $t
     /tmp/ccXRlkSG.s:88     .text.lis302dlWriteRegister:0000000000000000 lis302dlWriteRegister
     /tmp/ccXRlkSG.s:153    .text.lis302dlWriteRegister:0000000000000044 $d
     /tmp/ccXRlkSG.s:158    .bss.rxbuf:0000000000000000 $d
     /tmp/ccXRlkSG.s:162    .bss.rxbuf:0000000000000000 rxbuf
     /tmp/ccXRlkSG.s:165    .bss.txbuf:0000000000000000 $d
     /tmp/ccXRlkSG.s:169    .bss.txbuf:0000000000000000 txbuf
                     .debug_frame:0000000000000010 $d
     /tmp/ccXRlkSG.s:157    .text.lis302dlWriteRegister:0000000000000048 $t

UNDEFINED SYMBOLS
spiSelect
spiExchange
spiUnselect
spiSend
