ARM GAS  /tmp/ccfmYDBc.s 			page 1


   1              		.syntax unified
   2              		.cpu cortex-m4
   3              		.fpu softvfp
   4              		.eabi_attribute 20, 1
   5              		.eabi_attribute 21, 1
   6              		.eabi_attribute 23, 3
   7              		.eabi_attribute 24, 1
   8              		.eabi_attribute 25, 1
   9              		.eabi_attribute 26, 1
  10              		.eabi_attribute 30, 2
  11              		.eabi_attribute 34, 1
  12              		.eabi_attribute 18, 4
  13              		.thumb
  14              		.file	"main.c"
  15              		.text
  16              	.Ltext0:
  17              		.cfi_sections	.debug_frame
  18              		.section	.text.Thread1,"ax",%progbits
  19              		.align	2
  20              		.p2align 4,,15
  21              		.thumb
  22              		.thumb_func
  23              		.type	Thread1, %function
  24              	Thread1:
  25              	.LFB118:
  26              		.file 1 "src/main.c"
  27              		.loc 1 25 0
  28              		.cfi_startproc
  29              		@ args = 0, pretend = 0, frame = 0
  30              		@ frame_needed = 0, uses_anonymous_args = 0
  31              	.LVL0:
  32              		.loc 1 28 0
  33 0000 0B4B     		ldr	r3, .L4
  34 0002 0C4A     		ldr	r2, .L4+4
  35 0004 9869     		ldr	r0, [r3, #24]
  36              	.LVL1:
  37              		.loc 1 25 0
  38 0006 70B5     		push	{r4, r5, r6, lr}
  39              	.LCFI0:
  40              		.cfi_def_cfa_offset 16
  41              		.cfi_offset 4, -16
  42              		.cfi_offset 5, -12
  43              		.cfi_offset 6, -8
  44              		.cfi_offset 14, -4
  45              		.loc 1 30 0
  46 0008 4FF44064 		mov	r4, #3072
  47 000c 4FF40055 		mov	r5, #8192
  48              		.loc 1 28 0
  49 0010 8261     		str	r2, [r0, #24]
  50              		.loc 1 30 0
  51 0012 C4F20204 		movt	r4, 16386
  52 0016 2E46     		mov	r6, r5	@ movhi
  53              	.L2:
  54              		.loc 1 30 0 is_stmt 0 discriminator 1
  55 0018 2683     		strh	r6, [r4, #24]	@ movhi
  56              		.loc 1 31 0 is_stmt 1 discriminator 1
  57 001a 4FF4FA70 		mov	r0, #500
ARM GAS  /tmp/ccfmYDBc.s 			page 2


  58 001e FFF7FEFF 		bl	chThdSleep
  59              	.LVL2:
  60              		.loc 1 32 0 discriminator 1
  61 0022 6583     		strh	r5, [r4, #26]	@ movhi
  62              		.loc 1 33 0 discriminator 1
  63 0024 4FF4FA70 		mov	r0, #500
  64 0028 FFF7FEFF 		bl	chThdSleep
  65              	.LVL3:
  66 002c F4E7     		b	.L2
  67              	.L5:
  68 002e 00BF     		.align	2
  69              	.L4:
  70 0030 00000000 		.word	rlist
  71 0034 00000000 		.word	.LC0
  72              		.cfi_endproc
  73              	.LFE118:
  74              		.size	Thread1, .-Thread1
  75 0038 AFF30080 		.section	.text.setup,"ax",%progbits
  75      AFF30080 
  76              		.align	2
  77              		.p2align 4,,15
  78              		.global	setup
  79              		.thumb
  80              		.thumb_func
  81              		.type	setup, %function
  82              	setup:
  83              	.LFB120:
  84              		.loc 1 65 0
  85              		.cfi_startproc
  86              		@ args = 0, pretend = 0, frame = 0
  87              		@ frame_needed = 0, uses_anonymous_args = 0
  88 0000 00B5     		push	{lr}
  89              	.LCFI1:
  90              		.cfi_def_cfa_offset 4
  91              		.cfi_offset 14, -4
  92 0002 83B0     		sub	sp, sp, #12
  93              	.LCFI2:
  94              		.cfi_def_cfa_offset 16
  95              		.loc 1 69 0
  96 0004 0023     		movs	r3, #0
  97 0006 0093     		str	r3, [sp, #0]
  98 0008 40F20000 		movw	r0, #:lower16:.LANCHOR0
  99 000c 40F20003 		movw	r3, #:lower16:Thread1
 100 0010 4FF49871 		mov	r1, #304
 101 0014 4022     		movs	r2, #64
 102 0016 C0F20003 		movt	r3, #:upper16:Thread1
 103 001a C0F20000 		movt	r0, #:upper16:.LANCHOR0
 104 001e FFF7FEFF 		bl	chThdCreateStatic
 105              	.LVL4:
 106              		.loc 1 70 0
 107 0022 03B0     		add	sp, sp, #12
 108 0024 00BD     		pop	{pc}
 109              		.cfi_endproc
 110              	.LFE120:
 111              		.size	setup, .-setup
 112 0026 00BFAFF3 		.section	.text.loop,"ax",%progbits
 112      0080AFF3 
ARM GAS  /tmp/ccfmYDBc.s 			page 3


 112      0080
 113              		.align	2
 114              		.p2align 4,,15
 115              		.global	loop
 116              		.thumb
 117              		.thumb_func
 118              		.type	loop, %function
 119              	loop:
 120              	.LFB121:
 121              		.loc 1 72 0
 122              		.cfi_startproc
 123              		@ args = 0, pretend = 0, frame = 0
 124              		@ frame_needed = 0, uses_anonymous_args = 0
 125 0000 38B5     		push	{r3, r4, r5, lr}
 126              	.LCFI3:
 127              		.cfi_def_cfa_offset 16
 128              		.cfi_offset 3, -16
 129              		.cfi_offset 4, -12
 130              		.cfi_offset 5, -8
 131              		.cfi_offset 14, -4
 132              		.loc 1 73 0
 133 0002 4FF44064 		mov	r4, #3072
 134 0006 C4F20204 		movt	r4, 16386
 135 000a 4FF48055 		mov	r5, #4096
 136              		.loc 1 74 0
 137 000e 4FF4FA70 		mov	r0, #500
 138              		.loc 1 73 0
 139 0012 2583     		strh	r5, [r4, #24]	@ movhi
 140              		.loc 1 74 0
 141 0014 FFF7FEFF 		bl	chThdSleep
 142              	.LVL5:
 143              		.loc 1 76 0
 144 0018 4FF4FA70 		mov	r0, #500
 145              		.loc 1 75 0
 146 001c 6583     		strh	r5, [r4, #26]	@ movhi
 147              		.loc 1 77 0
 148 001e BDE83840 		pop	{r3, r4, r5, lr}
 149              		.loc 1 76 0
 150 0022 FFF7FEBF 		b	chThdSleep
 151              	.LVL6:
 152              		.cfi_endproc
 153              	.LFE121:
 154              		.size	loop, .-loop
 155 0026 00BFAFF3 		.section	.text.startup.main,"ax",%progbits
 155      0080AFF3 
 155      0080
 156              		.align	2
 157              		.p2align 4,,15
 158              		.global	main
 159              		.thumb
 160              		.thumb_func
 161              		.type	main, %function
 162              	main:
 163              	.LFB119:
 164              		.loc 1 40 0
 165              		.cfi_startproc
 166              		@ Volatile: function does not return.
ARM GAS  /tmp/ccfmYDBc.s 			page 4


 167              		@ args = 0, pretend = 0, frame = 0
 168              		@ frame_needed = 0, uses_anonymous_args = 0
 169 0000 08B5     		push	{r3, lr}
 170              	.LCFI4:
 171              		.cfi_def_cfa_offset 8
 172              		.cfi_offset 3, -8
 173              		.cfi_offset 14, -4
 174              		.loc 1 49 0
 175 0002 FFF7FEFF 		bl	halInit
 176              	.LVL7:
 177              		.loc 1 50 0
 178 0006 FFF7FEFF 		bl	chSysInit
 179              	.LVL8:
 180              		.loc 1 52 0
 181 000a FFF7FEFF 		bl	setup
 182              	.LVL9:
 183              	.L9:
 184              	.LBB2:
 185              		.loc 1 61 0 discriminator 1
 186 000e FFF7FEFF 		bl	loop
 187              	.LVL10:
 188 0012 FCE7     		b	.L9
 189              	.LBE2:
 190              		.cfi_endproc
 191              	.LFE119:
 192              		.size	main, .-main
 193 0014 AFF30080 		.section	.bss.waThread1,"aw",%nobits
 193      AFF30080 
 193      AFF30080 
 194              		.align	3
 195              		.set	.LANCHOR0,. + 0
 196              		.type	waThread1, %object
 197              		.size	waThread1, 304
 198              	waThread1:
 199 0000 00000000 		.space	304
 199      00000000 
 199      00000000 
 199      00000000 
 199      00000000 
 200              		.section	.rodata.str1.4,"aMS",%progbits,1
 201              		.align	2
 202              	.LC0:
 203 0000 626C696E 		.ascii	"blinker\000"
 203      6B657200 
 204              		.text
 205              	.Letext0:
 206              		.file 2 "/usr/bin/../lib/gcc/arm-none-eabi/4.7.3/include/stddef.h"
 207              		.file 3 "/usr/bin/../lib/gcc/arm-none-eabi/4.7.3/../../../../arm-none-eabi/include/stdint.h"
 208              		.file 4 "./ChibiOS/os/ports/GCC/ARMCMx/chtypes.h"
 209              		.file 5 "./ChibiOS/os/kernel/include/chlists.h"
 210              		.file 6 "./ChibiOS/os/kernel/include/chthreads.h"
 211              		.file 7 "./ChibiOS/os/ports/GCC/ARMCMx/chcore_v7m.h"
 212              		.file 8 "./ChibiOS/os/kernel/include/chschd.h"
 213              		.file 9 "./ChibiOS/os/kernel/include/chmtx.h"
 214              		.file 10 "./ChibiOS/os/hal/platforms/STM32/GPIOv2/pal_lld.h"
 215              		.file 11 "./ChibiOS/os/ports/common/ARMCMx/CMSIS/include/core_cm4.h"
 216              		.file 12 "./ChibiOS/os/hal/include/hal.h"
ARM GAS  /tmp/ccfmYDBc.s 			page 5


 217              		.file 13 "./ChibiOS/os/kernel/include/chsys.h"
 218              		.section	.debug_info,"",%progbits
 219              	.Ldebug_info0:
 220 0000 68070000 		.4byte	0x768
 221 0004 0200     		.2byte	0x2
 222 0006 00000000 		.4byte	.Ldebug_abbrev0
 223 000a 04       		.byte	0x4
 224 000b 01       		.uleb128 0x1
 225 000c 78010000 		.4byte	.LASF86
 226 0010 01       		.byte	0x1
 227 0011 83030000 		.4byte	.LASF87
 228 0015 BF020000 		.4byte	.LASF88
 229 0019 00000000 		.4byte	.Ldebug_ranges0+0
 230 001d 00000000 		.4byte	0
 231 0021 00000000 		.4byte	0
 232 0025 00000000 		.4byte	.Ldebug_line0
 233 0029 02       		.uleb128 0x2
 234 002a 04       		.byte	0x4
 235 002b 05       		.byte	0x5
 236 002c 696E7400 		.ascii	"int\000"
 237 0030 03       		.uleb128 0x3
 238 0031 4C000000 		.4byte	.LASF2
 239 0035 02       		.byte	0x2
 240 0036 D5       		.byte	0xd5
 241 0037 3B000000 		.4byte	0x3b
 242 003b 04       		.uleb128 0x4
 243 003c 04       		.byte	0x4
 244 003d 07       		.byte	0x7
 245 003e 10020000 		.4byte	.LASF0
 246 0042 04       		.uleb128 0x4
 247 0043 01       		.byte	0x1
 248 0044 06       		.byte	0x6
 249 0045 DC010000 		.4byte	.LASF1
 250 0049 03       		.uleb128 0x3
 251 004a D0000000 		.4byte	.LASF3
 252 004e 03       		.byte	0x3
 253 004f 2A       		.byte	0x2a
 254 0050 54000000 		.4byte	0x54
 255 0054 04       		.uleb128 0x4
 256 0055 01       		.byte	0x1
 257 0056 08       		.byte	0x8
 258 0057 C7010000 		.4byte	.LASF4
 259 005b 04       		.uleb128 0x4
 260 005c 02       		.byte	0x2
 261 005d 05       		.byte	0x5
 262 005e 42000000 		.4byte	.LASF5
 263 0062 03       		.uleb128 0x3
 264 0063 1D020000 		.4byte	.LASF6
 265 0067 03       		.byte	0x3
 266 0068 36       		.byte	0x36
 267 0069 6D000000 		.4byte	0x6d
 268 006d 04       		.uleb128 0x4
 269 006e 02       		.byte	0x2
 270 006f 07       		.byte	0x7
 271 0070 91020000 		.4byte	.LASF7
 272 0074 03       		.uleb128 0x3
 273 0075 7A020000 		.4byte	.LASF8
ARM GAS  /tmp/ccfmYDBc.s 			page 6


 274 0079 03       		.byte	0x3
 275 007a 4F       		.byte	0x4f
 276 007b 7F000000 		.4byte	0x7f
 277 007f 04       		.uleb128 0x4
 278 0080 04       		.byte	0x4
 279 0081 05       		.byte	0x5
 280 0082 45010000 		.4byte	.LASF9
 281 0086 03       		.uleb128 0x3
 282 0087 07020000 		.4byte	.LASF10
 283 008b 03       		.byte	0x3
 284 008c 50       		.byte	0x50
 285 008d 91000000 		.4byte	0x91
 286 0091 04       		.uleb128 0x4
 287 0092 04       		.byte	0x4
 288 0093 07       		.byte	0x7
 289 0094 0B030000 		.4byte	.LASF11
 290 0098 04       		.uleb128 0x4
 291 0099 08       		.byte	0x8
 292 009a 05       		.byte	0x5
 293 009b 1B010000 		.4byte	.LASF12
 294 009f 03       		.uleb128 0x3
 295 00a0 2D000000 		.4byte	.LASF13
 296 00a4 03       		.byte	0x3
 297 00a5 78       		.byte	0x78
 298 00a6 AA000000 		.4byte	0xaa
 299 00aa 04       		.uleb128 0x4
 300 00ab 08       		.byte	0x8
 301 00ac 07       		.byte	0x7
 302 00ad F0010000 		.4byte	.LASF14
 303 00b1 04       		.uleb128 0x4
 304 00b2 01       		.byte	0x1
 305 00b3 02       		.byte	0x2
 306 00b4 B1020000 		.4byte	.LASF15
 307 00b8 03       		.uleb128 0x3
 308 00b9 13010000 		.4byte	.LASF16
 309 00bd 04       		.byte	0x4
 310 00be 25       		.byte	0x25
 311 00bf 49000000 		.4byte	0x49
 312 00c3 03       		.uleb128 0x3
 313 00c4 2B030000 		.4byte	.LASF17
 314 00c8 04       		.byte	0x4
 315 00c9 26       		.byte	0x26
 316 00ca 49000000 		.4byte	0x49
 317 00ce 03       		.uleb128 0x3
 318 00cf 0D000000 		.4byte	.LASF18
 319 00d3 04       		.byte	0x4
 320 00d4 27       		.byte	0x27
 321 00d5 49000000 		.4byte	0x49
 322 00d9 03       		.uleb128 0x3
 323 00da E2000000 		.4byte	.LASF19
 324 00de 04       		.byte	0x4
 325 00df 28       		.byte	0x28
 326 00e0 49000000 		.4byte	0x49
 327 00e4 03       		.uleb128 0x3
 328 00e5 31010000 		.4byte	.LASF20
 329 00e9 04       		.byte	0x4
 330 00ea 29       		.byte	0x29
ARM GAS  /tmp/ccfmYDBc.s 			page 7


 331 00eb 86000000 		.4byte	0x86
 332 00ef 03       		.uleb128 0x3
 333 00f0 C1010000 		.4byte	.LASF21
 334 00f4 04       		.byte	0x4
 335 00f5 2A       		.byte	0x2a
 336 00f6 74000000 		.4byte	0x74
 337 00fa 03       		.uleb128 0x3
 338 00fb 92000000 		.4byte	.LASF22
 339 00ff 04       		.byte	0x4
 340 0100 2C       		.byte	0x2c
 341 0101 86000000 		.4byte	0x86
 342 0105 03       		.uleb128 0x3
 343 0106 5D020000 		.4byte	.LASF23
 344 010a 04       		.byte	0x4
 345 010b 2E       		.byte	0x2e
 346 010c 86000000 		.4byte	0x86
 347 0110 03       		.uleb128 0x3
 348 0111 1D030000 		.4byte	.LASF24
 349 0115 05       		.byte	0x5
 350 0116 23       		.byte	0x23
 351 0117 1B010000 		.4byte	0x11b
 352 011b 05       		.uleb128 0x5
 353 011c 1D030000 		.4byte	.LASF24
 354 0120 48       		.byte	0x48
 355 0121 06       		.byte	0x6
 356 0122 57       		.byte	0x57
 357 0123 40020000 		.4byte	0x240
 358 0127 06       		.uleb128 0x6
 359 0128 B0000000 		.4byte	.LASF25
 360 012c 06       		.byte	0x6
 361 012d 58       		.byte	0x58
 362 012e 65020000 		.4byte	0x265
 363 0132 02       		.byte	0x2
 364 0133 23       		.byte	0x23
 365 0134 00       		.uleb128 0
 366 0135 06       		.uleb128 0x6
 367 0136 75000000 		.4byte	.LASF26
 368 013a 06       		.byte	0x6
 369 013b 5A       		.byte	0x5a
 370 013c 65020000 		.4byte	0x265
 371 0140 02       		.byte	0x2
 372 0141 23       		.byte	0x23
 373 0142 04       		.uleb128 0x4
 374 0143 06       		.uleb128 0x6
 375 0144 A9000000 		.4byte	.LASF27
 376 0148 06       		.byte	0x6
 377 0149 5C       		.byte	0x5c
 378 014a E4000000 		.4byte	0xe4
 379 014e 02       		.byte	0x2
 380 014f 23       		.byte	0x23
 381 0150 08       		.uleb128 0x8
 382 0151 06       		.uleb128 0x6
 383 0152 5C030000 		.4byte	.LASF28
 384 0156 06       		.byte	0x6
 385 0157 5D       		.byte	0x5d
 386 0158 3E030000 		.4byte	0x33e
 387 015c 02       		.byte	0x2
ARM GAS  /tmp/ccfmYDBc.s 			page 8


 388 015d 23       		.byte	0x23
 389 015e 0C       		.uleb128 0xc
 390 015f 06       		.uleb128 0x6
 391 0160 E8010000 		.4byte	.LASF29
 392 0164 06       		.byte	0x6
 393 0165 5F       		.byte	0x5f
 394 0166 65020000 		.4byte	0x265
 395 016a 02       		.byte	0x2
 396 016b 23       		.byte	0x23
 397 016c 10       		.uleb128 0x10
 398 016d 06       		.uleb128 0x6
 399 016e 48030000 		.4byte	.LASF30
 400 0172 06       		.byte	0x6
 401 0173 60       		.byte	0x60
 402 0174 65020000 		.4byte	0x265
 403 0178 02       		.byte	0x2
 404 0179 23       		.byte	0x23
 405 017a 14       		.uleb128 0x14
 406 017b 06       		.uleb128 0x6
 407 017c F5020000 		.4byte	.LASF31
 408 0180 06       		.byte	0x6
 409 0181 67       		.byte	0x67
 410 0182 57040000 		.4byte	0x457
 411 0186 02       		.byte	0x2
 412 0187 23       		.byte	0x23
 413 0188 18       		.uleb128 0x18
 414 0189 06       		.uleb128 0x6
 415 018a 89020000 		.4byte	.LASF32
 416 018e 06       		.byte	0x6
 417 018f 72       		.byte	0x72
 418 0190 C3000000 		.4byte	0xc3
 419 0194 02       		.byte	0x2
 420 0195 23       		.byte	0x23
 421 0196 1C       		.uleb128 0x1c
 422 0197 06       		.uleb128 0x6
 423 0198 40020000 		.4byte	.LASF33
 424 019c 06       		.byte	0x6
 425 019d 76       		.byte	0x76
 426 019e B8000000 		.4byte	0xb8
 427 01a2 02       		.byte	0x2
 428 01a3 23       		.byte	0x23
 429 01a4 1D       		.uleb128 0x1d
 430 01a5 06       		.uleb128 0x6
 431 01a6 55030000 		.4byte	.LASF34
 432 01aa 06       		.byte	0x6
 433 01ab 7B       		.byte	0x7b
 434 01ac CE000000 		.4byte	0xce
 435 01b0 02       		.byte	0x2
 436 01b1 23       		.byte	0x23
 437 01b2 1E       		.uleb128 0x1e
 438 01b3 06       		.uleb128 0x6
 439 01b4 48020000 		.4byte	.LASF35
 440 01b8 06       		.byte	0x6
 441 01b9 81       		.byte	0x81
 442 01ba D9000000 		.4byte	0xd9
 443 01be 02       		.byte	0x2
 444 01bf 23       		.byte	0x23
ARM GAS  /tmp/ccfmYDBc.s 			page 9


 445 01c0 1F       		.uleb128 0x1f
 446 01c1 06       		.uleb128 0x6
 447 01c2 FF000000 		.4byte	.LASF36
 448 01c6 06       		.byte	0x6
 449 01c7 88       		.byte	0x88
 450 01c8 6D030000 		.4byte	0x36d
 451 01cc 02       		.byte	0x2
 452 01cd 23       		.byte	0x23
 453 01ce 20       		.uleb128 0x20
 454 01cf 07       		.uleb128 0x7
 455 01d0 705F7500 		.ascii	"p_u\000"
 456 01d4 06       		.byte	0x6
 457 01d5 AD       		.byte	0xad
 458 01d6 22040000 		.4byte	0x422
 459 01da 02       		.byte	0x2
 460 01db 23       		.byte	0x23
 461 01dc 24       		.uleb128 0x24
 462 01dd 06       		.uleb128 0x6
 463 01de 64010000 		.4byte	.LASF37
 464 01e2 06       		.byte	0x6
 465 01e3 B2       		.byte	0xb2
 466 01e4 8D020000 		.4byte	0x28d
 467 01e8 02       		.byte	0x2
 468 01e9 23       		.byte	0x23
 469 01ea 28       		.uleb128 0x28
 470 01eb 06       		.uleb128 0x6
 471 01ec 9E000000 		.4byte	.LASF38
 472 01f0 06       		.byte	0x6
 473 01f1 B8       		.byte	0xb8
 474 01f2 6B020000 		.4byte	0x26b
 475 01f6 02       		.byte	0x2
 476 01f7 23       		.byte	0x23
 477 01f8 2C       		.uleb128 0x2c
 478 01f9 06       		.uleb128 0x6
 479 01fa 3F010000 		.4byte	.LASF39
 480 01fe 06       		.byte	0x6
 481 01ff BC       		.byte	0xbc
 482 0200 EF000000 		.4byte	0xef
 483 0204 02       		.byte	0x2
 484 0205 23       		.byte	0x23
 485 0206 34       		.uleb128 0x34
 486 0207 06       		.uleb128 0x6
 487 0208 BC000000 		.4byte	.LASF40
 488 020c 06       		.byte	0x6
 489 020d C2       		.byte	0xc2
 490 020e FA000000 		.4byte	0xfa
 491 0212 02       		.byte	0x2
 492 0213 23       		.byte	0x23
 493 0214 38       		.uleb128 0x38
 494 0215 06       		.uleb128 0x6
 495 0216 EB020000 		.4byte	.LASF41
 496 021a 06       		.byte	0x6
 497 021b C9       		.byte	0xc9
 498 021c 69040000 		.4byte	0x469
 499 0220 02       		.byte	0x2
 500 0221 23       		.byte	0x23
 501 0222 3C       		.uleb128 0x3c
ARM GAS  /tmp/ccfmYDBc.s 			page 10


 502 0223 06       		.uleb128 0x6
 503 0224 52020000 		.4byte	.LASF42
 504 0228 06       		.byte	0x6
 505 0229 CD       		.byte	0xcd
 506 022a E4000000 		.4byte	0xe4
 507 022e 02       		.byte	0x2
 508 022f 23       		.byte	0x23
 509 0230 40       		.uleb128 0x40
 510 0231 06       		.uleb128 0x6
 511 0232 2B020000 		.4byte	.LASF43
 512 0236 06       		.byte	0x6
 513 0237 D3       		.byte	0xd3
 514 0238 A3020000 		.4byte	0x2a3
 515 023c 02       		.byte	0x2
 516 023d 23       		.byte	0x23
 517 023e 44       		.uleb128 0x44
 518 023f 00       		.byte	0
 519 0240 08       		.uleb128 0x8
 520 0241 08       		.byte	0x8
 521 0242 05       		.byte	0x5
 522 0243 5A       		.byte	0x5a
 523 0244 65020000 		.4byte	0x265
 524 0248 06       		.uleb128 0x6
 525 0249 B0000000 		.4byte	.LASF25
 526 024d 05       		.byte	0x5
 527 024e 5B       		.byte	0x5b
 528 024f 65020000 		.4byte	0x265
 529 0253 02       		.byte	0x2
 530 0254 23       		.byte	0x23
 531 0255 00       		.uleb128 0
 532 0256 06       		.uleb128 0x6
 533 0257 75000000 		.4byte	.LASF26
 534 025b 05       		.byte	0x5
 535 025c 5D       		.byte	0x5d
 536 025d 65020000 		.4byte	0x265
 537 0261 02       		.byte	0x2
 538 0262 23       		.byte	0x23
 539 0263 04       		.uleb128 0x4
 540 0264 00       		.byte	0
 541 0265 09       		.uleb128 0x9
 542 0266 04       		.byte	0x4
 543 0267 10010000 		.4byte	0x110
 544 026b 03       		.uleb128 0x3
 545 026c A4020000 		.4byte	.LASF44
 546 0270 05       		.byte	0x5
 547 0271 5F       		.byte	0x5f
 548 0272 40020000 		.4byte	0x240
 549 0276 08       		.uleb128 0x8
 550 0277 04       		.byte	0x4
 551 0278 05       		.byte	0x5
 552 0279 64       		.byte	0x64
 553 027a 8D020000 		.4byte	0x28d
 554 027e 06       		.uleb128 0x6
 555 027f B0000000 		.4byte	.LASF25
 556 0283 05       		.byte	0x5
 557 0284 66       		.byte	0x66
 558 0285 65020000 		.4byte	0x265
ARM GAS  /tmp/ccfmYDBc.s 			page 11


 559 0289 02       		.byte	0x2
 560 028a 23       		.byte	0x23
 561 028b 00       		.uleb128 0
 562 028c 00       		.byte	0
 563 028d 03       		.uleb128 0x3
 564 028e 36000000 		.4byte	.LASF45
 565 0292 05       		.byte	0x5
 566 0293 69       		.byte	0x69
 567 0294 76020000 		.4byte	0x276
 568 0298 03       		.uleb128 0x3
 569 0299 C7000000 		.4byte	.LASF46
 570 029d 07       		.byte	0x7
 571 029e DE       		.byte	0xde
 572 029f A3020000 		.4byte	0x2a3
 573 02a3 0A       		.uleb128 0xa
 574 02a4 04       		.byte	0x4
 575 02a5 03       		.uleb128 0x3
 576 02a6 34030000 		.4byte	.LASF47
 577 02aa 07       		.byte	0x7
 578 02ab E4       		.byte	0xe4
 579 02ac 9F000000 		.4byte	0x9f
 580 02b0 0B       		.uleb128 0xb
 581 02b1 FC020000 		.4byte	.LASF48
 582 02b5 24       		.byte	0x24
 583 02b6 07       		.byte	0x7
 584 02b7 0501     		.2byte	0x105
 585 02b9 3E030000 		.4byte	0x33e
 586 02bd 0C       		.uleb128 0xc
 587 02be 723400   		.ascii	"r4\000"
 588 02c1 07       		.byte	0x7
 589 02c2 1801     		.2byte	0x118
 590 02c4 98020000 		.4byte	0x298
 591 02c8 02       		.byte	0x2
 592 02c9 23       		.byte	0x23
 593 02ca 00       		.uleb128 0
 594 02cb 0C       		.uleb128 0xc
 595 02cc 723500   		.ascii	"r5\000"
 596 02cf 07       		.byte	0x7
 597 02d0 1901     		.2byte	0x119
 598 02d2 98020000 		.4byte	0x298
 599 02d6 02       		.byte	0x2
 600 02d7 23       		.byte	0x23
 601 02d8 04       		.uleb128 0x4
 602 02d9 0C       		.uleb128 0xc
 603 02da 723600   		.ascii	"r6\000"
 604 02dd 07       		.byte	0x7
 605 02de 1A01     		.2byte	0x11a
 606 02e0 98020000 		.4byte	0x298
 607 02e4 02       		.byte	0x2
 608 02e5 23       		.byte	0x23
 609 02e6 08       		.uleb128 0x8
 610 02e7 0C       		.uleb128 0xc
 611 02e8 723700   		.ascii	"r7\000"
 612 02eb 07       		.byte	0x7
 613 02ec 1B01     		.2byte	0x11b
 614 02ee 98020000 		.4byte	0x298
 615 02f2 02       		.byte	0x2
ARM GAS  /tmp/ccfmYDBc.s 			page 12


 616 02f3 23       		.byte	0x23
 617 02f4 0C       		.uleb128 0xc
 618 02f5 0C       		.uleb128 0xc
 619 02f6 723800   		.ascii	"r8\000"
 620 02f9 07       		.byte	0x7
 621 02fa 1C01     		.2byte	0x11c
 622 02fc 98020000 		.4byte	0x298
 623 0300 02       		.byte	0x2
 624 0301 23       		.byte	0x23
 625 0302 10       		.uleb128 0x10
 626 0303 0C       		.uleb128 0xc
 627 0304 723900   		.ascii	"r9\000"
 628 0307 07       		.byte	0x7
 629 0308 1D01     		.2byte	0x11d
 630 030a 98020000 		.4byte	0x298
 631 030e 02       		.byte	0x2
 632 030f 23       		.byte	0x23
 633 0310 14       		.uleb128 0x14
 634 0311 0C       		.uleb128 0xc
 635 0312 72313000 		.ascii	"r10\000"
 636 0316 07       		.byte	0x7
 637 0317 1E01     		.2byte	0x11e
 638 0319 98020000 		.4byte	0x298
 639 031d 02       		.byte	0x2
 640 031e 23       		.byte	0x23
 641 031f 18       		.uleb128 0x18
 642 0320 0C       		.uleb128 0xc
 643 0321 72313100 		.ascii	"r11\000"
 644 0325 07       		.byte	0x7
 645 0326 1F01     		.2byte	0x11f
 646 0328 98020000 		.4byte	0x298
 647 032c 02       		.byte	0x2
 648 032d 23       		.byte	0x23
 649 032e 1C       		.uleb128 0x1c
 650 032f 0C       		.uleb128 0xc
 651 0330 6C7200   		.ascii	"lr\000"
 652 0333 07       		.byte	0x7
 653 0334 2001     		.2byte	0x120
 654 0336 98020000 		.4byte	0x298
 655 033a 02       		.byte	0x2
 656 033b 23       		.byte	0x23
 657 033c 20       		.uleb128 0x20
 658 033d 00       		.byte	0
 659 033e 0B       		.uleb128 0xb
 660 033f 5C010000 		.4byte	.LASF49
 661 0343 04       		.byte	0x4
 662 0344 07       		.byte	0x7
 663 0345 2A01     		.2byte	0x12a
 664 0347 5B030000 		.4byte	0x35b
 665 034b 0C       		.uleb128 0xc
 666 034c 72313300 		.ascii	"r13\000"
 667 0350 07       		.byte	0x7
 668 0351 2B01     		.2byte	0x12b
 669 0353 5B030000 		.4byte	0x35b
 670 0357 02       		.byte	0x2
 671 0358 23       		.byte	0x23
 672 0359 00       		.uleb128 0
ARM GAS  /tmp/ccfmYDBc.s 			page 13


 673 035a 00       		.byte	0
 674 035b 09       		.uleb128 0x9
 675 035c 04       		.byte	0x4
 676 035d B0020000 		.4byte	0x2b0
 677 0361 0D       		.uleb128 0xd
 678 0362 86000000 		.4byte	0x86
 679 0366 04       		.uleb128 0x4
 680 0367 04       		.byte	0x4
 681 0368 07       		.byte	0x7
 682 0369 62000000 		.4byte	.LASF50
 683 036d 0D       		.uleb128 0xd
 684 036e 05010000 		.4byte	0x105
 685 0372 08       		.uleb128 0x8
 686 0373 1C       		.byte	0x1c
 687 0374 08       		.byte	0x8
 688 0375 57       		.byte	0x57
 689 0376 CF030000 		.4byte	0x3cf
 690 037a 06       		.uleb128 0x6
 691 037b 53000000 		.4byte	.LASF51
 692 037f 08       		.byte	0x8
 693 0380 58       		.byte	0x58
 694 0381 6B020000 		.4byte	0x26b
 695 0385 02       		.byte	0x2
 696 0386 23       		.byte	0x23
 697 0387 00       		.uleb128 0
 698 0388 06       		.uleb128 0x6
 699 0389 82020000 		.4byte	.LASF52
 700 038d 08       		.byte	0x8
 701 038e 59       		.byte	0x59
 702 038f E4000000 		.4byte	0xe4
 703 0393 02       		.byte	0x2
 704 0394 23       		.byte	0x23
 705 0395 08       		.uleb128 0x8
 706 0396 06       		.uleb128 0x6
 707 0397 7C000000 		.4byte	.LASF53
 708 039b 08       		.byte	0x8
 709 039c 5B       		.byte	0x5b
 710 039d 3E030000 		.4byte	0x33e
 711 03a1 02       		.byte	0x2
 712 03a2 23       		.byte	0x23
 713 03a3 0C       		.uleb128 0xc
 714 03a4 06       		.uleb128 0x6
 715 03a5 38020000 		.4byte	.LASF54
 716 03a9 08       		.byte	0x8
 717 03aa 5E       		.byte	0x5e
 718 03ab 65020000 		.4byte	0x265
 719 03af 02       		.byte	0x2
 720 03b0 23       		.byte	0x23
 721 03b1 10       		.uleb128 0x10
 722 03b2 06       		.uleb128 0x6
 723 03b3 8E030000 		.4byte	.LASF55
 724 03b7 08       		.byte	0x8
 725 03b8 5F       		.byte	0x5f
 726 03b9 65020000 		.4byte	0x265
 727 03bd 02       		.byte	0x2
 728 03be 23       		.byte	0x23
 729 03bf 14       		.uleb128 0x14
ARM GAS  /tmp/ccfmYDBc.s 			page 14


 730 03c0 06       		.uleb128 0x6
 731 03c1 6E010000 		.4byte	.LASF56
 732 03c5 08       		.byte	0x8
 733 03c6 62       		.byte	0x62
 734 03c7 65020000 		.4byte	0x265
 735 03cb 02       		.byte	0x2
 736 03cc 23       		.byte	0x23
 737 03cd 18       		.uleb128 0x18
 738 03ce 00       		.byte	0
 739 03cf 03       		.uleb128 0x3
 740 03d0 6B000000 		.4byte	.LASF57
 741 03d4 08       		.byte	0x8
 742 03d5 64       		.byte	0x64
 743 03d6 72030000 		.4byte	0x372
 744 03da 05       		.uleb128 0x5
 745 03db 4E010000 		.4byte	.LASF58
 746 03df 10       		.byte	0x10
 747 03e0 09       		.byte	0x9
 748 03e1 25       		.byte	0x25
 749 03e2 11040000 		.4byte	0x411
 750 03e6 06       		.uleb128 0x6
 751 03e7 54010000 		.4byte	.LASF59
 752 03eb 09       		.byte	0x9
 753 03ec 26       		.byte	0x26
 754 03ed 6B020000 		.4byte	0x26b
 755 03f1 02       		.byte	0x2
 756 03f2 23       		.byte	0x23
 757 03f3 00       		.uleb128 0
 758 03f4 06       		.uleb128 0x6
 759 03f5 6F030000 		.4byte	.LASF60
 760 03f9 09       		.byte	0x9
 761 03fa 28       		.byte	0x28
 762 03fb 65020000 		.4byte	0x265
 763 03ff 02       		.byte	0x2
 764 0400 23       		.byte	0x23
 765 0401 08       		.uleb128 0x8
 766 0402 06       		.uleb128 0x6
 767 0403 5B000000 		.4byte	.LASF61
 768 0407 09       		.byte	0x9
 769 0408 2A       		.byte	0x2a
 770 0409 11040000 		.4byte	0x411
 771 040d 02       		.byte	0x2
 772 040e 23       		.byte	0x23
 773 040f 0C       		.uleb128 0xc
 774 0410 00       		.byte	0
 775 0411 09       		.uleb128 0x9
 776 0412 04       		.byte	0x4
 777 0413 DA030000 		.4byte	0x3da
 778 0417 03       		.uleb128 0x3
 779 0418 4E010000 		.4byte	.LASF58
 780 041c 09       		.byte	0x9
 781 041d 2C       		.byte	0x2c
 782 041e DA030000 		.4byte	0x3da
 783 0422 0E       		.uleb128 0xe
 784 0423 04       		.byte	0x4
 785 0424 06       		.byte	0x6
 786 0425 8F       		.byte	0x8f
ARM GAS  /tmp/ccfmYDBc.s 			page 15


 787 0426 57040000 		.4byte	0x457
 788 042a 0F       		.uleb128 0xf
 789 042b 7C030000 		.4byte	.LASF62
 790 042f 06       		.byte	0x6
 791 0430 96       		.byte	0x96
 792 0431 EF000000 		.4byte	0xef
 793 0435 0F       		.uleb128 0xf
 794 0436 3F030000 		.4byte	.LASF63
 795 043a 06       		.byte	0x6
 796 043b 9D       		.byte	0x9d
 797 043c EF000000 		.4byte	0xef
 798 0440 0F       		.uleb128 0xf
 799 0441 24030000 		.4byte	.LASF64
 800 0445 06       		.byte	0x6
 801 0446 A4       		.byte	0xa4
 802 0447 A3020000 		.4byte	0x2a3
 803 044b 0F       		.uleb128 0xf
 804 044c D5010000 		.4byte	.LASF65
 805 0450 06       		.byte	0x6
 806 0451 AB       		.byte	0xab
 807 0452 FA000000 		.4byte	0xfa
 808 0456 00       		.byte	0
 809 0457 09       		.uleb128 0x9
 810 0458 04       		.byte	0x4
 811 0459 5D040000 		.4byte	0x45d
 812 045d 10       		.uleb128 0x10
 813 045e 62040000 		.4byte	0x462
 814 0462 04       		.uleb128 0x4
 815 0463 01       		.byte	0x1
 816 0464 08       		.byte	0x8
 817 0465 6D020000 		.4byte	.LASF66
 818 0469 09       		.uleb128 0x9
 819 046a 04       		.byte	0x4
 820 046b 17040000 		.4byte	0x417
 821 046f 03       		.uleb128 0x3
 822 0470 72020000 		.4byte	.LASF67
 823 0474 06       		.byte	0x6
 824 0475 DE       		.byte	0xde
 825 0476 7A040000 		.4byte	0x47a
 826 047a 09       		.uleb128 0x9
 827 047b 04       		.byte	0x4
 828 047c 80040000 		.4byte	0x480
 829 0480 11       		.uleb128 0x11
 830 0481 01       		.byte	0x1
 831 0482 EF000000 		.4byte	0xef
 832 0486 90040000 		.4byte	0x490
 833 048a 12       		.uleb128 0x12
 834 048b A3020000 		.4byte	0x2a3
 835 048f 00       		.byte	0
 836 0490 0D       		.uleb128 0xd
 837 0491 74000000 		.4byte	0x74
 838 0495 08       		.uleb128 0x8
 839 0496 04       		.byte	0x4
 840 0497 0A       		.byte	0xa
 841 0498 96       		.byte	0x96
 842 0499 BA040000 		.4byte	0x4ba
 843 049d 07       		.uleb128 0x7
ARM GAS  /tmp/ccfmYDBc.s 			page 16


 844 049e 73657400 		.ascii	"set\000"
 845 04a2 0A       		.byte	0xa
 846 04a3 97       		.byte	0x97
 847 04a4 62000000 		.4byte	0x62
 848 04a8 02       		.byte	0x2
 849 04a9 23       		.byte	0x23
 850 04aa 00       		.uleb128 0
 851 04ab 06       		.uleb128 0x6
 852 04ac 15000000 		.4byte	.LASF68
 853 04b0 0A       		.byte	0xa
 854 04b1 98       		.byte	0x98
 855 04b2 62000000 		.4byte	0x62
 856 04b6 02       		.byte	0x2
 857 04b7 23       		.byte	0x23
 858 04b8 02       		.uleb128 0x2
 859 04b9 00       		.byte	0
 860 04ba 0E       		.uleb128 0xe
 861 04bb 04       		.byte	0x4
 862 04bc 0A       		.byte	0xa
 863 04bd 94       		.byte	0x94
 864 04be D5040000 		.4byte	0x4d5
 865 04c2 13       		.uleb128 0x13
 866 04c3 5700     		.ascii	"W\000"
 867 04c5 0A       		.byte	0xa
 868 04c6 95       		.byte	0x95
 869 04c7 86000000 		.4byte	0x86
 870 04cb 13       		.uleb128 0x13
 871 04cc 4800     		.ascii	"H\000"
 872 04ce 0A       		.byte	0xa
 873 04cf 99       		.byte	0x99
 874 04d0 95040000 		.4byte	0x495
 875 04d4 00       		.byte	0
 876 04d5 08       		.uleb128 0x8
 877 04d6 28       		.byte	0x28
 878 04d7 0A       		.byte	0xa
 879 04d8 8C       		.byte	0x8c
 880 04d9 6A050000 		.4byte	0x56a
 881 04dd 06       		.uleb128 0x6
 882 04de F9000000 		.4byte	.LASF69
 883 04e2 0A       		.byte	0xa
 884 04e3 8E       		.byte	0x8e
 885 04e4 61030000 		.4byte	0x361
 886 04e8 02       		.byte	0x2
 887 04e9 23       		.byte	0x23
 888 04ea 00       		.uleb128 0
 889 04eb 06       		.uleb128 0x6
 890 04ec 06010000 		.4byte	.LASF70
 891 04f0 0A       		.byte	0xa
 892 04f1 8F       		.byte	0x8f
 893 04f2 61030000 		.4byte	0x361
 894 04f6 02       		.byte	0x2
 895 04f7 23       		.byte	0x23
 896 04f8 04       		.uleb128 0x4
 897 04f9 06       		.uleb128 0x6
 898 04fa 03030000 		.4byte	.LASF71
 899 04fe 0A       		.byte	0xa
 900 04ff 90       		.byte	0x90
ARM GAS  /tmp/ccfmYDBc.s 			page 17


 901 0500 61030000 		.4byte	0x361
 902 0504 02       		.byte	0x2
 903 0505 23       		.byte	0x23
 904 0506 08       		.uleb128 0x8
 905 0507 06       		.uleb128 0x6
 906 0508 39010000 		.4byte	.LASF72
 907 050c 0A       		.byte	0xa
 908 050d 91       		.byte	0x91
 909 050e 61030000 		.4byte	0x361
 910 0512 02       		.byte	0x2
 911 0513 23       		.byte	0x23
 912 0514 0C       		.uleb128 0xc
 913 0515 07       		.uleb128 0x7
 914 0516 49445200 		.ascii	"IDR\000"
 915 051a 0A       		.byte	0xa
 916 051b 92       		.byte	0x92
 917 051c 61030000 		.4byte	0x361
 918 0520 02       		.byte	0x2
 919 0521 23       		.byte	0x23
 920 0522 10       		.uleb128 0x10
 921 0523 07       		.uleb128 0x7
 922 0524 4F445200 		.ascii	"ODR\000"
 923 0528 0A       		.byte	0xa
 924 0529 93       		.byte	0x93
 925 052a 61030000 		.4byte	0x361
 926 052e 02       		.byte	0x2
 927 052f 23       		.byte	0x23
 928 0530 14       		.uleb128 0x14
 929 0531 06       		.uleb128 0x6
 930 0532 B7000000 		.4byte	.LASF73
 931 0536 0A       		.byte	0xa
 932 0537 9A       		.byte	0x9a
 933 0538 6A050000 		.4byte	0x56a
 934 053c 02       		.byte	0x2
 935 053d 23       		.byte	0x23
 936 053e 18       		.uleb128 0x18
 937 053f 06       		.uleb128 0x6
 938 0540 77030000 		.4byte	.LASF74
 939 0544 0A       		.byte	0xa
 940 0545 9B       		.byte	0x9b
 941 0546 61030000 		.4byte	0x361
 942 054a 02       		.byte	0x2
 943 054b 23       		.byte	0x23
 944 054c 1C       		.uleb128 0x1c
 945 054d 06       		.uleb128 0x6
 946 054e 33020000 		.4byte	.LASF75
 947 0552 0A       		.byte	0xa
 948 0553 9C       		.byte	0x9c
 949 0554 61030000 		.4byte	0x361
 950 0558 02       		.byte	0x2
 951 0559 23       		.byte	0x23
 952 055a 20       		.uleb128 0x20
 953 055b 06       		.uleb128 0x6
 954 055c 26020000 		.4byte	.LASF76
 955 0560 0A       		.byte	0xa
 956 0561 9D       		.byte	0x9d
 957 0562 61030000 		.4byte	0x361
ARM GAS  /tmp/ccfmYDBc.s 			page 18


 958 0566 02       		.byte	0x2
 959 0567 23       		.byte	0x23
 960 0568 24       		.uleb128 0x24
 961 0569 00       		.byte	0
 962 056a 0D       		.uleb128 0xd
 963 056b BA040000 		.4byte	0x4ba
 964 056f 03       		.uleb128 0x3
 965 0570 00000000 		.4byte	.LASF77
 966 0574 0A       		.byte	0xa
 967 0575 9E       		.byte	0x9e
 968 0576 D5040000 		.4byte	0x4d5
 969 057a 03       		.uleb128 0x3
 970 057b EC000000 		.4byte	.LASF78
 971 057f 0A       		.byte	0xa
 972 0580 E8       		.byte	0xe8
 973 0581 86000000 		.4byte	0x86
 974 0585 14       		.uleb128 0x14
 975 0586 B7020000 		.4byte	.LASF89
 976 058a 01       		.byte	0x1
 977 058b 19       		.byte	0x19
 978 058c 01       		.byte	0x1
 979 058d EF000000 		.4byte	0xef
 980 0591 00000000 		.4byte	.LFB118
 981 0595 38000000 		.4byte	.LFE118
 982 0599 00000000 		.4byte	.LLST0
 983 059d 01       		.byte	0x1
 984 059e D8050000 		.4byte	0x5d8
 985 05a2 15       		.uleb128 0x15
 986 05a3 61726700 		.ascii	"arg\000"
 987 05a7 01       		.byte	0x1
 988 05a8 19       		.byte	0x19
 989 05a9 A3020000 		.4byte	0x2a3
 990 05ad 20000000 		.4byte	.LLST1
 991 05b1 16       		.uleb128 0x16
 992 05b2 22000000 		.4byte	.LVL2
 993 05b6 15070000 		.4byte	0x715
 994 05ba C6050000 		.4byte	0x5c6
 995 05be 17       		.uleb128 0x17
 996 05bf 01       		.byte	0x1
 997 05c0 50       		.byte	0x50
 998 05c1 03       		.byte	0x3
 999 05c2 0A       		.byte	0xa
 1000 05c3 F401     		.2byte	0x1f4
 1001 05c5 00       		.byte	0
 1002 05c6 18       		.uleb128 0x18
 1003 05c7 2C000000 		.4byte	.LVL3
 1004 05cb 15070000 		.4byte	0x715
 1005 05cf 17       		.uleb128 0x17
 1006 05d0 01       		.byte	0x1
 1007 05d1 50       		.byte	0x50
 1008 05d2 03       		.byte	0x3
 1009 05d3 0A       		.byte	0xa
 1010 05d4 F401     		.2byte	0x1f4
 1011 05d6 00       		.byte	0
 1012 05d7 00       		.byte	0
 1013 05d8 19       		.uleb128 0x19
 1014 05d9 01       		.byte	0x1
ARM GAS  /tmp/ccfmYDBc.s 			page 19


 1015 05da 0D010000 		.4byte	.LASF79
 1016 05de 01       		.byte	0x1
 1017 05df 41       		.byte	0x41
 1018 05e0 00000000 		.4byte	.LFB120
 1019 05e4 26000000 		.4byte	.LFE120
 1020 05e8 41000000 		.4byte	.LLST2
 1021 05ec 01       		.byte	0x1
 1022 05ed 21060000 		.4byte	0x621
 1023 05f1 18       		.uleb128 0x18
 1024 05f2 22000000 		.4byte	.LVL4
 1025 05f6 2A070000 		.4byte	0x72a
 1026 05fa 17       		.uleb128 0x17
 1027 05fb 01       		.byte	0x1
 1028 05fc 53       		.byte	0x53
 1029 05fd 05       		.byte	0x5
 1030 05fe 03       		.byte	0x3
 1031 05ff 00000000 		.4byte	Thread1
 1032 0603 17       		.uleb128 0x17
 1033 0604 01       		.byte	0x1
 1034 0605 52       		.byte	0x52
 1035 0606 02       		.byte	0x2
 1036 0607 08       		.byte	0x8
 1037 0608 40       		.byte	0x40
 1038 0609 17       		.uleb128 0x17
 1039 060a 01       		.byte	0x1
 1040 060b 51       		.byte	0x51
 1041 060c 03       		.byte	0x3
 1042 060d 0A       		.byte	0xa
 1043 060e 3001     		.2byte	0x130
 1044 0610 17       		.uleb128 0x17
 1045 0611 01       		.byte	0x1
 1046 0612 50       		.byte	0x50
 1047 0613 05       		.byte	0x5
 1048 0614 03       		.byte	0x3
 1049 0615 00000000 		.4byte	.LANCHOR0
 1050 0619 17       		.uleb128 0x17
 1051 061a 02       		.byte	0x2
 1052 061b 7D       		.byte	0x7d
 1053 061c 00       		.sleb128 0
 1054 061d 01       		.byte	0x1
 1055 061e 30       		.byte	0x30
 1056 061f 00       		.byte	0
 1057 0620 00       		.byte	0
 1058 0621 19       		.uleb128 0x19
 1059 0622 01       		.byte	0x1
 1060 0623 50030000 		.4byte	.LASF80
 1061 0627 01       		.byte	0x1
 1062 0628 48       		.byte	0x48
 1063 0629 00000000 		.4byte	.LFB121
 1064 062d 26000000 		.4byte	.LFE121
 1065 0631 6D000000 		.4byte	.LLST3
 1066 0635 01       		.byte	0x1
 1067 0636 62060000 		.4byte	0x662
 1068 063a 16       		.uleb128 0x16
 1069 063b 18000000 		.4byte	.LVL5
 1070 063f 15070000 		.4byte	0x715
 1071 0643 4F060000 		.4byte	0x64f
ARM GAS  /tmp/ccfmYDBc.s 			page 20


 1072 0647 17       		.uleb128 0x17
 1073 0648 01       		.byte	0x1
 1074 0649 50       		.byte	0x50
 1075 064a 03       		.byte	0x3
 1076 064b 0A       		.byte	0xa
 1077 064c F401     		.2byte	0x1f4
 1078 064e 00       		.byte	0
 1079 064f 1A       		.uleb128 0x1a
 1080 0650 26000000 		.4byte	.LVL6
 1081 0654 01       		.byte	0x1
 1082 0655 15070000 		.4byte	0x715
 1083 0659 17       		.uleb128 0x17
 1084 065a 01       		.byte	0x1
 1085 065b 50       		.byte	0x50
 1086 065c 03       		.byte	0x3
 1087 065d 0A       		.byte	0xa
 1088 065e F401     		.2byte	0x1f4
 1089 0660 00       		.byte	0
 1090 0661 00       		.byte	0
 1091 0662 1B       		.uleb128 0x1b
 1092 0663 01       		.byte	0x1
 1093 0664 8D000000 		.4byte	.LASF90
 1094 0668 01       		.byte	0x1
 1095 0669 28       		.byte	0x28
 1096 066a 01       		.byte	0x1
 1097 066b 29000000 		.4byte	0x29
 1098 066f 00000000 		.4byte	.LFB119
 1099 0673 14000000 		.4byte	.LFE119
 1100 0677 8D000000 		.4byte	.LLST4
 1101 067b 01       		.byte	0x1
 1102 067c D9060000 		.4byte	0x6d9
 1103 0680 1C       		.uleb128 0x1c
 1104 0681 01       		.byte	0x1
 1105 0682 0D010000 		.4byte	.LASF79
 1106 0686 01       		.byte	0x1
 1107 0687 34       		.byte	0x34
 1108 0688 29000000 		.4byte	0x29
 1109 068c 01       		.byte	0x1
 1110 068d 93060000 		.4byte	0x693
 1111 0691 1D       		.uleb128 0x1d
 1112 0692 00       		.byte	0
 1113 0693 1E       		.uleb128 0x1e
 1114 0694 0E000000 		.4byte	.LBB2
 1115 0698 14000000 		.4byte	.LBE2
 1116 069c BD060000 		.4byte	0x6bd
 1117 06a0 1C       		.uleb128 0x1c
 1118 06a1 01       		.byte	0x1
 1119 06a2 50030000 		.4byte	.LASF80
 1120 06a6 01       		.byte	0x1
 1121 06a7 3D       		.byte	0x3d
 1122 06a8 29000000 		.4byte	0x29
 1123 06ac 01       		.byte	0x1
 1124 06ad B3060000 		.4byte	0x6b3
 1125 06b1 1D       		.uleb128 0x1d
 1126 06b2 00       		.byte	0
 1127 06b3 1F       		.uleb128 0x1f
 1128 06b4 12000000 		.4byte	.LVL10
ARM GAS  /tmp/ccfmYDBc.s 			page 21


 1129 06b8 21060000 		.4byte	0x621
 1130 06bc 00       		.byte	0
 1131 06bd 1F       		.uleb128 0x1f
 1132 06be 06000000 		.4byte	.LVL7
 1133 06c2 57070000 		.4byte	0x757
 1134 06c6 1F       		.uleb128 0x1f
 1135 06c7 0A000000 		.4byte	.LVL8
 1136 06cb 61070000 		.4byte	0x761
 1137 06cf 1F       		.uleb128 0x1f
 1138 06d0 0E000000 		.4byte	.LVL9
 1139 06d4 D8050000 		.4byte	0x5d8
 1140 06d8 00       		.byte	0
 1141 06d9 20       		.uleb128 0x20
 1142 06da A5020000 		.4byte	0x2a5
 1143 06de E9060000 		.4byte	0x6e9
 1144 06e2 21       		.uleb128 0x21
 1145 06e3 66030000 		.4byte	0x366
 1146 06e7 25       		.byte	0x25
 1147 06e8 00       		.byte	0
 1148 06e9 22       		.uleb128 0x22
 1149 06ea 96030000 		.4byte	.LASF91
 1150 06ee 01       		.byte	0x1
 1151 06ef 18       		.byte	0x18
 1152 06f0 D9060000 		.4byte	0x6d9
 1153 06f4 05       		.byte	0x5
 1154 06f5 03       		.byte	0x3
 1155 06f6 00000000 		.4byte	waThread1
 1156 06fa 23       		.uleb128 0x23
 1157 06fb 67020000 		.4byte	.LASF81
 1158 06ff 08       		.byte	0x8
 1159 0700 68       		.byte	0x68
 1160 0701 CF030000 		.4byte	0x3cf
 1161 0705 01       		.byte	0x1
 1162 0706 01       		.byte	0x1
 1163 0707 24       		.uleb128 0x24
 1164 0708 62030000 		.4byte	.LASF82
 1165 070c 0B       		.byte	0xb
 1166 070d 9806     		.2byte	0x698
 1167 070f 90040000 		.4byte	0x490
 1168 0713 01       		.byte	0x1
 1169 0714 01       		.byte	0x1
 1170 0715 25       		.uleb128 0x25
 1171 0716 01       		.byte	0x1
 1172 0717 82000000 		.4byte	.LASF83
 1173 071b 06       		.byte	0x6
 1174 071c 6E01     		.2byte	0x16e
 1175 071e 01       		.byte	0x1
 1176 071f 01       		.byte	0x1
 1177 0720 2A070000 		.4byte	0x72a
 1178 0724 12       		.uleb128 0x12
 1179 0725 05010000 		.4byte	0x105
 1180 0729 00       		.byte	0
 1181 072a 26       		.uleb128 0x26
 1182 072b 01       		.byte	0x1
 1183 072c 1B000000 		.4byte	.LASF92
 1184 0730 06       		.byte	0x6
 1185 0731 6901     		.2byte	0x169
ARM GAS  /tmp/ccfmYDBc.s 			page 22


 1186 0733 01       		.byte	0x1
 1187 0734 65020000 		.4byte	0x265
 1188 0738 01       		.byte	0x1
 1189 0739 57070000 		.4byte	0x757
 1190 073d 12       		.uleb128 0x12
 1191 073e A3020000 		.4byte	0x2a3
 1192 0742 12       		.uleb128 0x12
 1193 0743 30000000 		.4byte	0x30
 1194 0747 12       		.uleb128 0x12
 1195 0748 E4000000 		.4byte	0xe4
 1196 074c 12       		.uleb128 0x12
 1197 074d 6F040000 		.4byte	0x46f
 1198 0751 12       		.uleb128 0x12
 1199 0752 A3020000 		.4byte	0x2a3
 1200 0756 00       		.byte	0
 1201 0757 27       		.uleb128 0x27
 1202 0758 01       		.byte	0x1
 1203 0759 29010000 		.4byte	.LASF84
 1204 075d 0C       		.byte	0xc
 1205 075e C9       		.byte	0xc9
 1206 075f 01       		.byte	0x1
 1207 0760 01       		.byte	0x1
 1208 0761 27       		.uleb128 0x27
 1209 0762 01       		.byte	0x1
 1210 0763 D8000000 		.4byte	.LASF85
 1211 0767 0D       		.byte	0xd
 1212 0768 EF       		.byte	0xef
 1213 0769 01       		.byte	0x1
 1214 076a 01       		.byte	0x1
 1215 076b 00       		.byte	0
 1216              		.section	.debug_abbrev,"",%progbits
 1217              	.Ldebug_abbrev0:
 1218 0000 01       		.uleb128 0x1
 1219 0001 11       		.uleb128 0x11
 1220 0002 01       		.byte	0x1
 1221 0003 25       		.uleb128 0x25
 1222 0004 0E       		.uleb128 0xe
 1223 0005 13       		.uleb128 0x13
 1224 0006 0B       		.uleb128 0xb
 1225 0007 03       		.uleb128 0x3
 1226 0008 0E       		.uleb128 0xe
 1227 0009 1B       		.uleb128 0x1b
 1228 000a 0E       		.uleb128 0xe
 1229 000b 55       		.uleb128 0x55
 1230 000c 06       		.uleb128 0x6
 1231 000d 11       		.uleb128 0x11
 1232 000e 01       		.uleb128 0x1
 1233 000f 52       		.uleb128 0x52
 1234 0010 01       		.uleb128 0x1
 1235 0011 10       		.uleb128 0x10
 1236 0012 06       		.uleb128 0x6
 1237 0013 00       		.byte	0
 1238 0014 00       		.byte	0
 1239 0015 02       		.uleb128 0x2
 1240 0016 24       		.uleb128 0x24
 1241 0017 00       		.byte	0
 1242 0018 0B       		.uleb128 0xb
ARM GAS  /tmp/ccfmYDBc.s 			page 23


 1243 0019 0B       		.uleb128 0xb
 1244 001a 3E       		.uleb128 0x3e
 1245 001b 0B       		.uleb128 0xb
 1246 001c 03       		.uleb128 0x3
 1247 001d 08       		.uleb128 0x8
 1248 001e 00       		.byte	0
 1249 001f 00       		.byte	0
 1250 0020 03       		.uleb128 0x3
 1251 0021 16       		.uleb128 0x16
 1252 0022 00       		.byte	0
 1253 0023 03       		.uleb128 0x3
 1254 0024 0E       		.uleb128 0xe
 1255 0025 3A       		.uleb128 0x3a
 1256 0026 0B       		.uleb128 0xb
 1257 0027 3B       		.uleb128 0x3b
 1258 0028 0B       		.uleb128 0xb
 1259 0029 49       		.uleb128 0x49
 1260 002a 13       		.uleb128 0x13
 1261 002b 00       		.byte	0
 1262 002c 00       		.byte	0
 1263 002d 04       		.uleb128 0x4
 1264 002e 24       		.uleb128 0x24
 1265 002f 00       		.byte	0
 1266 0030 0B       		.uleb128 0xb
 1267 0031 0B       		.uleb128 0xb
 1268 0032 3E       		.uleb128 0x3e
 1269 0033 0B       		.uleb128 0xb
 1270 0034 03       		.uleb128 0x3
 1271 0035 0E       		.uleb128 0xe
 1272 0036 00       		.byte	0
 1273 0037 00       		.byte	0
 1274 0038 05       		.uleb128 0x5
 1275 0039 13       		.uleb128 0x13
 1276 003a 01       		.byte	0x1
 1277 003b 03       		.uleb128 0x3
 1278 003c 0E       		.uleb128 0xe
 1279 003d 0B       		.uleb128 0xb
 1280 003e 0B       		.uleb128 0xb
 1281 003f 3A       		.uleb128 0x3a
 1282 0040 0B       		.uleb128 0xb
 1283 0041 3B       		.uleb128 0x3b
 1284 0042 0B       		.uleb128 0xb
 1285 0043 01       		.uleb128 0x1
 1286 0044 13       		.uleb128 0x13
 1287 0045 00       		.byte	0
 1288 0046 00       		.byte	0
 1289 0047 06       		.uleb128 0x6
 1290 0048 0D       		.uleb128 0xd
 1291 0049 00       		.byte	0
 1292 004a 03       		.uleb128 0x3
 1293 004b 0E       		.uleb128 0xe
 1294 004c 3A       		.uleb128 0x3a
 1295 004d 0B       		.uleb128 0xb
 1296 004e 3B       		.uleb128 0x3b
 1297 004f 0B       		.uleb128 0xb
 1298 0050 49       		.uleb128 0x49
 1299 0051 13       		.uleb128 0x13
ARM GAS  /tmp/ccfmYDBc.s 			page 24


 1300 0052 38       		.uleb128 0x38
 1301 0053 0A       		.uleb128 0xa
 1302 0054 00       		.byte	0
 1303 0055 00       		.byte	0
 1304 0056 07       		.uleb128 0x7
 1305 0057 0D       		.uleb128 0xd
 1306 0058 00       		.byte	0
 1307 0059 03       		.uleb128 0x3
 1308 005a 08       		.uleb128 0x8
 1309 005b 3A       		.uleb128 0x3a
 1310 005c 0B       		.uleb128 0xb
 1311 005d 3B       		.uleb128 0x3b
 1312 005e 0B       		.uleb128 0xb
 1313 005f 49       		.uleb128 0x49
 1314 0060 13       		.uleb128 0x13
 1315 0061 38       		.uleb128 0x38
 1316 0062 0A       		.uleb128 0xa
 1317 0063 00       		.byte	0
 1318 0064 00       		.byte	0
 1319 0065 08       		.uleb128 0x8
 1320 0066 13       		.uleb128 0x13
 1321 0067 01       		.byte	0x1
 1322 0068 0B       		.uleb128 0xb
 1323 0069 0B       		.uleb128 0xb
 1324 006a 3A       		.uleb128 0x3a
 1325 006b 0B       		.uleb128 0xb
 1326 006c 3B       		.uleb128 0x3b
 1327 006d 0B       		.uleb128 0xb
 1328 006e 01       		.uleb128 0x1
 1329 006f 13       		.uleb128 0x13
 1330 0070 00       		.byte	0
 1331 0071 00       		.byte	0
 1332 0072 09       		.uleb128 0x9
 1333 0073 0F       		.uleb128 0xf
 1334 0074 00       		.byte	0
 1335 0075 0B       		.uleb128 0xb
 1336 0076 0B       		.uleb128 0xb
 1337 0077 49       		.uleb128 0x49
 1338 0078 13       		.uleb128 0x13
 1339 0079 00       		.byte	0
 1340 007a 00       		.byte	0
 1341 007b 0A       		.uleb128 0xa
 1342 007c 0F       		.uleb128 0xf
 1343 007d 00       		.byte	0
 1344 007e 0B       		.uleb128 0xb
 1345 007f 0B       		.uleb128 0xb
 1346 0080 00       		.byte	0
 1347 0081 00       		.byte	0
 1348 0082 0B       		.uleb128 0xb
 1349 0083 13       		.uleb128 0x13
 1350 0084 01       		.byte	0x1
 1351 0085 03       		.uleb128 0x3
 1352 0086 0E       		.uleb128 0xe
 1353 0087 0B       		.uleb128 0xb
 1354 0088 0B       		.uleb128 0xb
 1355 0089 3A       		.uleb128 0x3a
 1356 008a 0B       		.uleb128 0xb
ARM GAS  /tmp/ccfmYDBc.s 			page 25


 1357 008b 3B       		.uleb128 0x3b
 1358 008c 05       		.uleb128 0x5
 1359 008d 01       		.uleb128 0x1
 1360 008e 13       		.uleb128 0x13
 1361 008f 00       		.byte	0
 1362 0090 00       		.byte	0
 1363 0091 0C       		.uleb128 0xc
 1364 0092 0D       		.uleb128 0xd
 1365 0093 00       		.byte	0
 1366 0094 03       		.uleb128 0x3
 1367 0095 08       		.uleb128 0x8
 1368 0096 3A       		.uleb128 0x3a
 1369 0097 0B       		.uleb128 0xb
 1370 0098 3B       		.uleb128 0x3b
 1371 0099 05       		.uleb128 0x5
 1372 009a 49       		.uleb128 0x49
 1373 009b 13       		.uleb128 0x13
 1374 009c 38       		.uleb128 0x38
 1375 009d 0A       		.uleb128 0xa
 1376 009e 00       		.byte	0
 1377 009f 00       		.byte	0
 1378 00a0 0D       		.uleb128 0xd
 1379 00a1 35       		.uleb128 0x35
 1380 00a2 00       		.byte	0
 1381 00a3 49       		.uleb128 0x49
 1382 00a4 13       		.uleb128 0x13
 1383 00a5 00       		.byte	0
 1384 00a6 00       		.byte	0
 1385 00a7 0E       		.uleb128 0xe
 1386 00a8 17       		.uleb128 0x17
 1387 00a9 01       		.byte	0x1
 1388 00aa 0B       		.uleb128 0xb
 1389 00ab 0B       		.uleb128 0xb
 1390 00ac 3A       		.uleb128 0x3a
 1391 00ad 0B       		.uleb128 0xb
 1392 00ae 3B       		.uleb128 0x3b
 1393 00af 0B       		.uleb128 0xb
 1394 00b0 01       		.uleb128 0x1
 1395 00b1 13       		.uleb128 0x13
 1396 00b2 00       		.byte	0
 1397 00b3 00       		.byte	0
 1398 00b4 0F       		.uleb128 0xf
 1399 00b5 0D       		.uleb128 0xd
 1400 00b6 00       		.byte	0
 1401 00b7 03       		.uleb128 0x3
 1402 00b8 0E       		.uleb128 0xe
 1403 00b9 3A       		.uleb128 0x3a
 1404 00ba 0B       		.uleb128 0xb
 1405 00bb 3B       		.uleb128 0x3b
 1406 00bc 0B       		.uleb128 0xb
 1407 00bd 49       		.uleb128 0x49
 1408 00be 13       		.uleb128 0x13
 1409 00bf 00       		.byte	0
 1410 00c0 00       		.byte	0
 1411 00c1 10       		.uleb128 0x10
 1412 00c2 26       		.uleb128 0x26
 1413 00c3 00       		.byte	0
ARM GAS  /tmp/ccfmYDBc.s 			page 26


 1414 00c4 49       		.uleb128 0x49
 1415 00c5 13       		.uleb128 0x13
 1416 00c6 00       		.byte	0
 1417 00c7 00       		.byte	0
 1418 00c8 11       		.uleb128 0x11
 1419 00c9 15       		.uleb128 0x15
 1420 00ca 01       		.byte	0x1
 1421 00cb 27       		.uleb128 0x27
 1422 00cc 0C       		.uleb128 0xc
 1423 00cd 49       		.uleb128 0x49
 1424 00ce 13       		.uleb128 0x13
 1425 00cf 01       		.uleb128 0x1
 1426 00d0 13       		.uleb128 0x13
 1427 00d1 00       		.byte	0
 1428 00d2 00       		.byte	0
 1429 00d3 12       		.uleb128 0x12
 1430 00d4 05       		.uleb128 0x5
 1431 00d5 00       		.byte	0
 1432 00d6 49       		.uleb128 0x49
 1433 00d7 13       		.uleb128 0x13
 1434 00d8 00       		.byte	0
 1435 00d9 00       		.byte	0
 1436 00da 13       		.uleb128 0x13
 1437 00db 0D       		.uleb128 0xd
 1438 00dc 00       		.byte	0
 1439 00dd 03       		.uleb128 0x3
 1440 00de 08       		.uleb128 0x8
 1441 00df 3A       		.uleb128 0x3a
 1442 00e0 0B       		.uleb128 0xb
 1443 00e1 3B       		.uleb128 0x3b
 1444 00e2 0B       		.uleb128 0xb
 1445 00e3 49       		.uleb128 0x49
 1446 00e4 13       		.uleb128 0x13
 1447 00e5 00       		.byte	0
 1448 00e6 00       		.byte	0
 1449 00e7 14       		.uleb128 0x14
 1450 00e8 2E       		.uleb128 0x2e
 1451 00e9 01       		.byte	0x1
 1452 00ea 03       		.uleb128 0x3
 1453 00eb 0E       		.uleb128 0xe
 1454 00ec 3A       		.uleb128 0x3a
 1455 00ed 0B       		.uleb128 0xb
 1456 00ee 3B       		.uleb128 0x3b
 1457 00ef 0B       		.uleb128 0xb
 1458 00f0 27       		.uleb128 0x27
 1459 00f1 0C       		.uleb128 0xc
 1460 00f2 49       		.uleb128 0x49
 1461 00f3 13       		.uleb128 0x13
 1462 00f4 11       		.uleb128 0x11
 1463 00f5 01       		.uleb128 0x1
 1464 00f6 12       		.uleb128 0x12
 1465 00f7 01       		.uleb128 0x1
 1466 00f8 40       		.uleb128 0x40
 1467 00f9 06       		.uleb128 0x6
 1468 00fa 9742     		.uleb128 0x2117
 1469 00fc 0C       		.uleb128 0xc
 1470 00fd 01       		.uleb128 0x1
ARM GAS  /tmp/ccfmYDBc.s 			page 27


 1471 00fe 13       		.uleb128 0x13
 1472 00ff 00       		.byte	0
 1473 0100 00       		.byte	0
 1474 0101 15       		.uleb128 0x15
 1475 0102 05       		.uleb128 0x5
 1476 0103 00       		.byte	0
 1477 0104 03       		.uleb128 0x3
 1478 0105 08       		.uleb128 0x8
 1479 0106 3A       		.uleb128 0x3a
 1480 0107 0B       		.uleb128 0xb
 1481 0108 3B       		.uleb128 0x3b
 1482 0109 0B       		.uleb128 0xb
 1483 010a 49       		.uleb128 0x49
 1484 010b 13       		.uleb128 0x13
 1485 010c 02       		.uleb128 0x2
 1486 010d 06       		.uleb128 0x6
 1487 010e 00       		.byte	0
 1488 010f 00       		.byte	0
 1489 0110 16       		.uleb128 0x16
 1490 0111 898201   		.uleb128 0x4109
 1491 0114 01       		.byte	0x1
 1492 0115 11       		.uleb128 0x11
 1493 0116 01       		.uleb128 0x1
 1494 0117 31       		.uleb128 0x31
 1495 0118 13       		.uleb128 0x13
 1496 0119 01       		.uleb128 0x1
 1497 011a 13       		.uleb128 0x13
 1498 011b 00       		.byte	0
 1499 011c 00       		.byte	0
 1500 011d 17       		.uleb128 0x17
 1501 011e 8A8201   		.uleb128 0x410a
 1502 0121 00       		.byte	0
 1503 0122 02       		.uleb128 0x2
 1504 0123 0A       		.uleb128 0xa
 1505 0124 9142     		.uleb128 0x2111
 1506 0126 0A       		.uleb128 0xa
 1507 0127 00       		.byte	0
 1508 0128 00       		.byte	0
 1509 0129 18       		.uleb128 0x18
 1510 012a 898201   		.uleb128 0x4109
 1511 012d 01       		.byte	0x1
 1512 012e 11       		.uleb128 0x11
 1513 012f 01       		.uleb128 0x1
 1514 0130 31       		.uleb128 0x31
 1515 0131 13       		.uleb128 0x13
 1516 0132 00       		.byte	0
 1517 0133 00       		.byte	0
 1518 0134 19       		.uleb128 0x19
 1519 0135 2E       		.uleb128 0x2e
 1520 0136 01       		.byte	0x1
 1521 0137 3F       		.uleb128 0x3f
 1522 0138 0C       		.uleb128 0xc
 1523 0139 03       		.uleb128 0x3
 1524 013a 0E       		.uleb128 0xe
 1525 013b 3A       		.uleb128 0x3a
 1526 013c 0B       		.uleb128 0xb
 1527 013d 3B       		.uleb128 0x3b
ARM GAS  /tmp/ccfmYDBc.s 			page 28


 1528 013e 0B       		.uleb128 0xb
 1529 013f 11       		.uleb128 0x11
 1530 0140 01       		.uleb128 0x1
 1531 0141 12       		.uleb128 0x12
 1532 0142 01       		.uleb128 0x1
 1533 0143 40       		.uleb128 0x40
 1534 0144 06       		.uleb128 0x6
 1535 0145 9742     		.uleb128 0x2117
 1536 0147 0C       		.uleb128 0xc
 1537 0148 01       		.uleb128 0x1
 1538 0149 13       		.uleb128 0x13
 1539 014a 00       		.byte	0
 1540 014b 00       		.byte	0
 1541 014c 1A       		.uleb128 0x1a
 1542 014d 898201   		.uleb128 0x4109
 1543 0150 01       		.byte	0x1
 1544 0151 11       		.uleb128 0x11
 1545 0152 01       		.uleb128 0x1
 1546 0153 9542     		.uleb128 0x2115
 1547 0155 0C       		.uleb128 0xc
 1548 0156 31       		.uleb128 0x31
 1549 0157 13       		.uleb128 0x13
 1550 0158 00       		.byte	0
 1551 0159 00       		.byte	0
 1552 015a 1B       		.uleb128 0x1b
 1553 015b 2E       		.uleb128 0x2e
 1554 015c 01       		.byte	0x1
 1555 015d 3F       		.uleb128 0x3f
 1556 015e 0C       		.uleb128 0xc
 1557 015f 03       		.uleb128 0x3
 1558 0160 0E       		.uleb128 0xe
 1559 0161 3A       		.uleb128 0x3a
 1560 0162 0B       		.uleb128 0xb
 1561 0163 3B       		.uleb128 0x3b
 1562 0164 0B       		.uleb128 0xb
 1563 0165 27       		.uleb128 0x27
 1564 0166 0C       		.uleb128 0xc
 1565 0167 49       		.uleb128 0x49
 1566 0168 13       		.uleb128 0x13
 1567 0169 11       		.uleb128 0x11
 1568 016a 01       		.uleb128 0x1
 1569 016b 12       		.uleb128 0x12
 1570 016c 01       		.uleb128 0x1
 1571 016d 40       		.uleb128 0x40
 1572 016e 06       		.uleb128 0x6
 1573 016f 9742     		.uleb128 0x2117
 1574 0171 0C       		.uleb128 0xc
 1575 0172 01       		.uleb128 0x1
 1576 0173 13       		.uleb128 0x13
 1577 0174 00       		.byte	0
 1578 0175 00       		.byte	0
 1579 0176 1C       		.uleb128 0x1c
 1580 0177 2E       		.uleb128 0x2e
 1581 0178 01       		.byte	0x1
 1582 0179 3F       		.uleb128 0x3f
 1583 017a 0C       		.uleb128 0xc
 1584 017b 03       		.uleb128 0x3
ARM GAS  /tmp/ccfmYDBc.s 			page 29


 1585 017c 0E       		.uleb128 0xe
 1586 017d 3A       		.uleb128 0x3a
 1587 017e 0B       		.uleb128 0xb
 1588 017f 3B       		.uleb128 0x3b
 1589 0180 0B       		.uleb128 0xb
 1590 0181 49       		.uleb128 0x49
 1591 0182 13       		.uleb128 0x13
 1592 0183 3C       		.uleb128 0x3c
 1593 0184 0C       		.uleb128 0xc
 1594 0185 01       		.uleb128 0x1
 1595 0186 13       		.uleb128 0x13
 1596 0187 00       		.byte	0
 1597 0188 00       		.byte	0
 1598 0189 1D       		.uleb128 0x1d
 1599 018a 18       		.uleb128 0x18
 1600 018b 00       		.byte	0
 1601 018c 00       		.byte	0
 1602 018d 00       		.byte	0
 1603 018e 1E       		.uleb128 0x1e
 1604 018f 0B       		.uleb128 0xb
 1605 0190 01       		.byte	0x1
 1606 0191 11       		.uleb128 0x11
 1607 0192 01       		.uleb128 0x1
 1608 0193 12       		.uleb128 0x12
 1609 0194 01       		.uleb128 0x1
 1610 0195 01       		.uleb128 0x1
 1611 0196 13       		.uleb128 0x13
 1612 0197 00       		.byte	0
 1613 0198 00       		.byte	0
 1614 0199 1F       		.uleb128 0x1f
 1615 019a 898201   		.uleb128 0x4109
 1616 019d 00       		.byte	0
 1617 019e 11       		.uleb128 0x11
 1618 019f 01       		.uleb128 0x1
 1619 01a0 31       		.uleb128 0x31
 1620 01a1 13       		.uleb128 0x13
 1621 01a2 00       		.byte	0
 1622 01a3 00       		.byte	0
 1623 01a4 20       		.uleb128 0x20
 1624 01a5 01       		.uleb128 0x1
 1625 01a6 01       		.byte	0x1
 1626 01a7 49       		.uleb128 0x49
 1627 01a8 13       		.uleb128 0x13
 1628 01a9 01       		.uleb128 0x1
 1629 01aa 13       		.uleb128 0x13
 1630 01ab 00       		.byte	0
 1631 01ac 00       		.byte	0
 1632 01ad 21       		.uleb128 0x21
 1633 01ae 21       		.uleb128 0x21
 1634 01af 00       		.byte	0
 1635 01b0 49       		.uleb128 0x49
 1636 01b1 13       		.uleb128 0x13
 1637 01b2 2F       		.uleb128 0x2f
 1638 01b3 0B       		.uleb128 0xb
 1639 01b4 00       		.byte	0
 1640 01b5 00       		.byte	0
 1641 01b6 22       		.uleb128 0x22
ARM GAS  /tmp/ccfmYDBc.s 			page 30


 1642 01b7 34       		.uleb128 0x34
 1643 01b8 00       		.byte	0
 1644 01b9 03       		.uleb128 0x3
 1645 01ba 0E       		.uleb128 0xe
 1646 01bb 3A       		.uleb128 0x3a
 1647 01bc 0B       		.uleb128 0xb
 1648 01bd 3B       		.uleb128 0x3b
 1649 01be 0B       		.uleb128 0xb
 1650 01bf 49       		.uleb128 0x49
 1651 01c0 13       		.uleb128 0x13
 1652 01c1 02       		.uleb128 0x2
 1653 01c2 0A       		.uleb128 0xa
 1654 01c3 00       		.byte	0
 1655 01c4 00       		.byte	0
 1656 01c5 23       		.uleb128 0x23
 1657 01c6 34       		.uleb128 0x34
 1658 01c7 00       		.byte	0
 1659 01c8 03       		.uleb128 0x3
 1660 01c9 0E       		.uleb128 0xe
 1661 01ca 3A       		.uleb128 0x3a
 1662 01cb 0B       		.uleb128 0xb
 1663 01cc 3B       		.uleb128 0x3b
 1664 01cd 0B       		.uleb128 0xb
 1665 01ce 49       		.uleb128 0x49
 1666 01cf 13       		.uleb128 0x13
 1667 01d0 3F       		.uleb128 0x3f
 1668 01d1 0C       		.uleb128 0xc
 1669 01d2 3C       		.uleb128 0x3c
 1670 01d3 0C       		.uleb128 0xc
 1671 01d4 00       		.byte	0
 1672 01d5 00       		.byte	0
 1673 01d6 24       		.uleb128 0x24
 1674 01d7 34       		.uleb128 0x34
 1675 01d8 00       		.byte	0
 1676 01d9 03       		.uleb128 0x3
 1677 01da 0E       		.uleb128 0xe
 1678 01db 3A       		.uleb128 0x3a
 1679 01dc 0B       		.uleb128 0xb
 1680 01dd 3B       		.uleb128 0x3b
 1681 01de 05       		.uleb128 0x5
 1682 01df 49       		.uleb128 0x49
 1683 01e0 13       		.uleb128 0x13
 1684 01e1 3F       		.uleb128 0x3f
 1685 01e2 0C       		.uleb128 0xc
 1686 01e3 3C       		.uleb128 0x3c
 1687 01e4 0C       		.uleb128 0xc
 1688 01e5 00       		.byte	0
 1689 01e6 00       		.byte	0
 1690 01e7 25       		.uleb128 0x25
 1691 01e8 2E       		.uleb128 0x2e
 1692 01e9 01       		.byte	0x1
 1693 01ea 3F       		.uleb128 0x3f
 1694 01eb 0C       		.uleb128 0xc
 1695 01ec 03       		.uleb128 0x3
 1696 01ed 0E       		.uleb128 0xe
 1697 01ee 3A       		.uleb128 0x3a
 1698 01ef 0B       		.uleb128 0xb
ARM GAS  /tmp/ccfmYDBc.s 			page 31


 1699 01f0 3B       		.uleb128 0x3b
 1700 01f1 05       		.uleb128 0x5
 1701 01f2 27       		.uleb128 0x27
 1702 01f3 0C       		.uleb128 0xc
 1703 01f4 3C       		.uleb128 0x3c
 1704 01f5 0C       		.uleb128 0xc
 1705 01f6 01       		.uleb128 0x1
 1706 01f7 13       		.uleb128 0x13
 1707 01f8 00       		.byte	0
 1708 01f9 00       		.byte	0
 1709 01fa 26       		.uleb128 0x26
 1710 01fb 2E       		.uleb128 0x2e
 1711 01fc 01       		.byte	0x1
 1712 01fd 3F       		.uleb128 0x3f
 1713 01fe 0C       		.uleb128 0xc
 1714 01ff 03       		.uleb128 0x3
 1715 0200 0E       		.uleb128 0xe
 1716 0201 3A       		.uleb128 0x3a
 1717 0202 0B       		.uleb128 0xb
 1718 0203 3B       		.uleb128 0x3b
 1719 0204 05       		.uleb128 0x5
 1720 0205 27       		.uleb128 0x27
 1721 0206 0C       		.uleb128 0xc
 1722 0207 49       		.uleb128 0x49
 1723 0208 13       		.uleb128 0x13
 1724 0209 3C       		.uleb128 0x3c
 1725 020a 0C       		.uleb128 0xc
 1726 020b 01       		.uleb128 0x1
 1727 020c 13       		.uleb128 0x13
 1728 020d 00       		.byte	0
 1729 020e 00       		.byte	0
 1730 020f 27       		.uleb128 0x27
 1731 0210 2E       		.uleb128 0x2e
 1732 0211 00       		.byte	0
 1733 0212 3F       		.uleb128 0x3f
 1734 0213 0C       		.uleb128 0xc
 1735 0214 03       		.uleb128 0x3
 1736 0215 0E       		.uleb128 0xe
 1737 0216 3A       		.uleb128 0x3a
 1738 0217 0B       		.uleb128 0xb
 1739 0218 3B       		.uleb128 0x3b
 1740 0219 0B       		.uleb128 0xb
 1741 021a 27       		.uleb128 0x27
 1742 021b 0C       		.uleb128 0xc
 1743 021c 3C       		.uleb128 0x3c
 1744 021d 0C       		.uleb128 0xc
 1745 021e 00       		.byte	0
 1746 021f 00       		.byte	0
 1747 0220 00       		.byte	0
 1748              		.section	.debug_loc,"",%progbits
 1749              	.Ldebug_loc0:
 1750              	.LLST0:
 1751 0000 00000000 		.4byte	.LFB118
 1752 0004 08000000 		.4byte	.LCFI0
 1753 0008 0200     		.2byte	0x2
 1754 000a 7D       		.byte	0x7d
 1755 000b 00       		.sleb128 0
ARM GAS  /tmp/ccfmYDBc.s 			page 32


 1756 000c 08000000 		.4byte	.LCFI0
 1757 0010 38000000 		.4byte	.LFE118
 1758 0014 0200     		.2byte	0x2
 1759 0016 7D       		.byte	0x7d
 1760 0017 10       		.sleb128 16
 1761 0018 00000000 		.4byte	0
 1762 001c 00000000 		.4byte	0
 1763              	.LLST1:
 1764 0020 00000000 		.4byte	.LVL0
 1765 0024 06000000 		.4byte	.LVL1
 1766 0028 0100     		.2byte	0x1
 1767 002a 50       		.byte	0x50
 1768 002b 06000000 		.4byte	.LVL1
 1769 002f 38000000 		.4byte	.LFE118
 1770 0033 0400     		.2byte	0x4
 1771 0035 F3       		.byte	0xf3
 1772 0036 01       		.uleb128 0x1
 1773 0037 50       		.byte	0x50
 1774 0038 9F       		.byte	0x9f
 1775 0039 00000000 		.4byte	0
 1776 003d 00000000 		.4byte	0
 1777              	.LLST2:
 1778 0041 00000000 		.4byte	.LFB120
 1779 0045 02000000 		.4byte	.LCFI1
 1780 0049 0200     		.2byte	0x2
 1781 004b 7D       		.byte	0x7d
 1782 004c 00       		.sleb128 0
 1783 004d 02000000 		.4byte	.LCFI1
 1784 0051 04000000 		.4byte	.LCFI2
 1785 0055 0200     		.2byte	0x2
 1786 0057 7D       		.byte	0x7d
 1787 0058 04       		.sleb128 4
 1788 0059 04000000 		.4byte	.LCFI2
 1789 005d 26000000 		.4byte	.LFE120
 1790 0061 0200     		.2byte	0x2
 1791 0063 7D       		.byte	0x7d
 1792 0064 10       		.sleb128 16
 1793 0065 00000000 		.4byte	0
 1794 0069 00000000 		.4byte	0
 1795              	.LLST3:
 1796 006d 00000000 		.4byte	.LFB121
 1797 0071 02000000 		.4byte	.LCFI3
 1798 0075 0200     		.2byte	0x2
 1799 0077 7D       		.byte	0x7d
 1800 0078 00       		.sleb128 0
 1801 0079 02000000 		.4byte	.LCFI3
 1802 007d 26000000 		.4byte	.LFE121
 1803 0081 0200     		.2byte	0x2
 1804 0083 7D       		.byte	0x7d
 1805 0084 10       		.sleb128 16
 1806 0085 00000000 		.4byte	0
 1807 0089 00000000 		.4byte	0
 1808              	.LLST4:
 1809 008d 00000000 		.4byte	.LFB119
 1810 0091 02000000 		.4byte	.LCFI4
 1811 0095 0200     		.2byte	0x2
 1812 0097 7D       		.byte	0x7d
ARM GAS  /tmp/ccfmYDBc.s 			page 33


 1813 0098 00       		.sleb128 0
 1814 0099 02000000 		.4byte	.LCFI4
 1815 009d 14000000 		.4byte	.LFE119
 1816 00a1 0200     		.2byte	0x2
 1817 00a3 7D       		.byte	0x7d
 1818 00a4 08       		.sleb128 8
 1819 00a5 00000000 		.4byte	0
 1820 00a9 00000000 		.4byte	0
 1821              		.section	.debug_aranges,"",%progbits
 1822 0000 34000000 		.4byte	0x34
 1823 0004 0200     		.2byte	0x2
 1824 0006 00000000 		.4byte	.Ldebug_info0
 1825 000a 04       		.byte	0x4
 1826 000b 00       		.byte	0
 1827 000c 0000     		.2byte	0
 1828 000e 0000     		.2byte	0
 1829 0010 00000000 		.4byte	.LFB118
 1830 0014 38000000 		.4byte	.LFE118-.LFB118
 1831 0018 00000000 		.4byte	.LFB120
 1832 001c 26000000 		.4byte	.LFE120-.LFB120
 1833 0020 00000000 		.4byte	.LFB121
 1834 0024 26000000 		.4byte	.LFE121-.LFB121
 1835 0028 00000000 		.4byte	.LFB119
 1836 002c 14000000 		.4byte	.LFE119-.LFB119
 1837 0030 00000000 		.4byte	0
 1838 0034 00000000 		.4byte	0
 1839              		.section	.debug_ranges,"",%progbits
 1840              	.Ldebug_ranges0:
 1841 0000 00000000 		.4byte	.LFB118
 1842 0004 38000000 		.4byte	.LFE118
 1843 0008 00000000 		.4byte	.LFB120
 1844 000c 26000000 		.4byte	.LFE120
 1845 0010 00000000 		.4byte	.LFB121
 1846 0014 26000000 		.4byte	.LFE121
 1847 0018 00000000 		.4byte	.LFB119
 1848 001c 14000000 		.4byte	.LFE119
 1849 0020 00000000 		.4byte	0
 1850 0024 00000000 		.4byte	0
 1851              		.section	.debug_line,"",%progbits
 1852              	.Ldebug_line0:
 1853 0000 51020000 		.section	.debug_str,"MS",%progbits,1
 1853      0200DC01 
 1853      00000201 
 1853      FB0E0D00 
 1853      01010101 
 1854              	.LASF77:
 1855 0000 4750494F 		.ascii	"GPIO_TypeDef\000"
 1855      5F547970 
 1855      65446566 
 1855      00
 1856              	.LASF18:
 1857 000d 74726566 		.ascii	"trefs_t\000"
 1857      735F7400 
 1858              	.LASF68:
 1859 0015 636C6561 		.ascii	"clear\000"
 1859      7200
 1860              	.LASF92:
ARM GAS  /tmp/ccfmYDBc.s 			page 34


 1861 001b 63685468 		.ascii	"chThdCreateStatic\000"
 1861      64437265 
 1861      61746553 
 1861      74617469 
 1861      6300
 1862              	.LASF13:
 1863 002d 75696E74 		.ascii	"uint64_t\000"
 1863      36345F74 
 1863      00
 1864              	.LASF45:
 1865 0036 54687265 		.ascii	"ThreadsList\000"
 1865      6164734C 
 1865      69737400 
 1866              	.LASF5:
 1867 0042 73686F72 		.ascii	"short int\000"
 1867      7420696E 
 1867      7400
 1868              	.LASF2:
 1869 004c 73697A65 		.ascii	"size_t\000"
 1869      5F7400
 1870              	.LASF51:
 1871 0053 725F7175 		.ascii	"r_queue\000"
 1871      65756500 
 1872              	.LASF61:
 1873 005b 6D5F6E65 		.ascii	"m_next\000"
 1873      787400
 1874              	.LASF50:
 1875 0062 73697A65 		.ascii	"sizetype\000"
 1875      74797065 
 1875      00
 1876              	.LASF57:
 1877 006b 52656164 		.ascii	"ReadyList\000"
 1877      794C6973 
 1877      7400
 1878              	.LASF26:
 1879 0075 705F7072 		.ascii	"p_prev\000"
 1879      657600
 1880              	.LASF53:
 1881 007c 725F6374 		.ascii	"r_ctx\000"
 1881      7800
 1882              	.LASF83:
 1883 0082 63685468 		.ascii	"chThdSleep\000"
 1883      64536C65 
 1883      657000
 1884              	.LASF90:
 1885 008d 6D61696E 		.ascii	"main\000"
 1885      00
 1886              	.LASF22:
 1887 0092 6576656E 		.ascii	"eventmask_t\000"
 1887      746D6173 
 1887      6B5F7400 
 1888              	.LASF38:
 1889 009e 705F6D73 		.ascii	"p_msgqueue\000"
 1889      67717565 
 1889      756500
 1890              	.LASF27:
 1891 00a9 705F7072 		.ascii	"p_prio\000"
ARM GAS  /tmp/ccfmYDBc.s 			page 35


 1891      696F00
 1892              	.LASF25:
 1893 00b0 705F6E65 		.ascii	"p_next\000"
 1893      787400
 1894              	.LASF73:
 1895 00b7 42535252 		.ascii	"BSRR\000"
 1895      00
 1896              	.LASF40:
 1897 00bc 705F6570 		.ascii	"p_epending\000"
 1897      656E6469 
 1897      6E6700
 1898              	.LASF46:
 1899 00c7 72656761 		.ascii	"regarm_t\000"
 1899      726D5F74 
 1899      00
 1900              	.LASF3:
 1901 00d0 75696E74 		.ascii	"uint8_t\000"
 1901      385F7400 
 1902              	.LASF85:
 1903 00d8 63685379 		.ascii	"chSysInit\000"
 1903      73496E69 
 1903      7400
 1904              	.LASF19:
 1905 00e2 74736C69 		.ascii	"tslices_t\000"
 1905      6365735F 
 1905      7400
 1906              	.LASF78:
 1907 00ec 696F706F 		.ascii	"ioportmask_t\000"
 1907      72746D61 
 1907      736B5F74 
 1907      00
 1908              	.LASF69:
 1909 00f9 4D4F4445 		.ascii	"MODER\000"
 1909      5200
 1910              	.LASF36:
 1911 00ff 705F7469 		.ascii	"p_time\000"
 1911      6D6500
 1912              	.LASF70:
 1913 0106 4F545950 		.ascii	"OTYPER\000"
 1913      455200
 1914              	.LASF79:
 1915 010d 73657475 		.ascii	"setup\000"
 1915      7000
 1916              	.LASF16:
 1917 0113 746D6F64 		.ascii	"tmode_t\000"
 1917      655F7400 
 1918              	.LASF12:
 1919 011b 6C6F6E67 		.ascii	"long long int\000"
 1919      206C6F6E 
 1919      6720696E 
 1919      7400
 1920              	.LASF84:
 1921 0129 68616C49 		.ascii	"halInit\000"
 1921      6E697400 
 1922              	.LASF20:
 1923 0131 74707269 		.ascii	"tprio_t\000"
 1923      6F5F7400 
ARM GAS  /tmp/ccfmYDBc.s 			page 36


 1924              	.LASF72:
 1925 0139 50555044 		.ascii	"PUPDR\000"
 1925      5200
 1926              	.LASF39:
 1927 013f 705F6D73 		.ascii	"p_msg\000"
 1927      6700
 1928              	.LASF9:
 1929 0145 6C6F6E67 		.ascii	"long int\000"
 1929      20696E74 
 1929      00
 1930              	.LASF58:
 1931 014e 4D757465 		.ascii	"Mutex\000"
 1931      7800
 1932              	.LASF59:
 1933 0154 6D5F7175 		.ascii	"m_queue\000"
 1933      65756500 
 1934              	.LASF49:
 1935 015c 636F6E74 		.ascii	"context\000"
 1935      65787400 
 1936              	.LASF37:
 1937 0164 705F7761 		.ascii	"p_waiting\000"
 1937      6974696E 
 1937      6700
 1938              	.LASF56:
 1939 016e 725F6375 		.ascii	"r_current\000"
 1939      7272656E 
 1939      7400
 1940              	.LASF86:
 1941 0178 474E5520 		.ascii	"GNU C 4.7.3 20130312 (release) [ARM/embedded-4_7-br"
 1941      4320342E 
 1941      372E3320 
 1941      32303133 
 1941      30333132 
 1942 01ab 616E6368 		.ascii	"anch revision 196615]\000"
 1942      20726576 
 1942      6973696F 
 1942      6E203139 
 1942      36363135 
 1943              	.LASF21:
 1944 01c1 6D73675F 		.ascii	"msg_t\000"
 1944      7400
 1945              	.LASF4:
 1946 01c7 756E7369 		.ascii	"unsigned char\000"
 1946      676E6564 
 1946      20636861 
 1946      7200
 1947              	.LASF65:
 1948 01d5 65776D61 		.ascii	"ewmask\000"
 1948      736B00
 1949              	.LASF1:
 1950 01dc 7369676E 		.ascii	"signed char\000"
 1950      65642063 
 1950      68617200 
 1951              	.LASF29:
 1952 01e8 705F6E65 		.ascii	"p_newer\000"
 1952      77657200 
 1953              	.LASF14:
ARM GAS  /tmp/ccfmYDBc.s 			page 37


 1954 01f0 6C6F6E67 		.ascii	"long long unsigned int\000"
 1954      206C6F6E 
 1954      6720756E 
 1954      7369676E 
 1954      65642069 
 1955              	.LASF10:
 1956 0207 75696E74 		.ascii	"uint32_t\000"
 1956      33325F74 
 1956      00
 1957              	.LASF0:
 1958 0210 756E7369 		.ascii	"unsigned int\000"
 1958      676E6564 
 1958      20696E74 
 1958      00
 1959              	.LASF6:
 1960 021d 75696E74 		.ascii	"uint16_t\000"
 1960      31365F74 
 1960      00
 1961              	.LASF76:
 1962 0226 41465248 		.ascii	"AFRH\000"
 1962      00
 1963              	.LASF43:
 1964 022b 705F6D70 		.ascii	"p_mpool\000"
 1964      6F6F6C00 
 1965              	.LASF75:
 1966 0233 4146524C 		.ascii	"AFRL\000"
 1966      00
 1967              	.LASF54:
 1968 0238 725F6E65 		.ascii	"r_newer\000"
 1968      77657200 
 1969              	.LASF33:
 1970 0240 705F666C 		.ascii	"p_flags\000"
 1970      61677300 
 1971              	.LASF35:
 1972 0248 705F7072 		.ascii	"p_preempt\000"
 1972      65656D70 
 1972      7400
 1973              	.LASF42:
 1974 0252 705F7265 		.ascii	"p_realprio\000"
 1974      616C7072 
 1974      696F00
 1975              	.LASF23:
 1976 025d 73797374 		.ascii	"systime_t\000"
 1976      696D655F 
 1976      7400
 1977              	.LASF81:
 1978 0267 726C6973 		.ascii	"rlist\000"
 1978      7400
 1979              	.LASF66:
 1980 026d 63686172 		.ascii	"char\000"
 1980      00
 1981              	.LASF67:
 1982 0272 7466756E 		.ascii	"tfunc_t\000"
 1982      635F7400 
 1983              	.LASF8:
 1984 027a 696E7433 		.ascii	"int32_t\000"
 1984      325F7400 
ARM GAS  /tmp/ccfmYDBc.s 			page 38


 1985              	.LASF52:
 1986 0282 725F7072 		.ascii	"r_prio\000"
 1986      696F00
 1987              	.LASF32:
 1988 0289 705F7374 		.ascii	"p_state\000"
 1988      61746500 
 1989              	.LASF7:
 1990 0291 73686F72 		.ascii	"short unsigned int\000"
 1990      7420756E 
 1990      7369676E 
 1990      65642069 
 1990      6E7400
 1991              	.LASF44:
 1992 02a4 54687265 		.ascii	"ThreadsQueue\000"
 1992      61647351 
 1992      75657565 
 1992      00
 1993              	.LASF15:
 1994 02b1 5F426F6F 		.ascii	"_Bool\000"
 1994      6C00
 1995              	.LASF89:
 1996 02b7 54687265 		.ascii	"Thread1\000"
 1996      61643100 
 1997              	.LASF88:
 1998 02bf 2F686F6D 		.ascii	"/home/thiago/Sources/STM32/STM32F4-Template\000"
 1998      652F7468 
 1998      6961676F 
 1998      2F536F75 
 1998      72636573 
 1999              	.LASF41:
 2000 02eb 705F6D74 		.ascii	"p_mtxlist\000"
 2000      786C6973 
 2000      7400
 2001              	.LASF31:
 2002 02f5 705F6E61 		.ascii	"p_name\000"
 2002      6D6500
 2003              	.LASF48:
 2004 02fc 696E7463 		.ascii	"intctx\000"
 2004      747800
 2005              	.LASF71:
 2006 0303 4F535045 		.ascii	"OSPEEDR\000"
 2006      45445200 
 2007              	.LASF11:
 2008 030b 6C6F6E67 		.ascii	"long unsigned int\000"
 2008      20756E73 
 2008      69676E65 
 2008      6420696E 
 2008      7400
 2009              	.LASF24:
 2010 031d 54687265 		.ascii	"Thread\000"
 2010      616400
 2011              	.LASF64:
 2012 0324 77746F62 		.ascii	"wtobjp\000"
 2012      6A7000
 2013              	.LASF17:
 2014 032b 74737461 		.ascii	"tstate_t\000"
 2014      74655F74 
ARM GAS  /tmp/ccfmYDBc.s 			page 39


 2014      00
 2015              	.LASF47:
 2016 0334 73746B61 		.ascii	"stkalign_t\000"
 2016      6C69676E 
 2016      5F7400
 2017              	.LASF63:
 2018 033f 65786974 		.ascii	"exitcode\000"
 2018      636F6465 
 2018      00
 2019              	.LASF30:
 2020 0348 705F6F6C 		.ascii	"p_older\000"
 2020      64657200 
 2021              	.LASF80:
 2022 0350 6C6F6F70 		.ascii	"loop\000"
 2022      00
 2023              	.LASF34:
 2024 0355 705F7265 		.ascii	"p_refs\000"
 2024      667300
 2025              	.LASF28:
 2026 035c 705F6374 		.ascii	"p_ctx\000"
 2026      7800
 2027              	.LASF82:
 2028 0362 49544D5F 		.ascii	"ITM_RxBuffer\000"
 2028      52784275 
 2028      66666572 
 2028      00
 2029              	.LASF60:
 2030 036f 6D5F6F77 		.ascii	"m_owner\000"
 2030      6E657200 
 2031              	.LASF74:
 2032 0377 4C434B52 		.ascii	"LCKR\000"
 2032      00
 2033              	.LASF62:
 2034 037c 7264796D 		.ascii	"rdymsg\000"
 2034      736700
 2035              	.LASF87:
 2036 0383 7372632F 		.ascii	"src/main.c\000"
 2036      6D61696E 
 2036      2E6300
 2037              	.LASF55:
 2038 038e 725F6F6C 		.ascii	"r_older\000"
 2038      64657200 
 2039              	.LASF91:
 2040 0396 77615468 		.ascii	"waThread1\000"
 2040      72656164 
 2040      3100
 2041              		.ident	"GCC: (GNU Tools for ARM Embedded Processors) 4.7.3 20130312 (release) [ARM/embedded-4_7-br
ARM GAS  /tmp/ccfmYDBc.s 			page 40


DEFINED SYMBOLS
                            *ABS*:0000000000000000 main.c
     /tmp/ccfmYDBc.s:19     .text.Thread1:0000000000000000 $t
     /tmp/ccfmYDBc.s:24     .text.Thread1:0000000000000000 Thread1
     /tmp/ccfmYDBc.s:70     .text.Thread1:0000000000000030 $d
     /tmp/ccfmYDBc.s:76     .text.setup:0000000000000000 $t
     /tmp/ccfmYDBc.s:82     .text.setup:0000000000000000 setup
     /tmp/ccfmYDBc.s:195    .bss.waThread1:0000000000000000 .LANCHOR0
     /tmp/ccfmYDBc.s:113    .text.loop:0000000000000000 $t
     /tmp/ccfmYDBc.s:119    .text.loop:0000000000000000 loop
     /tmp/ccfmYDBc.s:156    .text.startup.main:0000000000000000 $t
     /tmp/ccfmYDBc.s:162    .text.startup.main:0000000000000000 main
     /tmp/ccfmYDBc.s:194    .bss.waThread1:0000000000000000 $d
     /tmp/ccfmYDBc.s:198    .bss.waThread1:0000000000000000 waThread1
     /tmp/ccfmYDBc.s:201    .rodata.str1.4:0000000000000000 $d
                     .debug_frame:0000000000000010 $d
     /tmp/ccfmYDBc.s:75     .text.Thread1:0000000000000038 $t

UNDEFINED SYMBOLS
chThdSleep
rlist
chThdCreateStatic
halInit
chSysInit
